This file contains any messages produced by compilers while
running configure, to aid debugging if configure makes a mistake.

It was created by libltdl configure 2.4.2, which was
generated by GNU Autoconf 2.69.  Invocation command line was

  $ ./configure --prefix=/home/uriel/mpiELFs --enable-heterogeneous --enable-mpi-ext=XCLFrame --with-devel-headers --disable-vt --enable-ltdl-convenience --disable-ltdl-install --enable-shared --disable-static --cache-file=/dev/null --srcdir=. --disable-option-checking

## --------- ##
## Platform. ##
## --------- ##

hostname = localhost.localdomain
uname -m = x86_64
uname -r = 3.14.27-100.fc19.x86_64
uname -s = Linux
uname -v = #1 SMP Wed Dec 17 19:36:34 UTC 2014

/usr/bin/uname -p = x86_64
/bin/uname -X     = unknown

/bin/arch              = x86_64
/usr/bin/arch -k       = unknown
/usr/convex/getsysinfo = unknown
/usr/bin/hostinfo      = unknown
/bin/machine           = unknown
/usr/bin/oslevel       = unknown
/bin/universe          = unknown

PATH: /usr/local/bin
PATH: /usr/bin
PATH: /bin
PATH: /usr/games
PATH: /usr/local/sbin
PATH: /usr/sbin
PATH: /usr/local/eclipse/eclipse
PATH: /usr/local/java/jre1.7.0_45/bin
PATH: /home/uriel/Dev/mpiDevel/bin
PATH: /home/uriel/.local/bin
PATH: /home/uriel/bin
PATH: /usr/local/eclipse/eclipse
PATH: /usr/local/java/jre1.7.0_45/bin
PATH: /home/uriel/Dev/mpiDevel/bin


## ----------- ##
## Core tests. ##
## ----------- ##

configure:2282: checking for a BSD-compatible install
configure:2350: result: /usr/bin/install -c
configure:2361: checking whether build environment is sane
configure:2411: result: yes
configure:2552: checking for a thread-safe mkdir -p
configure:2591: result: /usr/bin/mkdir -p
configure:2604: checking for gawk
configure:2620: found /usr/bin/gawk
configure:2631: result: gawk
configure:2642: checking whether make sets $(MAKE)
configure:2664: result: yes
configure:2784: checking build system type
configure:2798: result: x86_64-unknown-linux-gnu
configure:2818: checking host system type
configure:2831: result: x86_64-unknown-linux-gnu
configure:2872: checking how to print strings
configure:2899: result: printf
configure:2932: checking for style of include used by make
configure:2960: result: GNU
configure:3030: checking for gcc
configure:3046: found /usr/bin/gcc
configure:3057: result: gcc
configure:3286: checking for C compiler version
configure:3295: gcc --version >&5
gcc (GCC) 4.8.3 20140911 (Red Hat 4.8.3-7)
Copyright (C) 2013 Free Software Foundation, Inc.
This is free software; see the source for copying conditions.  There is NO
warranty; not even for MERCHANTABILITY or FITNESS FOR A PARTICULAR PURPOSE.

configure:3306: $? = 0
configure:3295: gcc -v >&5
Using built-in specs.
COLLECT_GCC=gcc
COLLECT_LTO_WRAPPER=/usr/libexec/gcc/x86_64-redhat-linux/4.8.3/lto-wrapper
Target: x86_64-redhat-linux
Configured with: ../configure --prefix=/usr --mandir=/usr/share/man --infodir=/usr/share/info --with-bugurl=http://bugzilla.redhat.com/bugzilla --enable-bootstrap --enable-shared --enable-threads=posix --enable-checking=release --with-system-zlib --enable-__cxa_atexit --disable-libunwind-exceptions --enable-gnu-unique-object --enable-linker-build-id --with-linker-hash-style=gnu --enable-languages=c,c++,objc,obj-c++,java,fortran,ada,go,lto --enable-plugin --enable-initfini-array --enable-java-awt=gtk --disable-dssi --with-java-home=/usr/lib/jvm/java-1.5.0-gcj-1.5.0.0/jre --enable-libgcj-multifile --enable-java-maintainer-mode --with-ecj-jar=/usr/share/java/eclipse-ecj.jar --disable-libjava-multilib --with-isl=/builddir/build/BUILD/gcc-4.8.3-20140911/obj-x86_64-redhat-linux/isl-install --with-cloog=/builddir/build/BUILD/gcc-4.8.3-20140911/obj-x86_64-redhat-linux/cloog-install --with-tune=generic --with-arch_32=i686 --build=x86_64-redhat-linux
Thread model: posix
gcc version 4.8.3 20140911 (Red Hat 4.8.3-7) (GCC) 
configure:3306: $? = 0
configure:3295: gcc -V >&5
gcc: error: unrecognized command line option '-V'
gcc: fatal error: no input files
compilation terminated.
configure:3306: $? = 4
configure:3295: gcc -qversion >&5
gcc: error: unrecognized command line option '-qversion'
gcc: fatal error: no input files
compilation terminated.
configure:3306: $? = 4
configure:3326: checking whether the C compiler works
configure:3348: gcc -O3 -DNDEBUG  -fvisibility=hidden   -I/home/uriel/Dev/mpisrc/XSCALAMPI/opal/mca/hwloc/hwloc172/hwloc/include -I/home/uriel/Dev/mpisrc/XSCALAMPI/opal/mca/event/libevent2021/libevent -I/home/uriel/Dev/mpisrc/XSCALAMPI/opal/mca/event/libevent2021/libevent/include   conftest.c -lrt -lm -lutil   >&5
configure:3352: $? = 0
configure:3400: result: yes
configure:3403: checking for C compiler default output file name
configure:3405: result: a.out
configure:3411: checking for suffix of executables
configure:3418: gcc -o conftest -O3 -DNDEBUG  -fvisibility=hidden   -I/home/uriel/Dev/mpisrc/XSCALAMPI/opal/mca/hwloc/hwloc172/hwloc/include -I/home/uriel/Dev/mpisrc/XSCALAMPI/opal/mca/event/libevent2021/libevent -I/home/uriel/Dev/mpisrc/XSCALAMPI/opal/mca/event/libevent2021/libevent/include   conftest.c -lrt -lm -lutil   >&5
configure:3422: $? = 0
configure:3444: result: 
configure:3466: checking whether we are cross compiling
configure:3474: gcc -o conftest -O3 -DNDEBUG  -fvisibility=hidden   -I/home/uriel/Dev/mpisrc/XSCALAMPI/opal/mca/hwloc/hwloc172/hwloc/include -I/home/uriel/Dev/mpisrc/XSCALAMPI/opal/mca/event/libevent2021/libevent -I/home/uriel/Dev/mpisrc/XSCALAMPI/opal/mca/event/libevent2021/libevent/include   conftest.c -lrt -lm -lutil   >&5
configure:3478: $? = 0
configure:3485: ./conftest
configure:3489: $? = 0
configure:3504: result: no
configure:3509: checking for suffix of object files
configure:3531: gcc -c -O3 -DNDEBUG  -fvisibility=hidden   -I/home/uriel/Dev/mpisrc/XSCALAMPI/opal/mca/hwloc/hwloc172/hwloc/include -I/home/uriel/Dev/mpisrc/XSCALAMPI/opal/mca/event/libevent2021/libevent -I/home/uriel/Dev/mpisrc/XSCALAMPI/opal/mca/event/libevent2021/libevent/include conftest.c >&5
configure:3535: $? = 0
configure:3556: result: o
configure:3560: checking whether we are using the GNU C compiler
configure:3579: gcc -c -O3 -DNDEBUG  -fvisibility=hidden   -I/home/uriel/Dev/mpisrc/XSCALAMPI/opal/mca/hwloc/hwloc172/hwloc/include -I/home/uriel/Dev/mpisrc/XSCALAMPI/opal/mca/event/libevent2021/libevent -I/home/uriel/Dev/mpisrc/XSCALAMPI/opal/mca/event/libevent2021/libevent/include conftest.c >&5
configure:3579: $? = 0
configure:3588: result: yes
configure:3597: checking whether gcc accepts -g
configure:3617: gcc -c -g   -I/home/uriel/Dev/mpisrc/XSCALAMPI/opal/mca/hwloc/hwloc172/hwloc/include -I/home/uriel/Dev/mpisrc/XSCALAMPI/opal/mca/event/libevent2021/libevent -I/home/uriel/Dev/mpisrc/XSCALAMPI/opal/mca/event/libevent2021/libevent/include conftest.c >&5
configure:3617: $? = 0
configure:3658: result: yes
configure:3675: checking for gcc option to accept ISO C89
configure:3738: gcc  -c -O3 -DNDEBUG  -fvisibility=hidden   -I/home/uriel/Dev/mpisrc/XSCALAMPI/opal/mca/hwloc/hwloc172/hwloc/include -I/home/uriel/Dev/mpisrc/XSCALAMPI/opal/mca/event/libevent2021/libevent -I/home/uriel/Dev/mpisrc/XSCALAMPI/opal/mca/event/libevent2021/libevent/include conftest.c >&5
configure:3738: $? = 0
configure:3751: result: none needed
configure:3773: checking dependency style of gcc
configure:3883: result: gcc3
configure:3898: checking for a sed that does not truncate output
configure:3962: result: /usr/bin/sed
configure:3980: checking for grep that handles long lines and -e
configure:4038: result: /usr/bin/grep
configure:4043: checking for egrep
configure:4105: result: /usr/bin/grep -E
configure:4110: checking for fgrep
configure:4172: result: /usr/bin/grep -F
configure:4207: checking for ld used by gcc
configure:4274: result: /usr/bin/ld
configure:4281: checking if the linker (/usr/bin/ld) is GNU ld
configure:4296: result: yes
configure:4308: checking for BSD- or MS-compatible name lister (nm)
configure:4357: result: /usr/bin/nm -B
configure:4487: checking the name lister (/usr/bin/nm -B) interface
configure:4494: gcc -c -O3 -DNDEBUG  -fvisibility=hidden   -I/home/uriel/Dev/mpisrc/XSCALAMPI/opal/mca/hwloc/hwloc172/hwloc/include -I/home/uriel/Dev/mpisrc/XSCALAMPI/opal/mca/event/libevent2021/libevent -I/home/uriel/Dev/mpisrc/XSCALAMPI/opal/mca/event/libevent2021/libevent/include conftest.c >&5
configure:4497: /usr/bin/nm -B "conftest.o"
configure:4500: output
0000000000000000 B some_variable
configure:4507: result: BSD nm
configure:4510: checking whether ln -s works
configure:4514: result: yes
configure:4522: checking the maximum length of command line arguments
configure:4652: result: 1572864
configure:4669: checking whether the shell understands some XSI constructs
configure:4679: result: yes
configure:4683: checking whether the shell understands "+="
configure:4689: result: yes
configure:4724: checking how to convert x86_64-unknown-linux-gnu file names to x86_64-unknown-linux-gnu format
configure:4764: result: func_convert_file_noop
configure:4771: checking how to convert x86_64-unknown-linux-gnu file names to toolchain format
configure:4791: result: func_convert_file_noop
configure:4798: checking for /usr/bin/ld option to reload object files
configure:4805: result: -r
configure:4879: checking for objdump
configure:4895: found /usr/bin/objdump
configure:4906: result: objdump
configure:4935: checking how to recognize dependent libraries
configure:5137: result: pass_all
configure:5222: checking for dlltool
configure:5252: result: no
configure:5279: checking how to associate runtime and link libraries
configure:5306: result: printf %s\n
configure:5367: checking for ar
configure:5383: found /usr/bin/ar
configure:5394: result: ar
configure:5431: checking for archiver @FILE support
configure:5448: gcc -c -O3 -DNDEBUG  -fvisibility=hidden   -I/home/uriel/Dev/mpisrc/XSCALAMPI/opal/mca/hwloc/hwloc172/hwloc/include -I/home/uriel/Dev/mpisrc/XSCALAMPI/opal/mca/event/libevent2021/libevent -I/home/uriel/Dev/mpisrc/XSCALAMPI/opal/mca/event/libevent2021/libevent/include conftest.c >&5
configure:5448: $? = 0
configure:5451: ar cru libconftest.a @conftest.lst >&5
configure:5454: $? = 0
configure:5459: ar cru libconftest.a @conftest.lst >&5
ar: conftest.o: No such file or directory
configure:5462: $? = 1
configure:5474: result: @
configure:5532: checking for strip
configure:5548: found /usr/bin/strip
configure:5559: result: strip
configure:5631: checking for ranlib
configure:5647: found /usr/bin/ranlib
configure:5658: result: ranlib
configure:5760: checking command to parse /usr/bin/nm -B output from gcc object
configure:5880: gcc -c -O3 -DNDEBUG  -fvisibility=hidden   -I/home/uriel/Dev/mpisrc/XSCALAMPI/opal/mca/hwloc/hwloc172/hwloc/include -I/home/uriel/Dev/mpisrc/XSCALAMPI/opal/mca/event/libevent2021/libevent -I/home/uriel/Dev/mpisrc/XSCALAMPI/opal/mca/event/libevent2021/libevent/include conftest.c >&5
configure:5883: $? = 0
configure:5887: /usr/bin/nm -B conftest.o \| sed -n -e 's/^.*[ ]\([ABCDGIRSTW][ABCDGIRSTW]*\)[ ][ ]*\([_A-Za-z][_A-Za-z0-9]*\)$/\1 \2 \2/p' | sed '/ __gnu_lto/d' \> conftest.nm
configure:5890: $? = 0
configure:5956: gcc -o conftest -O3 -DNDEBUG  -fvisibility=hidden   -I/home/uriel/Dev/mpisrc/XSCALAMPI/opal/mca/hwloc/hwloc172/hwloc/include -I/home/uriel/Dev/mpisrc/XSCALAMPI/opal/mca/event/libevent2021/libevent -I/home/uriel/Dev/mpisrc/XSCALAMPI/opal/mca/event/libevent2021/libevent/include   conftest.c conftstm.o >&5
configure:5959: $? = 0
configure:5997: result: ok
configure:6034: checking for sysroot
configure:6064: result: no
configure:6141: gcc -c -O3 -DNDEBUG  -fvisibility=hidden   -I/home/uriel/Dev/mpisrc/XSCALAMPI/opal/mca/hwloc/hwloc172/hwloc/include -I/home/uriel/Dev/mpisrc/XSCALAMPI/opal/mca/event/libevent2021/libevent -I/home/uriel/Dev/mpisrc/XSCALAMPI/opal/mca/event/libevent2021/libevent/include conftest.c >&5
configure:6144: $? = 0
configure:6326: checking for mt
configure:6356: result: no
configure:6376: checking if : is a manifest tool
configure:6382: : '-?'
configure:6390: result: no
configure:7032: checking how to run the C preprocessor
configure:7063: gcc -E   -I/home/uriel/Dev/mpisrc/XSCALAMPI/opal/mca/hwloc/hwloc172/hwloc/include -I/home/uriel/Dev/mpisrc/XSCALAMPI/opal/mca/event/libevent2021/libevent -I/home/uriel/Dev/mpisrc/XSCALAMPI/opal/mca/event/libevent2021/libevent/include conftest.c
configure:7063: $? = 0
configure:7077: gcc -E   -I/home/uriel/Dev/mpisrc/XSCALAMPI/opal/mca/hwloc/hwloc172/hwloc/include -I/home/uriel/Dev/mpisrc/XSCALAMPI/opal/mca/event/libevent2021/libevent -I/home/uriel/Dev/mpisrc/XSCALAMPI/opal/mca/event/libevent2021/libevent/include conftest.c
conftest.c:11:28: fatal error: ac_nonexistent.h: No such file or directory
 #include <ac_nonexistent.h>
                            ^
compilation terminated.
configure:7077: $? = 1
configure: failed program was:
| /* confdefs.h */
| #define PACKAGE_NAME "libltdl"
| #define PACKAGE_TARNAME "libltdl"
| #define PACKAGE_VERSION "2.4.2"
| #define PACKAGE_STRING "libltdl 2.4.2"
| #define PACKAGE_BUGREPORT "bug-libtool@gnu.org"
| #define PACKAGE_URL ""
| #define PACKAGE "libltdl"
| #define VERSION "2.4.2"
| /* end confdefs.h.  */
| #include <ac_nonexistent.h>
configure:7102: result: gcc -E
configure:7122: gcc -E   -I/home/uriel/Dev/mpisrc/XSCALAMPI/opal/mca/hwloc/hwloc172/hwloc/include -I/home/uriel/Dev/mpisrc/XSCALAMPI/opal/mca/event/libevent2021/libevent -I/home/uriel/Dev/mpisrc/XSCALAMPI/opal/mca/event/libevent2021/libevent/include conftest.c
configure:7122: $? = 0
configure:7136: gcc -E   -I/home/uriel/Dev/mpisrc/XSCALAMPI/opal/mca/hwloc/hwloc172/hwloc/include -I/home/uriel/Dev/mpisrc/XSCALAMPI/opal/mca/event/libevent2021/libevent -I/home/uriel/Dev/mpisrc/XSCALAMPI/opal/mca/event/libevent2021/libevent/include conftest.c
conftest.c:11:28: fatal error: ac_nonexistent.h: No such file or directory
 #include <ac_nonexistent.h>
                            ^
compilation terminated.
configure:7136: $? = 1
configure: failed program was:
| /* confdefs.h */
| #define PACKAGE_NAME "libltdl"
| #define PACKAGE_TARNAME "libltdl"
| #define PACKAGE_VERSION "2.4.2"
| #define PACKAGE_STRING "libltdl 2.4.2"
| #define PACKAGE_BUGREPORT "bug-libtool@gnu.org"
| #define PACKAGE_URL ""
| #define PACKAGE "libltdl"
| #define VERSION "2.4.2"
| /* end confdefs.h.  */
| #include <ac_nonexistent.h>
configure:7165: checking for ANSI C header files
configure:7185: gcc -c -O3 -DNDEBUG  -fvisibility=hidden   -I/home/uriel/Dev/mpisrc/XSCALAMPI/opal/mca/hwloc/hwloc172/hwloc/include -I/home/uriel/Dev/mpisrc/XSCALAMPI/opal/mca/event/libevent2021/libevent -I/home/uriel/Dev/mpisrc/XSCALAMPI/opal/mca/event/libevent2021/libevent/include conftest.c >&5
configure:7185: $? = 0
configure:7258: gcc -o conftest -O3 -DNDEBUG  -fvisibility=hidden   -I/home/uriel/Dev/mpisrc/XSCALAMPI/opal/mca/hwloc/hwloc172/hwloc/include -I/home/uriel/Dev/mpisrc/XSCALAMPI/opal/mca/event/libevent2021/libevent -I/home/uriel/Dev/mpisrc/XSCALAMPI/opal/mca/event/libevent2021/libevent/include   conftest.c -lrt -lm -lutil   >&5
configure:7258: $? = 0
configure:7258: ./conftest
configure:7258: $? = 0
configure:7269: result: yes
configure:7282: checking for sys/types.h
configure:7282: gcc -c -O3 -DNDEBUG  -fvisibility=hidden   -I/home/uriel/Dev/mpisrc/XSCALAMPI/opal/mca/hwloc/hwloc172/hwloc/include -I/home/uriel/Dev/mpisrc/XSCALAMPI/opal/mca/event/libevent2021/libevent -I/home/uriel/Dev/mpisrc/XSCALAMPI/opal/mca/event/libevent2021/libevent/include conftest.c >&5
configure:7282: $? = 0
configure:7282: result: yes
configure:7282: checking for sys/stat.h
configure:7282: gcc -c -O3 -DNDEBUG  -fvisibility=hidden   -I/home/uriel/Dev/mpisrc/XSCALAMPI/opal/mca/hwloc/hwloc172/hwloc/include -I/home/uriel/Dev/mpisrc/XSCALAMPI/opal/mca/event/libevent2021/libevent -I/home/uriel/Dev/mpisrc/XSCALAMPI/opal/mca/event/libevent2021/libevent/include conftest.c >&5
configure:7282: $? = 0
configure:7282: result: yes
configure:7282: checking for stdlib.h
configure:7282: gcc -c -O3 -DNDEBUG  -fvisibility=hidden   -I/home/uriel/Dev/mpisrc/XSCALAMPI/opal/mca/hwloc/hwloc172/hwloc/include -I/home/uriel/Dev/mpisrc/XSCALAMPI/opal/mca/event/libevent2021/libevent -I/home/uriel/Dev/mpisrc/XSCALAMPI/opal/mca/event/libevent2021/libevent/include conftest.c >&5
configure:7282: $? = 0
configure:7282: result: yes
configure:7282: checking for string.h
configure:7282: gcc -c -O3 -DNDEBUG  -fvisibility=hidden   -I/home/uriel/Dev/mpisrc/XSCALAMPI/opal/mca/hwloc/hwloc172/hwloc/include -I/home/uriel/Dev/mpisrc/XSCALAMPI/opal/mca/event/libevent2021/libevent -I/home/uriel/Dev/mpisrc/XSCALAMPI/opal/mca/event/libevent2021/libevent/include conftest.c >&5
configure:7282: $? = 0
configure:7282: result: yes
configure:7282: checking for memory.h
configure:7282: gcc -c -O3 -DNDEBUG  -fvisibility=hidden   -I/home/uriel/Dev/mpisrc/XSCALAMPI/opal/mca/hwloc/hwloc172/hwloc/include -I/home/uriel/Dev/mpisrc/XSCALAMPI/opal/mca/event/libevent2021/libevent -I/home/uriel/Dev/mpisrc/XSCALAMPI/opal/mca/event/libevent2021/libevent/include conftest.c >&5
configure:7282: $? = 0
configure:7282: result: yes
configure:7282: checking for strings.h
configure:7282: gcc -c -O3 -DNDEBUG  -fvisibility=hidden   -I/home/uriel/Dev/mpisrc/XSCALAMPI/opal/mca/hwloc/hwloc172/hwloc/include -I/home/uriel/Dev/mpisrc/XSCALAMPI/opal/mca/event/libevent2021/libevent -I/home/uriel/Dev/mpisrc/XSCALAMPI/opal/mca/event/libevent2021/libevent/include conftest.c >&5
configure:7282: $? = 0
configure:7282: result: yes
configure:7282: checking for inttypes.h
configure:7282: gcc -c -O3 -DNDEBUG  -fvisibility=hidden   -I/home/uriel/Dev/mpisrc/XSCALAMPI/opal/mca/hwloc/hwloc172/hwloc/include -I/home/uriel/Dev/mpisrc/XSCALAMPI/opal/mca/event/libevent2021/libevent -I/home/uriel/Dev/mpisrc/XSCALAMPI/opal/mca/event/libevent2021/libevent/include conftest.c >&5
configure:7282: $? = 0
configure:7282: result: yes
configure:7282: checking for stdint.h
configure:7282: gcc -c -O3 -DNDEBUG  -fvisibility=hidden   -I/home/uriel/Dev/mpisrc/XSCALAMPI/opal/mca/hwloc/hwloc172/hwloc/include -I/home/uriel/Dev/mpisrc/XSCALAMPI/opal/mca/event/libevent2021/libevent -I/home/uriel/Dev/mpisrc/XSCALAMPI/opal/mca/event/libevent2021/libevent/include conftest.c >&5
configure:7282: $? = 0
configure:7282: result: yes
configure:7282: checking for unistd.h
configure:7282: gcc -c -O3 -DNDEBUG  -fvisibility=hidden   -I/home/uriel/Dev/mpisrc/XSCALAMPI/opal/mca/hwloc/hwloc172/hwloc/include -I/home/uriel/Dev/mpisrc/XSCALAMPI/opal/mca/event/libevent2021/libevent -I/home/uriel/Dev/mpisrc/XSCALAMPI/opal/mca/event/libevent2021/libevent/include conftest.c >&5
configure:7282: $? = 0
configure:7282: result: yes
configure:7296: checking for dlfcn.h
configure:7296: gcc -c -O3 -DNDEBUG  -fvisibility=hidden   -I/home/uriel/Dev/mpisrc/XSCALAMPI/opal/mca/hwloc/hwloc172/hwloc/include -I/home/uriel/Dev/mpisrc/XSCALAMPI/opal/mca/event/libevent2021/libevent -I/home/uriel/Dev/mpisrc/XSCALAMPI/opal/mca/event/libevent2021/libevent/include conftest.c >&5
configure:7296: $? = 0
configure:7296: result: yes
configure:7799: checking for objdir
configure:7814: result: .libs
configure:8085: checking if gcc supports -fno-rtti -fno-exceptions
configure:8103: gcc -c -O3 -DNDEBUG  -fvisibility=hidden   -I/home/uriel/Dev/mpisrc/XSCALAMPI/opal/mca/hwloc/hwloc172/hwloc/include -I/home/uriel/Dev/mpisrc/XSCALAMPI/opal/mca/event/libevent2021/libevent -I/home/uriel/Dev/mpisrc/XSCALAMPI/opal/mca/event/libevent2021/libevent/include -fno-rtti -fno-exceptions conftest.c >&5
cc1: warning: command line option '-fno-rtti' is valid for C++/ObjC++ but not for C [enabled by default]
configure:8107: $? = 0
configure:8120: result: no
configure:8447: checking for gcc option to produce PIC
configure:8454: result: -fPIC -DPIC
configure:8462: checking if gcc PIC flag -fPIC -DPIC works
configure:8480: gcc -c -O3 -DNDEBUG  -fvisibility=hidden   -I/home/uriel/Dev/mpisrc/XSCALAMPI/opal/mca/hwloc/hwloc172/hwloc/include -I/home/uriel/Dev/mpisrc/XSCALAMPI/opal/mca/event/libevent2021/libevent -I/home/uriel/Dev/mpisrc/XSCALAMPI/opal/mca/event/libevent2021/libevent/include -fPIC -DPIC -DPIC conftest.c >&5
configure:8484: $? = 0
configure:8497: result: yes
configure:8526: checking if gcc static flag -static works
configure:8554: result: no
configure:8569: checking if gcc supports -c -o file.o
configure:8590: gcc -c -O3 -DNDEBUG  -fvisibility=hidden   -I/home/uriel/Dev/mpisrc/XSCALAMPI/opal/mca/hwloc/hwloc172/hwloc/include -I/home/uriel/Dev/mpisrc/XSCALAMPI/opal/mca/event/libevent2021/libevent -I/home/uriel/Dev/mpisrc/XSCALAMPI/opal/mca/event/libevent2021/libevent/include -o out/conftest2.o conftest.c >&5
configure:8594: $? = 0
configure:8616: result: yes
configure:8624: checking if gcc supports -c -o file.o
configure:8671: result: yes
configure:8704: checking whether the gcc linker (/usr/bin/ld -m elf_x86_64) supports shared libraries
configure:9857: result: yes
configure:9894: checking whether -lc should be explicitly linked in
configure:9902: gcc -c -O3 -DNDEBUG  -fvisibility=hidden   -I/home/uriel/Dev/mpisrc/XSCALAMPI/opal/mca/hwloc/hwloc172/hwloc/include -I/home/uriel/Dev/mpisrc/XSCALAMPI/opal/mca/event/libevent2021/libevent -I/home/uriel/Dev/mpisrc/XSCALAMPI/opal/mca/event/libevent2021/libevent/include conftest.c >&5
configure:9905: $? = 0
configure:9920: gcc -shared  -fPIC -DPIC conftest.o  -v -Wl,-soname -Wl,conftest -o conftest 2\>\&1 \| /usr/bin/grep  -lc  \>/dev/null 2\>\&1
configure:9923: $? = 0
configure:9937: result: no
configure:10097: checking dynamic linker characteristics
configure:10608: gcc -o conftest -O3 -DNDEBUG  -fvisibility=hidden   -I/home/uriel/Dev/mpisrc/XSCALAMPI/opal/mca/hwloc/hwloc172/hwloc/include -I/home/uriel/Dev/mpisrc/XSCALAMPI/opal/mca/event/libevent2021/libevent -I/home/uriel/Dev/mpisrc/XSCALAMPI/opal/mca/event/libevent2021/libevent/include   -Wl,-rpath -Wl,/foo conftest.c -lrt -lm -lutil   >&5
configure:10608: $? = 0
configure:10834: result: GNU/Linux ld.so
configure:10941: checking how to hardcode library paths into programs
configure:10966: result: immediate
configure:11060: checking for shl_load
configure:11060: gcc -o conftest -O3 -DNDEBUG  -fvisibility=hidden   -I/home/uriel/Dev/mpisrc/XSCALAMPI/opal/mca/hwloc/hwloc172/hwloc/include -I/home/uriel/Dev/mpisrc/XSCALAMPI/opal/mca/event/libevent2021/libevent -I/home/uriel/Dev/mpisrc/XSCALAMPI/opal/mca/event/libevent2021/libevent/include   conftest.c -lrt -lm -lutil   >&5
/tmp/ccrYT2ol.o: In function `main':
conftest.c:(.text.startup+0x7): undefined reference to `shl_load'
collect2: error: ld returned 1 exit status
configure:11060: $? = 1
configure: failed program was:
| /* confdefs.h */
| #define PACKAGE_NAME "libltdl"
| #define PACKAGE_TARNAME "libltdl"
| #define PACKAGE_VERSION "2.4.2"
| #define PACKAGE_STRING "libltdl 2.4.2"
| #define PACKAGE_BUGREPORT "bug-libtool@gnu.org"
| #define PACKAGE_URL ""
| #define PACKAGE "libltdl"
| #define VERSION "2.4.2"
| #define STDC_HEADERS 1
| #define HAVE_SYS_TYPES_H 1
| #define HAVE_SYS_STAT_H 1
| #define HAVE_STDLIB_H 1
| #define HAVE_STRING_H 1
| #define HAVE_MEMORY_H 1
| #define HAVE_STRINGS_H 1
| #define HAVE_INTTYPES_H 1
| #define HAVE_STDINT_H 1
| #define HAVE_UNISTD_H 1
| #define HAVE_DLFCN_H 1
| #define LT_OBJDIR ".libs/"
| /* end confdefs.h.  */
| /* Define shl_load to an innocuous variant, in case <limits.h> declares shl_load.
|    For example, HP-UX 11i <limits.h> declares gettimeofday.  */
| #define shl_load innocuous_shl_load
| 
| /* System header to define __stub macros and hopefully few prototypes,
|     which can conflict with char shl_load (); below.
|     Prefer <limits.h> to <assert.h> if __STDC__ is defined, since
|     <limits.h> exists even on freestanding compilers.  */
| 
| #ifdef __STDC__
| # include <limits.h>
| #else
| # include <assert.h>
| #endif
| 
| #undef shl_load
| 
| /* Override any GCC internal prototype to avoid an error.
|    Use char because int might match the return type of a GCC
|    builtin and then its argument prototype would still apply.  */
| #ifdef __cplusplus
| extern "C"
| #endif
| char shl_load ();
| /* The GNU C library defines this for functions which it implements
|     to always fail with ENOSYS.  Some functions are actually named
|     something starting with __ and the normal name is an alias.  */
| #if defined __stub_shl_load || defined __stub___shl_load
| choke me
| #endif
| 
| int
| main ()
| {
| return shl_load ();
|   ;
|   return 0;
| }
configure:11060: result: no
configure:11064: checking for shl_load in -ldld
configure:11089: gcc -o conftest -O3 -DNDEBUG  -fvisibility=hidden   -I/home/uriel/Dev/mpisrc/XSCALAMPI/opal/mca/hwloc/hwloc172/hwloc/include -I/home/uriel/Dev/mpisrc/XSCALAMPI/opal/mca/event/libevent2021/libevent -I/home/uriel/Dev/mpisrc/XSCALAMPI/opal/mca/event/libevent2021/libevent/include   conftest.c -ldld  -lrt -lm -lutil   >&5
/usr/bin/ld: cannot find -ldld
collect2: error: ld returned 1 exit status
configure:11089: $? = 1
configure: failed program was:
| /* confdefs.h */
| #define PACKAGE_NAME "libltdl"
| #define PACKAGE_TARNAME "libltdl"
| #define PACKAGE_VERSION "2.4.2"
| #define PACKAGE_STRING "libltdl 2.4.2"
| #define PACKAGE_BUGREPORT "bug-libtool@gnu.org"
| #define PACKAGE_URL ""
| #define PACKAGE "libltdl"
| #define VERSION "2.4.2"
| #define STDC_HEADERS 1
| #define HAVE_SYS_TYPES_H 1
| #define HAVE_SYS_STAT_H 1
| #define HAVE_STDLIB_H 1
| #define HAVE_STRING_H 1
| #define HAVE_MEMORY_H 1
| #define HAVE_STRINGS_H 1
| #define HAVE_INTTYPES_H 1
| #define HAVE_STDINT_H 1
| #define HAVE_UNISTD_H 1
| #define HAVE_DLFCN_H 1
| #define LT_OBJDIR ".libs/"
| /* end confdefs.h.  */
| 
| /* Override any GCC internal prototype to avoid an error.
|    Use char because int might match the return type of a GCC
|    builtin and then its argument prototype would still apply.  */
| #ifdef __cplusplus
| extern "C"
| #endif
| char shl_load ();
| int
| main ()
| {
| return shl_load ();
|   ;
|   return 0;
| }
configure:11098: result: no
configure:11103: checking for dlopen
configure:11103: gcc -o conftest -O3 -DNDEBUG  -fvisibility=hidden   -I/home/uriel/Dev/mpisrc/XSCALAMPI/opal/mca/hwloc/hwloc172/hwloc/include -I/home/uriel/Dev/mpisrc/XSCALAMPI/opal/mca/event/libevent2021/libevent -I/home/uriel/Dev/mpisrc/XSCALAMPI/opal/mca/event/libevent2021/libevent/include   conftest.c -lrt -lm -lutil   >&5
/tmp/cccX1l2o.o: In function `main':
conftest.c:(.text.startup+0x7): undefined reference to `dlopen'
collect2: error: ld returned 1 exit status
configure:11103: $? = 1
configure: failed program was:
| /* confdefs.h */
| #define PACKAGE_NAME "libltdl"
| #define PACKAGE_TARNAME "libltdl"
| #define PACKAGE_VERSION "2.4.2"
| #define PACKAGE_STRING "libltdl 2.4.2"
| #define PACKAGE_BUGREPORT "bug-libtool@gnu.org"
| #define PACKAGE_URL ""
| #define PACKAGE "libltdl"
| #define VERSION "2.4.2"
| #define STDC_HEADERS 1
| #define HAVE_SYS_TYPES_H 1
| #define HAVE_SYS_STAT_H 1
| #define HAVE_STDLIB_H 1
| #define HAVE_STRING_H 1
| #define HAVE_MEMORY_H 1
| #define HAVE_STRINGS_H 1
| #define HAVE_INTTYPES_H 1
| #define HAVE_STDINT_H 1
| #define HAVE_UNISTD_H 1
| #define HAVE_DLFCN_H 1
| #define LT_OBJDIR ".libs/"
| /* end confdefs.h.  */
| /* Define dlopen to an innocuous variant, in case <limits.h> declares dlopen.
|    For example, HP-UX 11i <limits.h> declares gettimeofday.  */
| #define dlopen innocuous_dlopen
| 
| /* System header to define __stub macros and hopefully few prototypes,
|     which can conflict with char dlopen (); below.
|     Prefer <limits.h> to <assert.h> if __STDC__ is defined, since
|     <limits.h> exists even on freestanding compilers.  */
| 
| #ifdef __STDC__
| # include <limits.h>
| #else
| # include <assert.h>
| #endif
| 
| #undef dlopen
| 
| /* Override any GCC internal prototype to avoid an error.
|    Use char because int might match the return type of a GCC
|    builtin and then its argument prototype would still apply.  */
| #ifdef __cplusplus
| extern "C"
| #endif
| char dlopen ();
| /* The GNU C library defines this for functions which it implements
|     to always fail with ENOSYS.  Some functions are actually named
|     something starting with __ and the normal name is an alias.  */
| #if defined __stub_dlopen || defined __stub___dlopen
| choke me
| #endif
| 
| int
| main ()
| {
| return dlopen ();
|   ;
|   return 0;
| }
configure:11103: result: no
configure:11107: checking for dlopen in -ldl
configure:11132: gcc -o conftest -O3 -DNDEBUG  -fvisibility=hidden   -I/home/uriel/Dev/mpisrc/XSCALAMPI/opal/mca/hwloc/hwloc172/hwloc/include -I/home/uriel/Dev/mpisrc/XSCALAMPI/opal/mca/event/libevent2021/libevent -I/home/uriel/Dev/mpisrc/XSCALAMPI/opal/mca/event/libevent2021/libevent/include   conftest.c -ldl  -lrt -lm -lutil   >&5
configure:11132: $? = 0
configure:11141: result: yes
configure:11260: checking whether a program can dlopen itself
configure:11340: gcc -o conftest -O3 -DNDEBUG  -fvisibility=hidden   -I/home/uriel/Dev/mpisrc/XSCALAMPI/opal/mca/hwloc/hwloc172/hwloc/include -I/home/uriel/Dev/mpisrc/XSCALAMPI/opal/mca/event/libevent2021/libevent -I/home/uriel/Dev/mpisrc/XSCALAMPI/opal/mca/event/libevent2021/libevent/include -DHAVE_DLFCN_H   -Wl,--export-dynamic conftest.c -ldl -lrt -lm -lutil   >&5
configure:11343: $? = 0
configure:11361: result: yes
configure:11366: checking whether a statically linked program can dlopen itself
configure:11446: gcc -o conftest -O3 -DNDEBUG  -fvisibility=hidden   -I/home/uriel/Dev/mpisrc/XSCALAMPI/opal/mca/hwloc/hwloc172/hwloc/include -I/home/uriel/Dev/mpisrc/XSCALAMPI/opal/mca/event/libevent2021/libevent -I/home/uriel/Dev/mpisrc/XSCALAMPI/opal/mca/event/libevent2021/libevent/include -DHAVE_DLFCN_H   -Wl,--export-dynamic  conftest.c -ldl -lrt -lm -lutil   >&5
configure:11449: $? = 0
configure:11467: result: yes
configure:11506: checking whether stripping libraries is possible
configure:11511: result: yes
configure:11546: checking if libtool supports shared libraries
configure:11548: result: yes
configure:11551: checking whether to build shared libraries
configure:11572: result: yes
configure:11575: checking whether to build static libraries
configure:11579: result: no
configure:11616: checking which extension is used for runtime loadable modules
configure:11628: result: .so
configure:11645: checking which variable specifies run-time module search path
configure:11652: result: LD_LIBRARY_PATH
configure:11662: checking for the default library search path
configure:11669: result: /lib64 /usr/lib64 /lib /usr/lib /usr/lib64/atlas /usr/lib64/llvm /usr/lib64/mysql /usr/lib64/xulrunner 
configure:11699: checking for library containing dlopen
configure:11730: gcc -o conftest -O3 -DNDEBUG  -fvisibility=hidden   -I/home/uriel/Dev/mpisrc/XSCALAMPI/opal/mca/hwloc/hwloc172/hwloc/include -I/home/uriel/Dev/mpisrc/XSCALAMPI/opal/mca/event/libevent2021/libevent -I/home/uriel/Dev/mpisrc/XSCALAMPI/opal/mca/event/libevent2021/libevent/include   conftest.c -lrt -lm -lutil   >&5
/tmp/ccgEnJOB.o: In function `main':
conftest.c:(.text.startup+0x7): undefined reference to `dlopen'
collect2: error: ld returned 1 exit status
configure:11730: $? = 1
configure: failed program was:
| /* confdefs.h */
| #define PACKAGE_NAME "libltdl"
| #define PACKAGE_TARNAME "libltdl"
| #define PACKAGE_VERSION "2.4.2"
| #define PACKAGE_STRING "libltdl 2.4.2"
| #define PACKAGE_BUGREPORT "bug-libtool@gnu.org"
| #define PACKAGE_URL ""
| #define PACKAGE "libltdl"
| #define VERSION "2.4.2"
| #define STDC_HEADERS 1
| #define HAVE_SYS_TYPES_H 1
| #define HAVE_SYS_STAT_H 1
| #define HAVE_STDLIB_H 1
| #define HAVE_STRING_H 1
| #define HAVE_MEMORY_H 1
| #define HAVE_STRINGS_H 1
| #define HAVE_INTTYPES_H 1
| #define HAVE_STDINT_H 1
| #define HAVE_UNISTD_H 1
| #define HAVE_DLFCN_H 1
| #define LT_OBJDIR ".libs/"
| #define LT_MODULE_EXT ".so"
| #define LT_MODULE_PATH_VAR "LD_LIBRARY_PATH"
| #define LT_DLSEARCH_PATH "/lib64:/usr/lib64:/lib:/usr/lib:/usr/lib64/atlas:/usr/lib64/llvm:/usr/lib64/mysql:/usr/lib64/xulrunner"
| /* end confdefs.h.  */
| 
| /* Override any GCC internal prototype to avoid an error.
|    Use char because int might match the return type of a GCC
|    builtin and then its argument prototype would still apply.  */
| #ifdef __cplusplus
| extern "C"
| #endif
| char dlopen ();
| int
| main ()
| {
| return dlopen ();
|   ;
|   return 0;
| }
configure:11730: gcc -o conftest -O3 -DNDEBUG  -fvisibility=hidden   -I/home/uriel/Dev/mpisrc/XSCALAMPI/opal/mca/hwloc/hwloc172/hwloc/include -I/home/uriel/Dev/mpisrc/XSCALAMPI/opal/mca/event/libevent2021/libevent -I/home/uriel/Dev/mpisrc/XSCALAMPI/opal/mca/event/libevent2021/libevent/include   conftest.c -ldl  -lrt -lm -lutil   >&5
configure:11730: $? = 0
configure:11747: result: -ldl
configure:11837: checking for dlerror
configure:11837: gcc -o conftest -O3 -DNDEBUG  -fvisibility=hidden   -I/home/uriel/Dev/mpisrc/XSCALAMPI/opal/mca/hwloc/hwloc172/hwloc/include -I/home/uriel/Dev/mpisrc/XSCALAMPI/opal/mca/event/libevent2021/libevent -I/home/uriel/Dev/mpisrc/XSCALAMPI/opal/mca/event/libevent2021/libevent/include   conftest.c -ldl -lrt -lm -lutil   -ldl >&5
configure:11837: $? = 0
configure:11837: result: yes
configure:11851: checking for shl_load
configure:11851: result: no
configure:11858: checking for shl_load in -ldld
configure:11892: result: no
configure:11938: checking for dld_link in -ldld
configure:11963: gcc -o conftest -O3 -DNDEBUG  -fvisibility=hidden   -I/home/uriel/Dev/mpisrc/XSCALAMPI/opal/mca/hwloc/hwloc172/hwloc/include -I/home/uriel/Dev/mpisrc/XSCALAMPI/opal/mca/event/libevent2021/libevent -I/home/uriel/Dev/mpisrc/XSCALAMPI/opal/mca/event/libevent2021/libevent/include   conftest.c -ldld  -ldl -lrt -lm -lutil   >&5
/usr/bin/ld: cannot find -ldld
collect2: error: ld returned 1 exit status
configure:11963: $? = 1
configure: failed program was:
| /* confdefs.h */
| #define PACKAGE_NAME "libltdl"
| #define PACKAGE_TARNAME "libltdl"
| #define PACKAGE_VERSION "2.4.2"
| #define PACKAGE_STRING "libltdl 2.4.2"
| #define PACKAGE_BUGREPORT "bug-libtool@gnu.org"
| #define PACKAGE_URL ""
| #define PACKAGE "libltdl"
| #define VERSION "2.4.2"
| #define STDC_HEADERS 1
| #define HAVE_SYS_TYPES_H 1
| #define HAVE_SYS_STAT_H 1
| #define HAVE_STDLIB_H 1
| #define HAVE_STRING_H 1
| #define HAVE_MEMORY_H 1
| #define HAVE_STRINGS_H 1
| #define HAVE_INTTYPES_H 1
| #define HAVE_STDINT_H 1
| #define HAVE_UNISTD_H 1
| #define HAVE_DLFCN_H 1
| #define LT_OBJDIR ".libs/"
| #define LT_MODULE_EXT ".so"
| #define LT_MODULE_PATH_VAR "LD_LIBRARY_PATH"
| #define LT_DLSEARCH_PATH "/lib64:/usr/lib64:/lib:/usr/lib:/usr/lib64/atlas:/usr/lib64/llvm:/usr/lib64/mysql:/usr/lib64/xulrunner"
| #define HAVE_LIBDL 1
| #define HAVE_DLERROR 1
| /* end confdefs.h.  */
| 
| /* Override any GCC internal prototype to avoid an error.
|    Use char because int might match the return type of a GCC
|    builtin and then its argument prototype would still apply.  */
| #ifdef __cplusplus
| extern "C"
| #endif
| char dld_link ();
| int
| main ()
| {
| return dld_link ();
|   ;
|   return 0;
| }
configure:11972: result: no
configure:12006: checking for _ prefix in compiled symbols
configure:12016: gcc -c -O3 -DNDEBUG  -fvisibility=hidden   -I/home/uriel/Dev/mpisrc/XSCALAMPI/opal/mca/hwloc/hwloc172/hwloc/include -I/home/uriel/Dev/mpisrc/XSCALAMPI/opal/mca/event/libevent2021/libevent -I/home/uriel/Dev/mpisrc/XSCALAMPI/opal/mca/event/libevent2021/libevent/include conftest.c >&5
configure:12019: $? = 0
configure:12023: /usr/bin/nm -B conftest.o \| sed -n -e 's/^.*[	 ]\([ABCDGIRSTW][ABCDGIRSTW]*\)[	 ][	 ]*\([_A-Za-z][_A-Za-z0-9]*\)$/\1 \2 \2/p' | sed '/ __gnu_lto/d' \> conftest.nm
configure:12026: $? = 0
configure:12048: result: no
configure:12172: checking whether deplibs are loaded by dlopen
configure:12266: result: yes
configure:12278: checking for argz.h
configure:12278: gcc -c -O3 -DNDEBUG  -fvisibility=hidden   -I/home/uriel/Dev/mpisrc/XSCALAMPI/opal/mca/hwloc/hwloc172/hwloc/include -I/home/uriel/Dev/mpisrc/XSCALAMPI/opal/mca/event/libevent2021/libevent -I/home/uriel/Dev/mpisrc/XSCALAMPI/opal/mca/event/libevent2021/libevent/include conftest.c >&5
configure:12278: $? = 0
configure:12278: result: yes
configure:12290: checking for error_t
configure:12290: gcc -c -O3 -DNDEBUG  -fvisibility=hidden   -I/home/uriel/Dev/mpisrc/XSCALAMPI/opal/mca/hwloc/hwloc172/hwloc/include -I/home/uriel/Dev/mpisrc/XSCALAMPI/opal/mca/event/libevent2021/libevent -I/home/uriel/Dev/mpisrc/XSCALAMPI/opal/mca/event/libevent2021/libevent/include conftest.c >&5
configure:12290: $? = 0
configure:12290: gcc -c -O3 -DNDEBUG  -fvisibility=hidden   -I/home/uriel/Dev/mpisrc/XSCALAMPI/opal/mca/hwloc/hwloc172/hwloc/include -I/home/uriel/Dev/mpisrc/XSCALAMPI/opal/mca/event/libevent2021/libevent -I/home/uriel/Dev/mpisrc/XSCALAMPI/opal/mca/event/libevent2021/libevent/include conftest.c >&5
conftest.c: In function 'main':
conftest.c:37:22: error: expected expression before ')' token
 if (sizeof ((error_t)))
                      ^
configure:12290: $? = 1
configure: failed program was:
| /* confdefs.h */
| #define PACKAGE_NAME "libltdl"
| #define PACKAGE_TARNAME "libltdl"
| #define PACKAGE_VERSION "2.4.2"
| #define PACKAGE_STRING "libltdl 2.4.2"
| #define PACKAGE_BUGREPORT "bug-libtool@gnu.org"
| #define PACKAGE_URL ""
| #define PACKAGE "libltdl"
| #define VERSION "2.4.2"
| #define STDC_HEADERS 1
| #define HAVE_SYS_TYPES_H 1
| #define HAVE_SYS_STAT_H 1
| #define HAVE_STDLIB_H 1
| #define HAVE_STRING_H 1
| #define HAVE_MEMORY_H 1
| #define HAVE_STRINGS_H 1
| #define HAVE_INTTYPES_H 1
| #define HAVE_STDINT_H 1
| #define HAVE_UNISTD_H 1
| #define HAVE_DLFCN_H 1
| #define LT_OBJDIR ".libs/"
| #define LT_MODULE_EXT ".so"
| #define LT_MODULE_PATH_VAR "LD_LIBRARY_PATH"
| #define LT_DLSEARCH_PATH "/lib64:/usr/lib64:/lib:/usr/lib:/usr/lib64/atlas:/usr/lib64/llvm:/usr/lib64/mysql:/usr/lib64/xulrunner"
| #define HAVE_LIBDL 1
| #define HAVE_DLERROR 1
| #define HAVE_LIBDLLOADER 1
| #define HAVE_ARGZ_H 1
| /* end confdefs.h.  */
| #if defined(HAVE_ARGZ_H)
| #  include <argz.h>
| #endif
| 
| int
| main ()
| {
| if (sizeof ((error_t)))
| 	    return 0;
|   ;
|   return 0;
| }
configure:12290: result: yes
configure:12316: checking for argz_add
configure:12316: gcc -o conftest -O3 -DNDEBUG  -fvisibility=hidden   -I/home/uriel/Dev/mpisrc/XSCALAMPI/opal/mca/hwloc/hwloc172/hwloc/include -I/home/uriel/Dev/mpisrc/XSCALAMPI/opal/mca/event/libevent2021/libevent -I/home/uriel/Dev/mpisrc/XSCALAMPI/opal/mca/event/libevent2021/libevent/include   conftest.c -ldl -lrt -lm -lutil   >&5
configure:12316: $? = 0
configure:12316: result: yes
configure:12316: checking for argz_append
configure:12316: gcc -o conftest -O3 -DNDEBUG  -fvisibility=hidden   -I/home/uriel/Dev/mpisrc/XSCALAMPI/opal/mca/hwloc/hwloc172/hwloc/include -I/home/uriel/Dev/mpisrc/XSCALAMPI/opal/mca/event/libevent2021/libevent -I/home/uriel/Dev/mpisrc/XSCALAMPI/opal/mca/event/libevent2021/libevent/include   conftest.c -ldl -lrt -lm -lutil   >&5
configure:12316: $? = 0
configure:12316: result: yes
configure:12316: checking for argz_count
configure:12316: gcc -o conftest -O3 -DNDEBUG  -fvisibility=hidden   -I/home/uriel/Dev/mpisrc/XSCALAMPI/opal/mca/hwloc/hwloc172/hwloc/include -I/home/uriel/Dev/mpisrc/XSCALAMPI/opal/mca/event/libevent2021/libevent -I/home/uriel/Dev/mpisrc/XSCALAMPI/opal/mca/event/libevent2021/libevent/include   conftest.c -ldl -lrt -lm -lutil   >&5
configure:12316: $? = 0
configure:12316: result: yes
configure:12316: checking for argz_create_sep
configure:12316: gcc -o conftest -O3 -DNDEBUG  -fvisibility=hidden   -I/home/uriel/Dev/mpisrc/XSCALAMPI/opal/mca/hwloc/hwloc172/hwloc/include -I/home/uriel/Dev/mpisrc/XSCALAMPI/opal/mca/event/libevent2021/libevent -I/home/uriel/Dev/mpisrc/XSCALAMPI/opal/mca/event/libevent2021/libevent/include   conftest.c -ldl -lrt -lm -lutil   >&5
configure:12316: $? = 0
configure:12316: result: yes
configure:12316: checking for argz_insert
configure:12316: gcc -o conftest -O3 -DNDEBUG  -fvisibility=hidden   -I/home/uriel/Dev/mpisrc/XSCALAMPI/opal/mca/hwloc/hwloc172/hwloc/include -I/home/uriel/Dev/mpisrc/XSCALAMPI/opal/mca/event/libevent2021/libevent -I/home/uriel/Dev/mpisrc/XSCALAMPI/opal/mca/event/libevent2021/libevent/include   conftest.c -ldl -lrt -lm -lutil   >&5
configure:12316: $? = 0
configure:12316: result: yes
configure:12316: checking for argz_next
configure:12316: gcc -o conftest -O3 -DNDEBUG  -fvisibility=hidden   -I/home/uriel/Dev/mpisrc/XSCALAMPI/opal/mca/hwloc/hwloc172/hwloc/include -I/home/uriel/Dev/mpisrc/XSCALAMPI/opal/mca/event/libevent2021/libevent -I/home/uriel/Dev/mpisrc/XSCALAMPI/opal/mca/event/libevent2021/libevent/include   conftest.c -ldl -lrt -lm -lutil   >&5
configure:12316: $? = 0
configure:12316: result: yes
configure:12316: checking for argz_stringify
configure:12316: gcc -o conftest -O3 -DNDEBUG  -fvisibility=hidden   -I/home/uriel/Dev/mpisrc/XSCALAMPI/opal/mca/hwloc/hwloc172/hwloc/include -I/home/uriel/Dev/mpisrc/XSCALAMPI/opal/mca/event/libevent2021/libevent -I/home/uriel/Dev/mpisrc/XSCALAMPI/opal/mca/event/libevent2021/libevent/include   conftest.c -ldl -lrt -lm -lutil   >&5
configure:12316: $? = 0
configure:12316: result: yes
configure:12334: checking if argz actually works
configure:12365: result: yes
configure:12384: checking whether libtool supports -dlopen/-dlpreopen
configure:12396: result: yes
configure:12449: checking for unistd.h
configure:12449: result: yes
configure:12449: checking for dl.h
configure:12449: gcc -c -O3 -DNDEBUG  -fvisibility=hidden   -I/home/uriel/Dev/mpisrc/XSCALAMPI/opal/mca/hwloc/hwloc172/hwloc/include -I/home/uriel/Dev/mpisrc/XSCALAMPI/opal/mca/event/libevent2021/libevent -I/home/uriel/Dev/mpisrc/XSCALAMPI/opal/mca/event/libevent2021/libevent/include conftest.c >&5
conftest.c:75:16: fatal error: dl.h: No such file or directory
 #include <dl.h>
                ^
compilation terminated.
configure:12449: $? = 1
configure: failed program was:
| /* confdefs.h */
| #define PACKAGE_NAME "libltdl"
| #define PACKAGE_TARNAME "libltdl"
| #define PACKAGE_VERSION "2.4.2"
| #define PACKAGE_STRING "libltdl 2.4.2"
| #define PACKAGE_BUGREPORT "bug-libtool@gnu.org"
| #define PACKAGE_URL ""
| #define PACKAGE "libltdl"
| #define VERSION "2.4.2"
| #define STDC_HEADERS 1
| #define HAVE_SYS_TYPES_H 1
| #define HAVE_SYS_STAT_H 1
| #define HAVE_STDLIB_H 1
| #define HAVE_STRING_H 1
| #define HAVE_MEMORY_H 1
| #define HAVE_STRINGS_H 1
| #define HAVE_INTTYPES_H 1
| #define HAVE_STDINT_H 1
| #define HAVE_UNISTD_H 1
| #define HAVE_DLFCN_H 1
| #define LT_OBJDIR ".libs/"
| #define LT_MODULE_EXT ".so"
| #define LT_MODULE_PATH_VAR "LD_LIBRARY_PATH"
| #define LT_DLSEARCH_PATH "/lib64:/usr/lib64:/lib:/usr/lib:/usr/lib64/atlas:/usr/lib64/llvm:/usr/lib64/mysql:/usr/lib64/xulrunner"
| #define HAVE_LIBDL 1
| #define HAVE_DLERROR 1
| #define HAVE_LIBDLLOADER 1
| #define HAVE_ARGZ_H 1
| #define HAVE_ERROR_T 1
| #define HAVE_ARGZ_ADD 1
| #define HAVE_ARGZ_APPEND 1
| #define HAVE_ARGZ_COUNT 1
| #define HAVE_ARGZ_CREATE_SEP 1
| #define HAVE_ARGZ_INSERT 1
| #define HAVE_ARGZ_NEXT 1
| #define HAVE_ARGZ_STRINGIFY 1
| #define HAVE_WORKING_ARGZ 1
| #define HAVE_PRELOADED_SYMBOLS 1
| #define HAVE_UNISTD_H 1
| /* end confdefs.h.  */
| #include <stdio.h>
| #ifdef HAVE_SYS_TYPES_H
| # include <sys/types.h>
| #endif
| #ifdef HAVE_SYS_STAT_H
| # include <sys/stat.h>
| #endif
| #ifdef STDC_HEADERS
| # include <stdlib.h>
| # include <stddef.h>
| #else
| # ifdef HAVE_STDLIB_H
| #  include <stdlib.h>
| # endif
| #endif
| #ifdef HAVE_STRING_H
| # if !defined STDC_HEADERS && defined HAVE_MEMORY_H
| #  include <memory.h>
| # endif
| # include <string.h>
| #endif
| #ifdef HAVE_STRINGS_H
| # include <strings.h>
| #endif
| #ifdef HAVE_INTTYPES_H
| # include <inttypes.h>
| #endif
| #ifdef HAVE_STDINT_H
| # include <stdint.h>
| #endif
| #ifdef HAVE_UNISTD_H
| # include <unistd.h>
| #endif
| 
| #include <dl.h>
configure:12449: result: no
configure:12449: checking for sys/dl.h
configure:12449: gcc -c -O3 -DNDEBUG  -fvisibility=hidden   -I/home/uriel/Dev/mpisrc/XSCALAMPI/opal/mca/hwloc/hwloc172/hwloc/include -I/home/uriel/Dev/mpisrc/XSCALAMPI/opal/mca/event/libevent2021/libevent -I/home/uriel/Dev/mpisrc/XSCALAMPI/opal/mca/event/libevent2021/libevent/include conftest.c >&5
conftest.c:75:20: fatal error: sys/dl.h: No such file or directory
 #include <sys/dl.h>
                    ^
compilation terminated.
configure:12449: $? = 1
configure: failed program was:
| /* confdefs.h */
| #define PACKAGE_NAME "libltdl"
| #define PACKAGE_TARNAME "libltdl"
| #define PACKAGE_VERSION "2.4.2"
| #define PACKAGE_STRING "libltdl 2.4.2"
| #define PACKAGE_BUGREPORT "bug-libtool@gnu.org"
| #define PACKAGE_URL ""
| #define PACKAGE "libltdl"
| #define VERSION "2.4.2"
| #define STDC_HEADERS 1
| #define HAVE_SYS_TYPES_H 1
| #define HAVE_SYS_STAT_H 1
| #define HAVE_STDLIB_H 1
| #define HAVE_STRING_H 1
| #define HAVE_MEMORY_H 1
| #define HAVE_STRINGS_H 1
| #define HAVE_INTTYPES_H 1
| #define HAVE_STDINT_H 1
| #define HAVE_UNISTD_H 1
| #define HAVE_DLFCN_H 1
| #define LT_OBJDIR ".libs/"
| #define LT_MODULE_EXT ".so"
| #define LT_MODULE_PATH_VAR "LD_LIBRARY_PATH"
| #define LT_DLSEARCH_PATH "/lib64:/usr/lib64:/lib:/usr/lib:/usr/lib64/atlas:/usr/lib64/llvm:/usr/lib64/mysql:/usr/lib64/xulrunner"
| #define HAVE_LIBDL 1
| #define HAVE_DLERROR 1
| #define HAVE_LIBDLLOADER 1
| #define HAVE_ARGZ_H 1
| #define HAVE_ERROR_T 1
| #define HAVE_ARGZ_ADD 1
| #define HAVE_ARGZ_APPEND 1
| #define HAVE_ARGZ_COUNT 1
| #define HAVE_ARGZ_CREATE_SEP 1
| #define HAVE_ARGZ_INSERT 1
| #define HAVE_ARGZ_NEXT 1
| #define HAVE_ARGZ_STRINGIFY 1
| #define HAVE_WORKING_ARGZ 1
| #define HAVE_PRELOADED_SYMBOLS 1
| #define HAVE_UNISTD_H 1
| /* end confdefs.h.  */
| #include <stdio.h>
| #ifdef HAVE_SYS_TYPES_H
| # include <sys/types.h>
| #endif
| #ifdef HAVE_SYS_STAT_H
| # include <sys/stat.h>
| #endif
| #ifdef STDC_HEADERS
| # include <stdlib.h>
| # include <stddef.h>
| #else
| # ifdef HAVE_STDLIB_H
| #  include <stdlib.h>
| # endif
| #endif
| #ifdef HAVE_STRING_H
| # if !defined STDC_HEADERS && defined HAVE_MEMORY_H
| #  include <memory.h>
| # endif
| # include <string.h>
| #endif
| #ifdef HAVE_STRINGS_H
| # include <strings.h>
| #endif
| #ifdef HAVE_INTTYPES_H
| # include <inttypes.h>
| #endif
| #ifdef HAVE_STDINT_H
| # include <stdint.h>
| #endif
| #ifdef HAVE_UNISTD_H
| # include <unistd.h>
| #endif
| 
| #include <sys/dl.h>
configure:12449: result: no
configure:12449: checking for dld.h
configure:12449: gcc -c -O3 -DNDEBUG  -fvisibility=hidden   -I/home/uriel/Dev/mpisrc/XSCALAMPI/opal/mca/hwloc/hwloc172/hwloc/include -I/home/uriel/Dev/mpisrc/XSCALAMPI/opal/mca/event/libevent2021/libevent -I/home/uriel/Dev/mpisrc/XSCALAMPI/opal/mca/event/libevent2021/libevent/include conftest.c >&5
conftest.c:75:17: fatal error: dld.h: No such file or directory
 #include <dld.h>
                 ^
compilation terminated.
configure:12449: $? = 1
configure: failed program was:
| /* confdefs.h */
| #define PACKAGE_NAME "libltdl"
| #define PACKAGE_TARNAME "libltdl"
| #define PACKAGE_VERSION "2.4.2"
| #define PACKAGE_STRING "libltdl 2.4.2"
| #define PACKAGE_BUGREPORT "bug-libtool@gnu.org"
| #define PACKAGE_URL ""
| #define PACKAGE "libltdl"
| #define VERSION "2.4.2"
| #define STDC_HEADERS 1
| #define HAVE_SYS_TYPES_H 1
| #define HAVE_SYS_STAT_H 1
| #define HAVE_STDLIB_H 1
| #define HAVE_STRING_H 1
| #define HAVE_MEMORY_H 1
| #define HAVE_STRINGS_H 1
| #define HAVE_INTTYPES_H 1
| #define HAVE_STDINT_H 1
| #define HAVE_UNISTD_H 1
| #define HAVE_DLFCN_H 1
| #define LT_OBJDIR ".libs/"
| #define LT_MODULE_EXT ".so"
| #define LT_MODULE_PATH_VAR "LD_LIBRARY_PATH"
| #define LT_DLSEARCH_PATH "/lib64:/usr/lib64:/lib:/usr/lib:/usr/lib64/atlas:/usr/lib64/llvm:/usr/lib64/mysql:/usr/lib64/xulrunner"
| #define HAVE_LIBDL 1
| #define HAVE_DLERROR 1
| #define HAVE_LIBDLLOADER 1
| #define HAVE_ARGZ_H 1
| #define HAVE_ERROR_T 1
| #define HAVE_ARGZ_ADD 1
| #define HAVE_ARGZ_APPEND 1
| #define HAVE_ARGZ_COUNT 1
| #define HAVE_ARGZ_CREATE_SEP 1
| #define HAVE_ARGZ_INSERT 1
| #define HAVE_ARGZ_NEXT 1
| #define HAVE_ARGZ_STRINGIFY 1
| #define HAVE_WORKING_ARGZ 1
| #define HAVE_PRELOADED_SYMBOLS 1
| #define HAVE_UNISTD_H 1
| /* end confdefs.h.  */
| #include <stdio.h>
| #ifdef HAVE_SYS_TYPES_H
| # include <sys/types.h>
| #endif
| #ifdef HAVE_SYS_STAT_H
| # include <sys/stat.h>
| #endif
| #ifdef STDC_HEADERS
| # include <stdlib.h>
| # include <stddef.h>
| #else
| # ifdef HAVE_STDLIB_H
| #  include <stdlib.h>
| # endif
| #endif
| #ifdef HAVE_STRING_H
| # if !defined STDC_HEADERS && defined HAVE_MEMORY_H
| #  include <memory.h>
| # endif
| # include <string.h>
| #endif
| #ifdef HAVE_STRINGS_H
| # include <strings.h>
| #endif
| #ifdef HAVE_INTTYPES_H
| # include <inttypes.h>
| #endif
| #ifdef HAVE_STDINT_H
| # include <stdint.h>
| #endif
| #ifdef HAVE_UNISTD_H
| # include <unistd.h>
| #endif
| 
| #include <dld.h>
configure:12449: result: no
configure:12449: checking for mach-o/dyld.h
configure:12449: gcc -c -O3 -DNDEBUG  -fvisibility=hidden   -I/home/uriel/Dev/mpisrc/XSCALAMPI/opal/mca/hwloc/hwloc172/hwloc/include -I/home/uriel/Dev/mpisrc/XSCALAMPI/opal/mca/event/libevent2021/libevent -I/home/uriel/Dev/mpisrc/XSCALAMPI/opal/mca/event/libevent2021/libevent/include conftest.c >&5
conftest.c:75:25: fatal error: mach-o/dyld.h: No such file or directory
 #include <mach-o/dyld.h>
                         ^
compilation terminated.
configure:12449: $? = 1
configure: failed program was:
| /* confdefs.h */
| #define PACKAGE_NAME "libltdl"
| #define PACKAGE_TARNAME "libltdl"
| #define PACKAGE_VERSION "2.4.2"
| #define PACKAGE_STRING "libltdl 2.4.2"
| #define PACKAGE_BUGREPORT "bug-libtool@gnu.org"
| #define PACKAGE_URL ""
| #define PACKAGE "libltdl"
| #define VERSION "2.4.2"
| #define STDC_HEADERS 1
| #define HAVE_SYS_TYPES_H 1
| #define HAVE_SYS_STAT_H 1
| #define HAVE_STDLIB_H 1
| #define HAVE_STRING_H 1
| #define HAVE_MEMORY_H 1
| #define HAVE_STRINGS_H 1
| #define HAVE_INTTYPES_H 1
| #define HAVE_STDINT_H 1
| #define HAVE_UNISTD_H 1
| #define HAVE_DLFCN_H 1
| #define LT_OBJDIR ".libs/"
| #define LT_MODULE_EXT ".so"
| #define LT_MODULE_PATH_VAR "LD_LIBRARY_PATH"
| #define LT_DLSEARCH_PATH "/lib64:/usr/lib64:/lib:/usr/lib:/usr/lib64/atlas:/usr/lib64/llvm:/usr/lib64/mysql:/usr/lib64/xulrunner"
| #define HAVE_LIBDL 1
| #define HAVE_DLERROR 1
| #define HAVE_LIBDLLOADER 1
| #define HAVE_ARGZ_H 1
| #define HAVE_ERROR_T 1
| #define HAVE_ARGZ_ADD 1
| #define HAVE_ARGZ_APPEND 1
| #define HAVE_ARGZ_COUNT 1
| #define HAVE_ARGZ_CREATE_SEP 1
| #define HAVE_ARGZ_INSERT 1
| #define HAVE_ARGZ_NEXT 1
| #define HAVE_ARGZ_STRINGIFY 1
| #define HAVE_WORKING_ARGZ 1
| #define HAVE_PRELOADED_SYMBOLS 1
| #define HAVE_UNISTD_H 1
| /* end confdefs.h.  */
| #include <stdio.h>
| #ifdef HAVE_SYS_TYPES_H
| # include <sys/types.h>
| #endif
| #ifdef HAVE_SYS_STAT_H
| # include <sys/stat.h>
| #endif
| #ifdef STDC_HEADERS
| # include <stdlib.h>
| # include <stddef.h>
| #else
| # ifdef HAVE_STDLIB_H
| #  include <stdlib.h>
| # endif
| #endif
| #ifdef HAVE_STRING_H
| # if !defined STDC_HEADERS && defined HAVE_MEMORY_H
| #  include <memory.h>
| # endif
| # include <string.h>
| #endif
| #ifdef HAVE_STRINGS_H
| # include <strings.h>
| #endif
| #ifdef HAVE_INTTYPES_H
| # include <inttypes.h>
| #endif
| #ifdef HAVE_STDINT_H
| # include <stdint.h>
| #endif
| #ifdef HAVE_UNISTD_H
| # include <unistd.h>
| #endif
| 
| #include <mach-o/dyld.h>
configure:12449: result: no
configure:12449: checking for dirent.h
configure:12449: gcc -c -O3 -DNDEBUG  -fvisibility=hidden   -I/home/uriel/Dev/mpisrc/XSCALAMPI/opal/mca/hwloc/hwloc172/hwloc/include -I/home/uriel/Dev/mpisrc/XSCALAMPI/opal/mca/event/libevent2021/libevent -I/home/uriel/Dev/mpisrc/XSCALAMPI/opal/mca/event/libevent2021/libevent/include conftest.c >&5
configure:12449: $? = 0
configure:12449: result: yes
configure:12464: checking for closedir
configure:12464: gcc -o conftest -O3 -DNDEBUG  -fvisibility=hidden   -I/home/uriel/Dev/mpisrc/XSCALAMPI/opal/mca/hwloc/hwloc172/hwloc/include -I/home/uriel/Dev/mpisrc/XSCALAMPI/opal/mca/event/libevent2021/libevent -I/home/uriel/Dev/mpisrc/XSCALAMPI/opal/mca/event/libevent2021/libevent/include   conftest.c -ldl -lrt -lm -lutil   >&5
configure:12464: $? = 0
configure:12464: result: yes
configure:12464: checking for opendir
configure:12464: gcc -o conftest -O3 -DNDEBUG  -fvisibility=hidden   -I/home/uriel/Dev/mpisrc/XSCALAMPI/opal/mca/hwloc/hwloc172/hwloc/include -I/home/uriel/Dev/mpisrc/XSCALAMPI/opal/mca/event/libevent2021/libevent -I/home/uriel/Dev/mpisrc/XSCALAMPI/opal/mca/event/libevent2021/libevent/include   conftest.c -ldl -lrt -lm -lutil   >&5
configure:12464: $? = 0
configure:12464: result: yes
configure:12464: checking for readdir
configure:12464: gcc -o conftest -O3 -DNDEBUG  -fvisibility=hidden   -I/home/uriel/Dev/mpisrc/XSCALAMPI/opal/mca/hwloc/hwloc172/hwloc/include -I/home/uriel/Dev/mpisrc/XSCALAMPI/opal/mca/event/libevent2021/libevent -I/home/uriel/Dev/mpisrc/XSCALAMPI/opal/mca/event/libevent2021/libevent/include   conftest.c -ldl -lrt -lm -lutil   >&5
configure:12464: $? = 0
configure:12464: result: yes
configure:12483: checking for strlcat
configure:12483: gcc -o conftest -O3 -DNDEBUG  -fvisibility=hidden   -I/home/uriel/Dev/mpisrc/XSCALAMPI/opal/mca/hwloc/hwloc172/hwloc/include -I/home/uriel/Dev/mpisrc/XSCALAMPI/opal/mca/event/libevent2021/libevent -I/home/uriel/Dev/mpisrc/XSCALAMPI/opal/mca/event/libevent2021/libevent/include   conftest.c -ldl -lrt -lm -lutil   >&5
/tmp/ccIts62J.o: In function `main':
conftest.c:(.text.startup+0x7): undefined reference to `strlcat'
collect2: error: ld returned 1 exit status
configure:12483: $? = 1
configure: failed program was:
| /* confdefs.h */
| #define PACKAGE_NAME "libltdl"
| #define PACKAGE_TARNAME "libltdl"
| #define PACKAGE_VERSION "2.4.2"
| #define PACKAGE_STRING "libltdl 2.4.2"
| #define PACKAGE_BUGREPORT "bug-libtool@gnu.org"
| #define PACKAGE_URL ""
| #define PACKAGE "libltdl"
| #define VERSION "2.4.2"
| #define STDC_HEADERS 1
| #define HAVE_SYS_TYPES_H 1
| #define HAVE_SYS_STAT_H 1
| #define HAVE_STDLIB_H 1
| #define HAVE_STRING_H 1
| #define HAVE_MEMORY_H 1
| #define HAVE_STRINGS_H 1
| #define HAVE_INTTYPES_H 1
| #define HAVE_STDINT_H 1
| #define HAVE_UNISTD_H 1
| #define HAVE_DLFCN_H 1
| #define LT_OBJDIR ".libs/"
| #define LT_MODULE_EXT ".so"
| #define LT_MODULE_PATH_VAR "LD_LIBRARY_PATH"
| #define LT_DLSEARCH_PATH "/lib64:/usr/lib64:/lib:/usr/lib:/usr/lib64/atlas:/usr/lib64/llvm:/usr/lib64/mysql:/usr/lib64/xulrunner"
| #define HAVE_LIBDL 1
| #define HAVE_DLERROR 1
| #define HAVE_LIBDLLOADER 1
| #define HAVE_ARGZ_H 1
| #define HAVE_ERROR_T 1
| #define HAVE_ARGZ_ADD 1
| #define HAVE_ARGZ_APPEND 1
| #define HAVE_ARGZ_COUNT 1
| #define HAVE_ARGZ_CREATE_SEP 1
| #define HAVE_ARGZ_INSERT 1
| #define HAVE_ARGZ_NEXT 1
| #define HAVE_ARGZ_STRINGIFY 1
| #define HAVE_WORKING_ARGZ 1
| #define HAVE_PRELOADED_SYMBOLS 1
| #define HAVE_UNISTD_H 1
| #define HAVE_DIRENT_H 1
| #define HAVE_CLOSEDIR 1
| #define HAVE_OPENDIR 1
| #define HAVE_READDIR 1
| /* end confdefs.h.  */
| /* Define strlcat to an innocuous variant, in case <limits.h> declares strlcat.
|    For example, HP-UX 11i <limits.h> declares gettimeofday.  */
| #define strlcat innocuous_strlcat
| 
| /* System header to define __stub macros and hopefully few prototypes,
|     which can conflict with char strlcat (); below.
|     Prefer <limits.h> to <assert.h> if __STDC__ is defined, since
|     <limits.h> exists even on freestanding compilers.  */
| 
| #ifdef __STDC__
| # include <limits.h>
| #else
| # include <assert.h>
| #endif
| 
| #undef strlcat
| 
| /* Override any GCC internal prototype to avoid an error.
|    Use char because int might match the return type of a GCC
|    builtin and then its argument prototype would still apply.  */
| #ifdef __cplusplus
| extern "C"
| #endif
| char strlcat ();
| /* The GNU C library defines this for functions which it implements
|     to always fail with ENOSYS.  Some functions are actually named
|     something starting with __ and the normal name is an alias.  */
| #if defined __stub_strlcat || defined __stub___strlcat
| choke me
| #endif
| 
| int
| main ()
| {
| return strlcat ();
|   ;
|   return 0;
| }
configure:12483: result: no
configure:12483: checking for strlcpy
configure:12483: gcc -o conftest -O3 -DNDEBUG  -fvisibility=hidden   -I/home/uriel/Dev/mpisrc/XSCALAMPI/opal/mca/hwloc/hwloc172/hwloc/include -I/home/uriel/Dev/mpisrc/XSCALAMPI/opal/mca/event/libevent2021/libevent -I/home/uriel/Dev/mpisrc/XSCALAMPI/opal/mca/event/libevent2021/libevent/include   conftest.c -ldl -lrt -lm -lutil   >&5
/tmp/ccgzmoaN.o: In function `main':
conftest.c:(.text.startup+0x7): undefined reference to `strlcpy'
collect2: error: ld returned 1 exit status
configure:12483: $? = 1
configure: failed program was:
| /* confdefs.h */
| #define PACKAGE_NAME "libltdl"
| #define PACKAGE_TARNAME "libltdl"
| #define PACKAGE_VERSION "2.4.2"
| #define PACKAGE_STRING "libltdl 2.4.2"
| #define PACKAGE_BUGREPORT "bug-libtool@gnu.org"
| #define PACKAGE_URL ""
| #define PACKAGE "libltdl"
| #define VERSION "2.4.2"
| #define STDC_HEADERS 1
| #define HAVE_SYS_TYPES_H 1
| #define HAVE_SYS_STAT_H 1
| #define HAVE_STDLIB_H 1
| #define HAVE_STRING_H 1
| #define HAVE_MEMORY_H 1
| #define HAVE_STRINGS_H 1
| #define HAVE_INTTYPES_H 1
| #define HAVE_STDINT_H 1
| #define HAVE_UNISTD_H 1
| #define HAVE_DLFCN_H 1
| #define LT_OBJDIR ".libs/"
| #define LT_MODULE_EXT ".so"
| #define LT_MODULE_PATH_VAR "LD_LIBRARY_PATH"
| #define LT_DLSEARCH_PATH "/lib64:/usr/lib64:/lib:/usr/lib:/usr/lib64/atlas:/usr/lib64/llvm:/usr/lib64/mysql:/usr/lib64/xulrunner"
| #define HAVE_LIBDL 1
| #define HAVE_DLERROR 1
| #define HAVE_LIBDLLOADER 1
| #define HAVE_ARGZ_H 1
| #define HAVE_ERROR_T 1
| #define HAVE_ARGZ_ADD 1
| #define HAVE_ARGZ_APPEND 1
| #define HAVE_ARGZ_COUNT 1
| #define HAVE_ARGZ_CREATE_SEP 1
| #define HAVE_ARGZ_INSERT 1
| #define HAVE_ARGZ_NEXT 1
| #define HAVE_ARGZ_STRINGIFY 1
| #define HAVE_WORKING_ARGZ 1
| #define HAVE_PRELOADED_SYMBOLS 1
| #define HAVE_UNISTD_H 1
| #define HAVE_DIRENT_H 1
| #define HAVE_CLOSEDIR 1
| #define HAVE_OPENDIR 1
| #define HAVE_READDIR 1
| /* end confdefs.h.  */
| /* Define strlcpy to an innocuous variant, in case <limits.h> declares strlcpy.
|    For example, HP-UX 11i <limits.h> declares gettimeofday.  */
| #define strlcpy innocuous_strlcpy
| 
| /* System header to define __stub macros and hopefully few prototypes,
|     which can conflict with char strlcpy (); below.
|     Prefer <limits.h> to <assert.h> if __STDC__ is defined, since
|     <limits.h> exists even on freestanding compilers.  */
| 
| #ifdef __STDC__
| # include <limits.h>
| #else
| # include <assert.h>
| #endif
| 
| #undef strlcpy
| 
| /* Override any GCC internal prototype to avoid an error.
|    Use char because int might match the return type of a GCC
|    builtin and then its argument prototype would still apply.  */
| #ifdef __cplusplus
| extern "C"
| #endif
| char strlcpy ();
| /* The GNU C library defines this for functions which it implements
|     to always fail with ENOSYS.  Some functions are actually named
|     something starting with __ and the normal name is an alias.  */
| #if defined __stub_strlcpy || defined __stub___strlcpy
| choke me
| #endif
| 
| int
| main ()
| {
| return strlcpy ();
|   ;
|   return 0;
| }
configure:12483: result: no
configure:12664: creating ./config.status

## ---------------------- ##
## Running config.status. ##
## ---------------------- ##

This file was extended by libltdl config.status 2.4.2, which was
generated by GNU Autoconf 2.69.  Invocation command line was

  CONFIG_FILES    = 
  CONFIG_HEADERS  = 
  CONFIG_LINKS    = 
  CONFIG_COMMANDS = 
  $ ./config.status 

on localhost.localdomain

config.status:1116: creating Makefile
config.status:1116: creating config.h
config.status:1345: executing depfiles commands
config.status:1345: executing libtool commands

## ---------------- ##
## Cache variables. ##
## ---------------- ##

ac_cv_build=x86_64-unknown-linux-gnu
ac_cv_c_compiler_gnu=yes
ac_cv_env_CC_set=
ac_cv_env_CC_value=
ac_cv_env_CFLAGS_set=set
ac_cv_env_CFLAGS_value='-O3 -DNDEBUG  -fvisibility=hidden'
ac_cv_env_CPPFLAGS_set=set
ac_cv_env_CPPFLAGS_value='  -I/home/uriel/Dev/mpisrc/XSCALAMPI/opal/mca/hwloc/hwloc172/hwloc/include -I/home/uriel/Dev/mpisrc/XSCALAMPI/opal/mca/event/libevent2021/libevent -I/home/uriel/Dev/mpisrc/XSCALAMPI/opal/mca/event/libevent2021/libevent/include'
ac_cv_env_CPP_set=
ac_cv_env_CPP_value=
ac_cv_env_LDFLAGS_set=set
ac_cv_env_LDFLAGS_value=' '
ac_cv_env_LIBS_set=set
ac_cv_env_LIBS_value='-lrt -lm -lutil  '
ac_cv_env_build_alias_set=
ac_cv_env_build_alias_value=
ac_cv_env_host_alias_set=
ac_cv_env_host_alias_value=
ac_cv_env_target_alias_set=
ac_cv_env_target_alias_value=
ac_cv_func_argz_add=yes
ac_cv_func_argz_append=yes
ac_cv_func_argz_count=yes
ac_cv_func_argz_create_sep=yes
ac_cv_func_argz_insert=yes
ac_cv_func_argz_next=yes
ac_cv_func_argz_stringify=yes
ac_cv_func_closedir=yes
ac_cv_func_dlerror=yes
ac_cv_func_dlopen=no
ac_cv_func_opendir=yes
ac_cv_func_readdir=yes
ac_cv_func_shl_load=no
ac_cv_func_strlcat=no
ac_cv_func_strlcpy=no
ac_cv_header_argz_h=yes
ac_cv_header_dirent_h=yes
ac_cv_header_dl_h=no
ac_cv_header_dld_h=no
ac_cv_header_dlfcn_h=yes
ac_cv_header_inttypes_h=yes
ac_cv_header_mach_o_dyld_h=no
ac_cv_header_memory_h=yes
ac_cv_header_stdc=yes
ac_cv_header_stdint_h=yes
ac_cv_header_stdlib_h=yes
ac_cv_header_string_h=yes
ac_cv_header_strings_h=yes
ac_cv_header_sys_dl_h=no
ac_cv_header_sys_stat_h=yes
ac_cv_header_sys_types_h=yes
ac_cv_header_unistd_h=yes
ac_cv_host=x86_64-unknown-linux-gnu
ac_cv_lib_dl_dlopen=yes
ac_cv_lib_dld_dld_link=no
ac_cv_lib_dld_shl_load=no
ac_cv_objext=o
ac_cv_path_EGREP='/usr/bin/grep -E'
ac_cv_path_FGREP='/usr/bin/grep -F'
ac_cv_path_GREP=/usr/bin/grep
ac_cv_path_SED=/usr/bin/sed
ac_cv_path_install='/usr/bin/install -c'
ac_cv_path_mkdir=/usr/bin/mkdir
ac_cv_prog_AWK=gawk
ac_cv_prog_CPP='gcc -E'
ac_cv_prog_ac_ct_AR=ar
ac_cv_prog_ac_ct_CC=gcc
ac_cv_prog_ac_ct_OBJDUMP=objdump
ac_cv_prog_ac_ct_RANLIB=ranlib
ac_cv_prog_ac_ct_STRIP=strip
ac_cv_prog_cc_c89=
ac_cv_prog_cc_g=yes
ac_cv_prog_make_make_set=yes
ac_cv_search_dlopen=-ldl
ac_cv_type_error_t=yes
am_cv_CC_dependencies_compiler_type=gcc3
libltdl_cv_lib_dl_dlopen=yes
libltdl_cv_preloaded_symbols=yes
libltdl_cv_shlibext=.so
libltdl_cv_shrext=.so
lt_cv_ar_at_file=@
lt_cv_archive_cmds_need_lc=no
lt_cv_deplibs_check_method=pass_all
lt_cv_dlopen=dlopen
lt_cv_dlopen_libs=-ldl
lt_cv_dlopen_self=yes
lt_cv_dlopen_self_static=yes
lt_cv_file_magic_cmd='$MAGIC_CMD'
lt_cv_file_magic_test_file=
lt_cv_ld_reload_flag=-r
lt_cv_module_path_var=LD_LIBRARY_PATH
lt_cv_nm_interface='BSD nm'
lt_cv_objdir=.libs
lt_cv_path_LD=/usr/bin/ld
lt_cv_path_NM='/usr/bin/nm -B'
lt_cv_path_mainfest_tool=no
lt_cv_prog_compiler_c_o=yes
lt_cv_prog_compiler_pic='-fPIC -DPIC'
lt_cv_prog_compiler_pic_works=yes
lt_cv_prog_compiler_rtti_exceptions=no
lt_cv_prog_compiler_static_works=no
lt_cv_prog_gnu_ld=yes
lt_cv_sharedlib_from_linklib_cmd='printf %s\n'
lt_cv_shlibpath_overrides_runpath=no
lt_cv_sys_argz_works=yes
lt_cv_sys_dlopen_deplibs=yes
lt_cv_sys_dlsearch_path='/lib64 /usr/lib64 /lib /usr/lib /usr/lib64/atlas /usr/lib64/llvm /usr/lib64/mysql /usr/lib64/xulrunner '
lt_cv_sys_global_symbol_pipe='sed -n -e '\''s/^.*[	 ]\([ABCDGIRSTW][ABCDGIRSTW]*\)[	 ][	 ]*\([_A-Za-z][_A-Za-z0-9]*\)$/\1 \2 \2/p'\'' | sed '\''/ __gnu_lto/d'\'''
lt_cv_sys_global_symbol_to_c_name_address='sed -n -e '\''s/^: \([^ ]*\)[ ]*$/  {\"\1\", (void *) 0},/p'\'' -e '\''s/^[ABCDGIRSTW]* \([^ ]*\) \([^ ]*\)$/  {"\2", (void *) \&\2},/p'\'''
lt_cv_sys_global_symbol_to_c_name_address_lib_prefix='sed -n -e '\''s/^: \([^ ]*\)[ ]*$/  {\"\1\", (void *) 0},/p'\'' -e '\''s/^[ABCDGIRSTW]* \([^ ]*\) \(lib[^ ]*\)$/  {"\2", (void *) \&\2},/p'\'' -e '\''s/^[ABCDGIRSTW]* \([^ ]*\) \([^ ]*\)$/  {"lib\2", (void *) \&\2},/p'\'''
lt_cv_sys_global_symbol_to_cdecl='sed -n -e '\''s/^T .* \(.*\)$/extern int \1();/p'\'' -e '\''s/^[ABCDGIRSTW]* .* \(.*\)$/extern char \1;/p'\'''
lt_cv_sys_max_cmd_len=1572864
lt_cv_sys_symbol_underscore=no
lt_cv_to_host_file_cmd=func_convert_file_noop
lt_cv_to_tool_file_cmd=func_convert_file_noop

## ----------------- ##
## Output variables. ##
## ----------------- ##

ACLOCAL='${SHELL} /home/uriel/Dev/mpisrc/XSCALAMPI/opal/libltdl/config/missing --run aclocal-1.11'
AMDEPBACKSLASH='\'
AMDEP_FALSE='#'
AMDEP_TRUE=''
AMTAR='${SHELL} /home/uriel/Dev/mpisrc/XSCALAMPI/opal/libltdl/config/missing --run tar'
AR='ar'
ARGZ_H=''
AS='as'
AUTOCONF='${SHELL} /home/uriel/Dev/mpisrc/XSCALAMPI/opal/libltdl/config/missing --run autoconf'
AUTOHEADER='${SHELL} /home/uriel/Dev/mpisrc/XSCALAMPI/opal/libltdl/config/missing --run autoheader'
AUTOMAKE='${SHELL} /home/uriel/Dev/mpisrc/XSCALAMPI/opal/libltdl/config/missing --run automake-1.11'
AWK='gawk'
CC='gcc'
CCDEPMODE='depmode=gcc3'
CFLAGS='-O3 -DNDEBUG  -fvisibility=hidden'
CONVENIENCE_LTDL_FALSE='#'
CONVENIENCE_LTDL_TRUE=''
CPP='gcc -E'
CPPFLAGS='  -I/home/uriel/Dev/mpisrc/XSCALAMPI/opal/mca/hwloc/hwloc172/hwloc/include -I/home/uriel/Dev/mpisrc/XSCALAMPI/opal/mca/event/libevent2021/libevent -I/home/uriel/Dev/mpisrc/XSCALAMPI/opal/mca/event/libevent2021/libevent/include'
CYGPATH_W='echo'
DEFS='-DHAVE_CONFIG_H'
DEPDIR='.deps'
DLLTOOL='false'
DSYMUTIL=''
DUMPBIN=''
ECHO_C=''
ECHO_N='-n'
ECHO_T=''
EGREP='/usr/bin/grep -E'
EXEEXT=''
FGREP='/usr/bin/grep -F'
GREP='/usr/bin/grep'
INSTALL_DATA='${INSTALL} -m 644'
INSTALL_LTDL_FALSE=''
INSTALL_LTDL_TRUE='#'
INSTALL_PROGRAM='${INSTALL}'
INSTALL_SCRIPT='${INSTALL}'
INSTALL_STRIP_PROGRAM='$(install_sh) -c -s'
LD='/usr/bin/ld -m elf_x86_64'
LDFLAGS=' '
LIBADD_DL='-ldl '
LIBADD_DLD_LINK=''
LIBADD_DLOPEN='-ldl'
LIBADD_SHL_LOAD=''
LIBOBJS=' ${LIBOBJDIR}lt__strl$U.o'
LIBS='-ldl -lrt -lm -lutil  '
LIBTOOL='$(SHELL) $(top_builddir)/libtool'
LIPO=''
LN_S='ln -s'
LTDLOPEN='libltdl'
LTLIBOBJS=' ${LIBOBJDIR}lt__strl$U.lo'
LT_CONFIG_H='config.h'
LT_DLLOADERS=' dlopen.la'
LT_DLPREOPEN='-dlpreopen dlopen.la '
MAKEINFO='${SHELL} /home/uriel/Dev/mpisrc/XSCALAMPI/opal/libltdl/config/missing --run makeinfo'
MANIFEST_TOOL=':'
MKDIR_P='/usr/bin/mkdir -p'
NM='/usr/bin/nm -B'
NMEDIT=''
OBJDUMP='objdump'
OBJEXT='o'
OTOOL64=''
OTOOL=''
PACKAGE='libltdl'
PACKAGE_BUGREPORT='bug-libtool@gnu.org'
PACKAGE_NAME='libltdl'
PACKAGE_STRING='libltdl 2.4.2'
PACKAGE_TARNAME='libltdl'
PACKAGE_URL=''
PACKAGE_VERSION='2.4.2'
PATH_SEPARATOR=':'
RANLIB='ranlib'
SED='/usr/bin/sed'
SET_MAKE=''
SHELL='/bin/sh'
STRIP='strip'
VERSION='2.4.2'
ac_ct_AR='ar'
ac_ct_CC='gcc'
ac_ct_DUMPBIN=''
am__EXEEXT_FALSE=''
am__EXEEXT_TRUE='#'
am__fastdepCC_FALSE='#'
am__fastdepCC_TRUE=''
am__include='include'
am__isrc=''
am__leading_dot='.'
am__quote=''
am__tar='${AMTAR} chof - "$$tardir"'
am__untar='${AMTAR} xf -'
bindir='${exec_prefix}/bin'
build='x86_64-unknown-linux-gnu'
build_alias=''
build_cpu='x86_64'
build_os='linux-gnu'
build_vendor='unknown'
datadir='${datarootdir}'
datarootdir='${prefix}/share'
docdir='${datarootdir}/doc/${PACKAGE_TARNAME}'
dvidir='${docdir}'
exec_prefix='${prefix}'
host='x86_64-unknown-linux-gnu'
host_alias=''
host_cpu='x86_64'
host_os='linux-gnu'
host_vendor='unknown'
htmldir='${docdir}'
includedir='${prefix}/include'
infodir='${datarootdir}/info'
install_sh='${SHELL} /home/uriel/Dev/mpisrc/XSCALAMPI/opal/libltdl/config/install-sh'
libdir='${exec_prefix}/lib'
libexecdir='${exec_prefix}/libexec'
localedir='${datarootdir}/locale'
localstatedir='${prefix}/var'
mandir='${datarootdir}/man'
mkdir_p='/usr/bin/mkdir -p'
oldincludedir='/usr/include'
pdfdir='${docdir}'
prefix='/home/uriel/mpiELFs'
program_transform_name='s,x,x,'
psdir='${docdir}'
sbindir='${exec_prefix}/sbin'
sharedstatedir='${prefix}/com'
sys_symbol_underscore='no'
sysconfdir='${prefix}/etc'
target_alias=''

## ----------- ##
## confdefs.h. ##
## ----------- ##

/* confdefs.h */
#define PACKAGE_NAME "libltdl"
#define PACKAGE_TARNAME "libltdl"
#define PACKAGE_VERSION "2.4.2"
#define PACKAGE_STRING "libltdl 2.4.2"
#define PACKAGE_BUGREPORT "bug-libtool@gnu.org"
#define PACKAGE_URL ""
#define PACKAGE "libltdl"
#define VERSION "2.4.2"
#define STDC_HEADERS 1
#define HAVE_SYS_TYPES_H 1
#define HAVE_SYS_STAT_H 1
#define HAVE_STDLIB_H 1
#define HAVE_STRING_H 1
#define HAVE_MEMORY_H 1
#define HAVE_STRINGS_H 1
#define HAVE_INTTYPES_H 1
#define HAVE_STDINT_H 1
#define HAVE_UNISTD_H 1
#define HAVE_DLFCN_H 1
#define LT_OBJDIR ".libs/"
#define LT_MODULE_EXT ".so"
#define LT_MODULE_PATH_VAR "LD_LIBRARY_PATH"
#define LT_DLSEARCH_PATH "/lib64:/usr/lib64:/lib:/usr/lib:/usr/lib64/atlas:/usr/lib64/llvm:/usr/lib64/mysql:/usr/lib64/xulrunner"
#define HAVE_LIBDL 1
#define HAVE_DLERROR 1
#define HAVE_LIBDLLOADER 1
#define HAVE_ARGZ_H 1
#define HAVE_ERROR_T 1
#define HAVE_ARGZ_ADD 1
#define HAVE_ARGZ_APPEND 1
#define HAVE_ARGZ_COUNT 1
#define HAVE_ARGZ_CREATE_SEP 1
#define HAVE_ARGZ_INSERT 1
#define HAVE_ARGZ_NEXT 1
#define HAVE_ARGZ_STRINGIFY 1
#define HAVE_WORKING_ARGZ 1
#define HAVE_PRELOADED_SYMBOLS 1
#define HAVE_UNISTD_H 1
#define HAVE_DIRENT_H 1
#define HAVE_CLOSEDIR 1
#define HAVE_OPENDIR 1
#define HAVE_READDIR 1
#define LT_LIBEXT "a"
#define LT_LIBPREFIX "lib"

configure: exit 0
