This file contains any messages produced by compilers while
running configure, to aid debugging if configure makes a mistake.

It was created by OTF configure 1.12.3openmpi, which was
generated by GNU Autoconf 2.69.  Invocation command line was

  $ ./configure --with-openmpi-inside=1.7 --disable-option-checking CFLAGS=-O3 -DNDEBUG -finline-functions -fno-strict-aliasing -pthread LDFLAGS=  -L/home/uriel/Dev/mpisrc/XSCALAMPI/ompi/contrib/vt/vt/../../../.libs LIBS=-lrt -lm -lutil   CPPFLAGS=-DINSIDE_OPENMPI   -I/home/uriel/Dev/mpisrc/XSCALAMPI/opal/mca/hwloc/hwloc172/hwloc/include -I/home/uriel/Dev/mpisrc/XSCALAMPI/opal/mca/event/libevent2021/libevent -I/home/uriel/Dev/mpisrc/XSCALAMPI/opal/mca/event/libevent2021/libevent/include -I/home/uriel/Dev/mpisrc/XSCALAMPI/ompi/contrib/vt/vt/../../../include -I/home/uriel/Dev/mpisrc/XSCALAMPI/ompi/contrib/vt/vt/../../../include CXXFLAGS=-O3 -DNDEBUG -finline-functions -pthread FCFLAGS= MPICC=gcc MPICXX=g++ --with-mpi --with-mpi-lib=-lmpi --with-zlib-lib=-lz --without-zoidfs --includedir=/usr/local/include/vampirtrace --docdir=${prefix}/share/vampirtrace/doc/otf --cache-file=/dev/null --srcdir=. --disable-option-checking

## --------- ##
## Platform. ##
## --------- ##

hostname = myHost
uname -m = x86_64
uname -r = 3.13.0-83-generic
uname -s = Linux
uname -v = #127-Ubuntu SMP Fri Mar 11 00:25:37 UTC 2016

/usr/bin/uname -p = unknown
/bin/uname -X     = unknown

/bin/arch              = unknown
/usr/bin/arch -k       = unknown
/usr/convex/getsysinfo = unknown
/usr/bin/hostinfo      = unknown
/bin/machine           = unknown
/usr/bin/oslevel       = unknown
/bin/universe          = unknown

PATH: /usr/local/sbin
PATH: /usr/local/bin
PATH: /usr/sbin
PATH: /usr/bin
PATH: /sbin
PATH: /bin
PATH: /usr/games
PATH: /usr/local/games
PATH: /home/uriel/mpiELFs/bin
PATH: /usr/local/cuda-7.5/bin
PATH: /usr/local/jre1.8.0_40//bin
PATH: /usr/local/eclipse


## ----------- ##
## Core tests. ##
## ----------- ##

configure:2886: checking build system type
configure:2900: result: x86_64-unknown-linux-gnu
configure:2920: checking host system type
configure:2933: result: x86_64-unknown-linux-gnu
configure:2953: checking target system type
configure:2966: result: x86_64-unknown-linux-gnu
configure:3009: checking for a BSD-compatible install
configure:3077: result: /usr/bin/install -c
configure:3088: checking whether build environment is sane
configure:3143: result: yes
configure:3294: checking for a thread-safe mkdir -p
configure:3333: result: /bin/mkdir -p
configure:3340: checking for gawk
configure:3370: result: no
configure:3340: checking for mawk
configure:3356: found /usr/bin/mawk
configure:3367: result: mawk
configure:3378: checking whether make sets $(MAKE)
configure:3400: result: yes
configure:3501: checking whether make supports nested variables
configure:3518: result: yes
configure:3620: checking for g++
configure:3636: found /usr/bin/g++
configure:3647: result: g++
configure:3674: checking for C++ compiler version
configure:3683: g++ --version >&5
g++ (Ubuntu 4.8.4-2ubuntu1~14.04.1) 4.8.4
Copyright (C) 2013 Free Software Foundation, Inc.
This is free software; see the source for copying conditions.  There is NO
warranty; not even for MERCHANTABILITY or FITNESS FOR A PARTICULAR PURPOSE.

configure:3694: $? = 0
configure:3683: g++ -v >&5
Using built-in specs.
COLLECT_GCC=g++
COLLECT_LTO_WRAPPER=/usr/lib/gcc/x86_64-linux-gnu/4.8/lto-wrapper
Target: x86_64-linux-gnu
Configured with: ../src/configure -v --with-pkgversion='Ubuntu 4.8.4-2ubuntu1~14.04.1' --with-bugurl=file:///usr/share/doc/gcc-4.8/README.Bugs --enable-languages=c,c++,java,go,d,fortran,objc,obj-c++ --prefix=/usr --program-suffix=-4.8 --enable-shared --enable-linker-build-id --libexecdir=/usr/lib --without-included-gettext --enable-threads=posix --with-gxx-include-dir=/usr/include/c++/4.8 --libdir=/usr/lib --enable-nls --with-sysroot=/ --enable-clocale=gnu --enable-libstdcxx-debug --enable-libstdcxx-time=yes --enable-gnu-unique-object --disable-libmudflap --enable-plugin --with-system-zlib --disable-browser-plugin --enable-java-awt=gtk --enable-gtk-cairo --with-java-home=/usr/lib/jvm/java-1.5.0-gcj-4.8-amd64/jre --enable-java-home --with-jvm-root-dir=/usr/lib/jvm/java-1.5.0-gcj-4.8-amd64 --with-jvm-jar-dir=/usr/lib/jvm-exports/java-1.5.0-gcj-4.8-amd64 --with-arch-directory=amd64 --with-ecj-jar=/usr/share/java/eclipse-ecj.jar --enable-objc-gc --enable-multiarch --disable-werror --with-arch-32=i686 --with-abi=m64 --with-multilib-list=m32,m64,mx32 --with-tune=generic --enable-checking=release --build=x86_64-linux-gnu --host=x86_64-linux-gnu --target=x86_64-linux-gnu
Thread model: posix
gcc version 4.8.4 (Ubuntu 4.8.4-2ubuntu1~14.04.1) 
configure:3694: $? = 0
configure:3683: g++ -V >&5
g++: error: unrecognized command line option '-V'
g++: fatal error: no input files
compilation terminated.
configure:3694: $? = 4
configure:3683: g++ -qversion >&5
g++: error: unrecognized command line option '-qversion'
g++: fatal error: no input files
compilation terminated.
configure:3694: $? = 4
configure:3714: checking whether the C++ compiler works
configure:3736: g++ -O3 -DNDEBUG -finline-functions -pthread -DINSIDE_OPENMPI -DINSIDE_OPENMPI   -I/home/uriel/Dev/mpisrc/XSCALAMPI/opal/mca/hwloc/hwloc172/hwloc/include -I/home/uriel/Dev/mpisrc/XSCALAMPI/opal/mca/event/libevent2021/libevent -I/home/uriel/Dev/mpisrc/XSCALAMPI/opal/mca/event/libevent2021/libevent/include -I/home/uriel/Dev/mpisrc/XSCALAMPI/ompi/contrib/vt/vt/../../../include -I/home/uriel/Dev/mpisrc/XSCALAMPI/ompi/contrib/vt/vt/../../../include   -L/home/uriel/Dev/mpisrc/XSCALAMPI/ompi/contrib/vt/vt/../../../.libs conftest.cpp -lrt -lm -lutil   >&5
configure:3740: $? = 0
configure:3788: result: yes
configure:3791: checking for C++ compiler default output file name
configure:3793: result: a.out
configure:3799: checking for suffix of executables
configure:3806: g++ -o conftest -O3 -DNDEBUG -finline-functions -pthread -DINSIDE_OPENMPI -DINSIDE_OPENMPI   -I/home/uriel/Dev/mpisrc/XSCALAMPI/opal/mca/hwloc/hwloc172/hwloc/include -I/home/uriel/Dev/mpisrc/XSCALAMPI/opal/mca/event/libevent2021/libevent -I/home/uriel/Dev/mpisrc/XSCALAMPI/opal/mca/event/libevent2021/libevent/include -I/home/uriel/Dev/mpisrc/XSCALAMPI/ompi/contrib/vt/vt/../../../include -I/home/uriel/Dev/mpisrc/XSCALAMPI/ompi/contrib/vt/vt/../../../include   -L/home/uriel/Dev/mpisrc/XSCALAMPI/ompi/contrib/vt/vt/../../../.libs conftest.cpp -lrt -lm -lutil   >&5
configure:3810: $? = 0
configure:3832: result: 
configure:3854: checking whether we are cross compiling
configure:3862: g++ -o conftest -O3 -DNDEBUG -finline-functions -pthread -DINSIDE_OPENMPI -DINSIDE_OPENMPI   -I/home/uriel/Dev/mpisrc/XSCALAMPI/opal/mca/hwloc/hwloc172/hwloc/include -I/home/uriel/Dev/mpisrc/XSCALAMPI/opal/mca/event/libevent2021/libevent -I/home/uriel/Dev/mpisrc/XSCALAMPI/opal/mca/event/libevent2021/libevent/include -I/home/uriel/Dev/mpisrc/XSCALAMPI/ompi/contrib/vt/vt/../../../include -I/home/uriel/Dev/mpisrc/XSCALAMPI/ompi/contrib/vt/vt/../../../include   -L/home/uriel/Dev/mpisrc/XSCALAMPI/ompi/contrib/vt/vt/../../../.libs conftest.cpp -lrt -lm -lutil   >&5
configure:3866: $? = 0
configure:3873: ./conftest
configure:3877: $? = 0
configure:3892: result: no
configure:3897: checking for suffix of object files
configure:3919: g++ -c -O3 -DNDEBUG -finline-functions -pthread -DINSIDE_OPENMPI -DINSIDE_OPENMPI   -I/home/uriel/Dev/mpisrc/XSCALAMPI/opal/mca/hwloc/hwloc172/hwloc/include -I/home/uriel/Dev/mpisrc/XSCALAMPI/opal/mca/event/libevent2021/libevent -I/home/uriel/Dev/mpisrc/XSCALAMPI/opal/mca/event/libevent2021/libevent/include -I/home/uriel/Dev/mpisrc/XSCALAMPI/ompi/contrib/vt/vt/../../../include -I/home/uriel/Dev/mpisrc/XSCALAMPI/ompi/contrib/vt/vt/../../../include conftest.cpp >&5
configure:3923: $? = 0
configure:3944: result: o
configure:3948: checking whether we are using the GNU C++ compiler
configure:3967: g++ -c -O3 -DNDEBUG -finline-functions -pthread -DINSIDE_OPENMPI -DINSIDE_OPENMPI   -I/home/uriel/Dev/mpisrc/XSCALAMPI/opal/mca/hwloc/hwloc172/hwloc/include -I/home/uriel/Dev/mpisrc/XSCALAMPI/opal/mca/event/libevent2021/libevent -I/home/uriel/Dev/mpisrc/XSCALAMPI/opal/mca/event/libevent2021/libevent/include -I/home/uriel/Dev/mpisrc/XSCALAMPI/ompi/contrib/vt/vt/../../../include -I/home/uriel/Dev/mpisrc/XSCALAMPI/ompi/contrib/vt/vt/../../../include conftest.cpp >&5
configure:3967: $? = 0
configure:3976: result: yes
configure:3985: checking whether g++ accepts -g
configure:4005: g++ -c -g -DINSIDE_OPENMPI -DINSIDE_OPENMPI   -I/home/uriel/Dev/mpisrc/XSCALAMPI/opal/mca/hwloc/hwloc172/hwloc/include -I/home/uriel/Dev/mpisrc/XSCALAMPI/opal/mca/event/libevent2021/libevent -I/home/uriel/Dev/mpisrc/XSCALAMPI/opal/mca/event/libevent2021/libevent/include -I/home/uriel/Dev/mpisrc/XSCALAMPI/ompi/contrib/vt/vt/../../../include -I/home/uriel/Dev/mpisrc/XSCALAMPI/ompi/contrib/vt/vt/../../../include conftest.cpp >&5
configure:4005: $? = 0
configure:4046: result: yes
configure:4080: checking for style of include used by make
configure:4108: result: GNU
configure:4134: checking dependency style of g++
configure:4245: result: gcc3
configure:4308: checking for gcc
configure:4324: found /usr/bin/gcc
configure:4335: result: gcc
configure:4564: checking for C compiler version
configure:4573: gcc --version >&5
gcc (Ubuntu 4.8.4-2ubuntu1~14.04.1) 4.8.4
Copyright (C) 2013 Free Software Foundation, Inc.
This is free software; see the source for copying conditions.  There is NO
warranty; not even for MERCHANTABILITY or FITNESS FOR A PARTICULAR PURPOSE.

configure:4584: $? = 0
configure:4573: gcc -v >&5
Using built-in specs.
COLLECT_GCC=gcc
COLLECT_LTO_WRAPPER=/usr/lib/gcc/x86_64-linux-gnu/4.8/lto-wrapper
Target: x86_64-linux-gnu
Configured with: ../src/configure -v --with-pkgversion='Ubuntu 4.8.4-2ubuntu1~14.04.1' --with-bugurl=file:///usr/share/doc/gcc-4.8/README.Bugs --enable-languages=c,c++,java,go,d,fortran,objc,obj-c++ --prefix=/usr --program-suffix=-4.8 --enable-shared --enable-linker-build-id --libexecdir=/usr/lib --without-included-gettext --enable-threads=posix --with-gxx-include-dir=/usr/include/c++/4.8 --libdir=/usr/lib --enable-nls --with-sysroot=/ --enable-clocale=gnu --enable-libstdcxx-debug --enable-libstdcxx-time=yes --enable-gnu-unique-object --disable-libmudflap --enable-plugin --with-system-zlib --disable-browser-plugin --enable-java-awt=gtk --enable-gtk-cairo --with-java-home=/usr/lib/jvm/java-1.5.0-gcj-4.8-amd64/jre --enable-java-home --with-jvm-root-dir=/usr/lib/jvm/java-1.5.0-gcj-4.8-amd64 --with-jvm-jar-dir=/usr/lib/jvm-exports/java-1.5.0-gcj-4.8-amd64 --with-arch-directory=amd64 --with-ecj-jar=/usr/share/java/eclipse-ecj.jar --enable-objc-gc --enable-multiarch --disable-werror --with-arch-32=i686 --with-abi=m64 --with-multilib-list=m32,m64,mx32 --with-tune=generic --enable-checking=release --build=x86_64-linux-gnu --host=x86_64-linux-gnu --target=x86_64-linux-gnu
Thread model: posix
gcc version 4.8.4 (Ubuntu 4.8.4-2ubuntu1~14.04.1) 
configure:4584: $? = 0
configure:4573: gcc -V >&5
gcc: error: unrecognized command line option '-V'
gcc: fatal error: no input files
compilation terminated.
configure:4584: $? = 4
configure:4573: gcc -qversion >&5
gcc: error: unrecognized command line option '-qversion'
gcc: fatal error: no input files
compilation terminated.
configure:4584: $? = 4
configure:4588: checking whether we are using the GNU C compiler
configure:4607: gcc -c -O3 -DNDEBUG -finline-functions -fno-strict-aliasing -pthread -DINSIDE_OPENMPI -DINSIDE_OPENMPI   -I/home/uriel/Dev/mpisrc/XSCALAMPI/opal/mca/hwloc/hwloc172/hwloc/include -I/home/uriel/Dev/mpisrc/XSCALAMPI/opal/mca/event/libevent2021/libevent -I/home/uriel/Dev/mpisrc/XSCALAMPI/opal/mca/event/libevent2021/libevent/include -I/home/uriel/Dev/mpisrc/XSCALAMPI/ompi/contrib/vt/vt/../../../include -I/home/uriel/Dev/mpisrc/XSCALAMPI/ompi/contrib/vt/vt/../../../include conftest.c >&5
configure:4607: $? = 0
configure:4616: result: yes
configure:4625: checking whether gcc accepts -g
configure:4645: gcc -c -g -DINSIDE_OPENMPI -DINSIDE_OPENMPI   -I/home/uriel/Dev/mpisrc/XSCALAMPI/opal/mca/hwloc/hwloc172/hwloc/include -I/home/uriel/Dev/mpisrc/XSCALAMPI/opal/mca/event/libevent2021/libevent -I/home/uriel/Dev/mpisrc/XSCALAMPI/opal/mca/event/libevent2021/libevent/include -I/home/uriel/Dev/mpisrc/XSCALAMPI/ompi/contrib/vt/vt/../../../include -I/home/uriel/Dev/mpisrc/XSCALAMPI/ompi/contrib/vt/vt/../../../include conftest.c >&5
configure:4645: $? = 0
configure:4686: result: yes
configure:4703: checking for gcc option to accept ISO C89
configure:4766: gcc  -c -O3 -DNDEBUG -finline-functions -fno-strict-aliasing -pthread -DINSIDE_OPENMPI -DINSIDE_OPENMPI   -I/home/uriel/Dev/mpisrc/XSCALAMPI/opal/mca/hwloc/hwloc172/hwloc/include -I/home/uriel/Dev/mpisrc/XSCALAMPI/opal/mca/event/libevent2021/libevent -I/home/uriel/Dev/mpisrc/XSCALAMPI/opal/mca/event/libevent2021/libevent/include -I/home/uriel/Dev/mpisrc/XSCALAMPI/ompi/contrib/vt/vt/../../../include -I/home/uriel/Dev/mpisrc/XSCALAMPI/ompi/contrib/vt/vt/../../../include conftest.c >&5
configure:4766: $? = 0
configure:4779: result: none needed
configure:4801: checking dependency style of gcc
configure:4912: result: gcc3
configure:4980: checking how to print strings
configure:5007: result: printf
configure:5028: checking for a sed that does not truncate output
configure:5092: result: /bin/sed
configure:5110: checking for grep that handles long lines and -e
configure:5168: result: /bin/grep
configure:5173: checking for egrep
configure:5235: result: /bin/grep -E
configure:5240: checking for fgrep
configure:5302: result: /bin/grep -F
configure:5337: checking for ld used by gcc
configure:5404: result: /usr/bin/ld
configure:5411: checking if the linker (/usr/bin/ld) is GNU ld
configure:5426: result: yes
configure:5438: checking for BSD- or MS-compatible name lister (nm)
configure:5487: result: /usr/bin/nm -B
configure:5617: checking the name lister (/usr/bin/nm -B) interface
configure:5624: gcc -c -O3 -DNDEBUG -finline-functions -fno-strict-aliasing -pthread -DINSIDE_OPENMPI -DINSIDE_OPENMPI   -I/home/uriel/Dev/mpisrc/XSCALAMPI/opal/mca/hwloc/hwloc172/hwloc/include -I/home/uriel/Dev/mpisrc/XSCALAMPI/opal/mca/event/libevent2021/libevent -I/home/uriel/Dev/mpisrc/XSCALAMPI/opal/mca/event/libevent2021/libevent/include -I/home/uriel/Dev/mpisrc/XSCALAMPI/ompi/contrib/vt/vt/../../../include -I/home/uriel/Dev/mpisrc/XSCALAMPI/ompi/contrib/vt/vt/../../../include conftest.c >&5
configure:5627: /usr/bin/nm -B "conftest.o"
configure:5630: output
0000000000000000 B some_variable
configure:5637: result: BSD nm
configure:5640: checking whether ln -s works
configure:5644: result: yes
configure:5652: checking the maximum length of command line arguments
configure:5782: result: 1572864
configure:5799: checking whether the shell understands some XSI constructs
configure:5809: result: yes
configure:5813: checking whether the shell understands "+="
configure:5819: result: yes
configure:5854: checking how to convert x86_64-unknown-linux-gnu file names to x86_64-unknown-linux-gnu format
configure:5894: result: func_convert_file_noop
configure:5901: checking how to convert x86_64-unknown-linux-gnu file names to toolchain format
configure:5921: result: func_convert_file_noop
configure:5928: checking for /usr/bin/ld option to reload object files
configure:5935: result: -r
configure:6009: checking for objdump
configure:6025: found /usr/bin/objdump
configure:6036: result: objdump
configure:6068: checking how to recognize dependent libraries
configure:6270: result: pass_all
configure:6355: checking for dlltool
configure:6385: result: no
configure:6415: checking how to associate runtime and link libraries
configure:6442: result: printf %s\n
configure:6503: checking for ar
configure:6519: found /usr/bin/ar
configure:6530: result: ar
configure:6567: checking for archiver @FILE support
configure:6584: gcc -c -O3 -DNDEBUG -finline-functions -fno-strict-aliasing -pthread -DINSIDE_OPENMPI -DINSIDE_OPENMPI   -I/home/uriel/Dev/mpisrc/XSCALAMPI/opal/mca/hwloc/hwloc172/hwloc/include -I/home/uriel/Dev/mpisrc/XSCALAMPI/opal/mca/event/libevent2021/libevent -I/home/uriel/Dev/mpisrc/XSCALAMPI/opal/mca/event/libevent2021/libevent/include -I/home/uriel/Dev/mpisrc/XSCALAMPI/ompi/contrib/vt/vt/../../../include -I/home/uriel/Dev/mpisrc/XSCALAMPI/ompi/contrib/vt/vt/../../../include conftest.c >&5
configure:6584: $? = 0
configure:6587: ar cru libconftest.a @conftest.lst >&5
configure:6590: $? = 0
configure:6595: ar cru libconftest.a @conftest.lst >&5
ar: conftest.o: No such file or directory
configure:6598: $? = 1
configure:6610: result: @
configure:6668: checking for strip
configure:6684: found /usr/bin/strip
configure:6695: result: strip
configure:6767: checking for ranlib
configure:6783: found /usr/bin/ranlib
configure:6794: result: ranlib
configure:6896: checking command to parse /usr/bin/nm -B output from gcc object
configure:7016: gcc -c -O3 -DNDEBUG -finline-functions -fno-strict-aliasing -pthread -DINSIDE_OPENMPI -DINSIDE_OPENMPI   -I/home/uriel/Dev/mpisrc/XSCALAMPI/opal/mca/hwloc/hwloc172/hwloc/include -I/home/uriel/Dev/mpisrc/XSCALAMPI/opal/mca/event/libevent2021/libevent -I/home/uriel/Dev/mpisrc/XSCALAMPI/opal/mca/event/libevent2021/libevent/include -I/home/uriel/Dev/mpisrc/XSCALAMPI/ompi/contrib/vt/vt/../../../include -I/home/uriel/Dev/mpisrc/XSCALAMPI/ompi/contrib/vt/vt/../../../include conftest.c >&5
configure:7019: $? = 0
configure:7023: /usr/bin/nm -B conftest.o \| sed -n -e 's/^.*[ ]\([ABCDGIRSTW][ABCDGIRSTW]*\)[ ][ ]*\([_A-Za-z][_A-Za-z0-9]*\)$/\1 \2 \2/p' | sed '/ __gnu_lto/d' \> conftest.nm
configure:7026: $? = 0
configure:7092: gcc -o conftest -O3 -DNDEBUG -finline-functions -fno-strict-aliasing -pthread -DINSIDE_OPENMPI -DINSIDE_OPENMPI   -I/home/uriel/Dev/mpisrc/XSCALAMPI/opal/mca/hwloc/hwloc172/hwloc/include -I/home/uriel/Dev/mpisrc/XSCALAMPI/opal/mca/event/libevent2021/libevent -I/home/uriel/Dev/mpisrc/XSCALAMPI/opal/mca/event/libevent2021/libevent/include -I/home/uriel/Dev/mpisrc/XSCALAMPI/ompi/contrib/vt/vt/../../../include -I/home/uriel/Dev/mpisrc/XSCALAMPI/ompi/contrib/vt/vt/../../../include   -L/home/uriel/Dev/mpisrc/XSCALAMPI/ompi/contrib/vt/vt/../../../.libs conftest.c conftstm.o >&5
configure:7095: $? = 0
configure:7133: result: ok
configure:7170: checking for sysroot
configure:7200: result: no
configure:7277: gcc -c -O3 -DNDEBUG -finline-functions -fno-strict-aliasing -pthread -DINSIDE_OPENMPI -DINSIDE_OPENMPI   -I/home/uriel/Dev/mpisrc/XSCALAMPI/opal/mca/hwloc/hwloc172/hwloc/include -I/home/uriel/Dev/mpisrc/XSCALAMPI/opal/mca/event/libevent2021/libevent -I/home/uriel/Dev/mpisrc/XSCALAMPI/opal/mca/event/libevent2021/libevent/include -I/home/uriel/Dev/mpisrc/XSCALAMPI/ompi/contrib/vt/vt/../../../include -I/home/uriel/Dev/mpisrc/XSCALAMPI/ompi/contrib/vt/vt/../../../include conftest.c >&5
configure:7280: $? = 0
configure:7456: checking for mt
configure:7472: found /bin/mt
configure:7483: result: mt
configure:7506: checking if mt is a manifest tool
configure:7512: mt '-?'
configure:7520: result: no
configure:8162: checking how to run the C preprocessor
configure:8193: gcc -E -DINSIDE_OPENMPI -DINSIDE_OPENMPI   -I/home/uriel/Dev/mpisrc/XSCALAMPI/opal/mca/hwloc/hwloc172/hwloc/include -I/home/uriel/Dev/mpisrc/XSCALAMPI/opal/mca/event/libevent2021/libevent -I/home/uriel/Dev/mpisrc/XSCALAMPI/opal/mca/event/libevent2021/libevent/include -I/home/uriel/Dev/mpisrc/XSCALAMPI/ompi/contrib/vt/vt/../../../include -I/home/uriel/Dev/mpisrc/XSCALAMPI/ompi/contrib/vt/vt/../../../include conftest.c
configure:8193: $? = 0
configure:8207: gcc -E -DINSIDE_OPENMPI -DINSIDE_OPENMPI   -I/home/uriel/Dev/mpisrc/XSCALAMPI/opal/mca/hwloc/hwloc172/hwloc/include -I/home/uriel/Dev/mpisrc/XSCALAMPI/opal/mca/event/libevent2021/libevent -I/home/uriel/Dev/mpisrc/XSCALAMPI/opal/mca/event/libevent2021/libevent/include -I/home/uriel/Dev/mpisrc/XSCALAMPI/ompi/contrib/vt/vt/../../../include -I/home/uriel/Dev/mpisrc/XSCALAMPI/ompi/contrib/vt/vt/../../../include conftest.c
conftest.c:11:28: fatal error: ac_nonexistent.h: No such file or directory
 #include <ac_nonexistent.h>
                            ^
compilation terminated.
configure:8207: $? = 1
configure: failed program was:
| /* confdefs.h */
| #define PACKAGE_NAME "OTF"
| #define PACKAGE_TARNAME "OTF"
| #define PACKAGE_VERSION "1.12.3openmpi"
| #define PACKAGE_STRING "OTF 1.12.3openmpi"
| #define PACKAGE_BUGREPORT "andreas.knuepfer@tu-dresden.de"
| #define PACKAGE_URL ""
| #define PACKAGE "OTF"
| #define VERSION "1.12.3openmpi"
| /* end confdefs.h.  */
| #include <ac_nonexistent.h>
configure:8232: result: gcc -E
configure:8252: gcc -E -DINSIDE_OPENMPI -DINSIDE_OPENMPI   -I/home/uriel/Dev/mpisrc/XSCALAMPI/opal/mca/hwloc/hwloc172/hwloc/include -I/home/uriel/Dev/mpisrc/XSCALAMPI/opal/mca/event/libevent2021/libevent -I/home/uriel/Dev/mpisrc/XSCALAMPI/opal/mca/event/libevent2021/libevent/include -I/home/uriel/Dev/mpisrc/XSCALAMPI/ompi/contrib/vt/vt/../../../include -I/home/uriel/Dev/mpisrc/XSCALAMPI/ompi/contrib/vt/vt/../../../include conftest.c
configure:8252: $? = 0
configure:8266: gcc -E -DINSIDE_OPENMPI -DINSIDE_OPENMPI   -I/home/uriel/Dev/mpisrc/XSCALAMPI/opal/mca/hwloc/hwloc172/hwloc/include -I/home/uriel/Dev/mpisrc/XSCALAMPI/opal/mca/event/libevent2021/libevent -I/home/uriel/Dev/mpisrc/XSCALAMPI/opal/mca/event/libevent2021/libevent/include -I/home/uriel/Dev/mpisrc/XSCALAMPI/ompi/contrib/vt/vt/../../../include -I/home/uriel/Dev/mpisrc/XSCALAMPI/ompi/contrib/vt/vt/../../../include conftest.c
conftest.c:11:28: fatal error: ac_nonexistent.h: No such file or directory
 #include <ac_nonexistent.h>
                            ^
compilation terminated.
configure:8266: $? = 1
configure: failed program was:
| /* confdefs.h */
| #define PACKAGE_NAME "OTF"
| #define PACKAGE_TARNAME "OTF"
| #define PACKAGE_VERSION "1.12.3openmpi"
| #define PACKAGE_STRING "OTF 1.12.3openmpi"
| #define PACKAGE_BUGREPORT "andreas.knuepfer@tu-dresden.de"
| #define PACKAGE_URL ""
| #define PACKAGE "OTF"
| #define VERSION "1.12.3openmpi"
| /* end confdefs.h.  */
| #include <ac_nonexistent.h>
configure:8295: checking for ANSI C header files
configure:8315: gcc -c -O3 -DNDEBUG -finline-functions -fno-strict-aliasing -pthread -DINSIDE_OPENMPI -DINSIDE_OPENMPI   -I/home/uriel/Dev/mpisrc/XSCALAMPI/opal/mca/hwloc/hwloc172/hwloc/include -I/home/uriel/Dev/mpisrc/XSCALAMPI/opal/mca/event/libevent2021/libevent -I/home/uriel/Dev/mpisrc/XSCALAMPI/opal/mca/event/libevent2021/libevent/include -I/home/uriel/Dev/mpisrc/XSCALAMPI/ompi/contrib/vt/vt/../../../include -I/home/uriel/Dev/mpisrc/XSCALAMPI/ompi/contrib/vt/vt/../../../include conftest.c >&5
configure:8315: $? = 0
configure:8388: gcc -o conftest -O3 -DNDEBUG -finline-functions -fno-strict-aliasing -pthread -DINSIDE_OPENMPI -DINSIDE_OPENMPI   -I/home/uriel/Dev/mpisrc/XSCALAMPI/opal/mca/hwloc/hwloc172/hwloc/include -I/home/uriel/Dev/mpisrc/XSCALAMPI/opal/mca/event/libevent2021/libevent -I/home/uriel/Dev/mpisrc/XSCALAMPI/opal/mca/event/libevent2021/libevent/include -I/home/uriel/Dev/mpisrc/XSCALAMPI/ompi/contrib/vt/vt/../../../include -I/home/uriel/Dev/mpisrc/XSCALAMPI/ompi/contrib/vt/vt/../../../include   -L/home/uriel/Dev/mpisrc/XSCALAMPI/ompi/contrib/vt/vt/../../../.libs conftest.c -lrt -lm -lutil   >&5
configure:8388: $? = 0
configure:8388: ./conftest
configure:8388: $? = 0
configure:8399: result: yes
configure:8412: checking for sys/types.h
configure:8412: gcc -c -O3 -DNDEBUG -finline-functions -fno-strict-aliasing -pthread -DINSIDE_OPENMPI -DINSIDE_OPENMPI   -I/home/uriel/Dev/mpisrc/XSCALAMPI/opal/mca/hwloc/hwloc172/hwloc/include -I/home/uriel/Dev/mpisrc/XSCALAMPI/opal/mca/event/libevent2021/libevent -I/home/uriel/Dev/mpisrc/XSCALAMPI/opal/mca/event/libevent2021/libevent/include -I/home/uriel/Dev/mpisrc/XSCALAMPI/ompi/contrib/vt/vt/../../../include -I/home/uriel/Dev/mpisrc/XSCALAMPI/ompi/contrib/vt/vt/../../../include conftest.c >&5
configure:8412: $? = 0
configure:8412: result: yes
configure:8412: checking for sys/stat.h
configure:8412: gcc -c -O3 -DNDEBUG -finline-functions -fno-strict-aliasing -pthread -DINSIDE_OPENMPI -DINSIDE_OPENMPI   -I/home/uriel/Dev/mpisrc/XSCALAMPI/opal/mca/hwloc/hwloc172/hwloc/include -I/home/uriel/Dev/mpisrc/XSCALAMPI/opal/mca/event/libevent2021/libevent -I/home/uriel/Dev/mpisrc/XSCALAMPI/opal/mca/event/libevent2021/libevent/include -I/home/uriel/Dev/mpisrc/XSCALAMPI/ompi/contrib/vt/vt/../../../include -I/home/uriel/Dev/mpisrc/XSCALAMPI/ompi/contrib/vt/vt/../../../include conftest.c >&5
configure:8412: $? = 0
configure:8412: result: yes
configure:8412: checking for stdlib.h
configure:8412: gcc -c -O3 -DNDEBUG -finline-functions -fno-strict-aliasing -pthread -DINSIDE_OPENMPI -DINSIDE_OPENMPI   -I/home/uriel/Dev/mpisrc/XSCALAMPI/opal/mca/hwloc/hwloc172/hwloc/include -I/home/uriel/Dev/mpisrc/XSCALAMPI/opal/mca/event/libevent2021/libevent -I/home/uriel/Dev/mpisrc/XSCALAMPI/opal/mca/event/libevent2021/libevent/include -I/home/uriel/Dev/mpisrc/XSCALAMPI/ompi/contrib/vt/vt/../../../include -I/home/uriel/Dev/mpisrc/XSCALAMPI/ompi/contrib/vt/vt/../../../include conftest.c >&5
configure:8412: $? = 0
configure:8412: result: yes
configure:8412: checking for string.h
configure:8412: gcc -c -O3 -DNDEBUG -finline-functions -fno-strict-aliasing -pthread -DINSIDE_OPENMPI -DINSIDE_OPENMPI   -I/home/uriel/Dev/mpisrc/XSCALAMPI/opal/mca/hwloc/hwloc172/hwloc/include -I/home/uriel/Dev/mpisrc/XSCALAMPI/opal/mca/event/libevent2021/libevent -I/home/uriel/Dev/mpisrc/XSCALAMPI/opal/mca/event/libevent2021/libevent/include -I/home/uriel/Dev/mpisrc/XSCALAMPI/ompi/contrib/vt/vt/../../../include -I/home/uriel/Dev/mpisrc/XSCALAMPI/ompi/contrib/vt/vt/../../../include conftest.c >&5
configure:8412: $? = 0
configure:8412: result: yes
configure:8412: checking for memory.h
configure:8412: gcc -c -O3 -DNDEBUG -finline-functions -fno-strict-aliasing -pthread -DINSIDE_OPENMPI -DINSIDE_OPENMPI   -I/home/uriel/Dev/mpisrc/XSCALAMPI/opal/mca/hwloc/hwloc172/hwloc/include -I/home/uriel/Dev/mpisrc/XSCALAMPI/opal/mca/event/libevent2021/libevent -I/home/uriel/Dev/mpisrc/XSCALAMPI/opal/mca/event/libevent2021/libevent/include -I/home/uriel/Dev/mpisrc/XSCALAMPI/ompi/contrib/vt/vt/../../../include -I/home/uriel/Dev/mpisrc/XSCALAMPI/ompi/contrib/vt/vt/../../../include conftest.c >&5
configure:8412: $? = 0
configure:8412: result: yes
configure:8412: checking for strings.h
configure:8412: gcc -c -O3 -DNDEBUG -finline-functions -fno-strict-aliasing -pthread -DINSIDE_OPENMPI -DINSIDE_OPENMPI   -I/home/uriel/Dev/mpisrc/XSCALAMPI/opal/mca/hwloc/hwloc172/hwloc/include -I/home/uriel/Dev/mpisrc/XSCALAMPI/opal/mca/event/libevent2021/libevent -I/home/uriel/Dev/mpisrc/XSCALAMPI/opal/mca/event/libevent2021/libevent/include -I/home/uriel/Dev/mpisrc/XSCALAMPI/ompi/contrib/vt/vt/../../../include -I/home/uriel/Dev/mpisrc/XSCALAMPI/ompi/contrib/vt/vt/../../../include conftest.c >&5
configure:8412: $? = 0
configure:8412: result: yes
configure:8412: checking for inttypes.h
configure:8412: gcc -c -O3 -DNDEBUG -finline-functions -fno-strict-aliasing -pthread -DINSIDE_OPENMPI -DINSIDE_OPENMPI   -I/home/uriel/Dev/mpisrc/XSCALAMPI/opal/mca/hwloc/hwloc172/hwloc/include -I/home/uriel/Dev/mpisrc/XSCALAMPI/opal/mca/event/libevent2021/libevent -I/home/uriel/Dev/mpisrc/XSCALAMPI/opal/mca/event/libevent2021/libevent/include -I/home/uriel/Dev/mpisrc/XSCALAMPI/ompi/contrib/vt/vt/../../../include -I/home/uriel/Dev/mpisrc/XSCALAMPI/ompi/contrib/vt/vt/../../../include conftest.c >&5
configure:8412: $? = 0
configure:8412: result: yes
configure:8412: checking for stdint.h
configure:8412: gcc -c -O3 -DNDEBUG -finline-functions -fno-strict-aliasing -pthread -DINSIDE_OPENMPI -DINSIDE_OPENMPI   -I/home/uriel/Dev/mpisrc/XSCALAMPI/opal/mca/hwloc/hwloc172/hwloc/include -I/home/uriel/Dev/mpisrc/XSCALAMPI/opal/mca/event/libevent2021/libevent -I/home/uriel/Dev/mpisrc/XSCALAMPI/opal/mca/event/libevent2021/libevent/include -I/home/uriel/Dev/mpisrc/XSCALAMPI/ompi/contrib/vt/vt/../../../include -I/home/uriel/Dev/mpisrc/XSCALAMPI/ompi/contrib/vt/vt/../../../include conftest.c >&5
configure:8412: $? = 0
configure:8412: result: yes
configure:8412: checking for unistd.h
configure:8412: gcc -c -O3 -DNDEBUG -finline-functions -fno-strict-aliasing -pthread -DINSIDE_OPENMPI -DINSIDE_OPENMPI   -I/home/uriel/Dev/mpisrc/XSCALAMPI/opal/mca/hwloc/hwloc172/hwloc/include -I/home/uriel/Dev/mpisrc/XSCALAMPI/opal/mca/event/libevent2021/libevent -I/home/uriel/Dev/mpisrc/XSCALAMPI/opal/mca/event/libevent2021/libevent/include -I/home/uriel/Dev/mpisrc/XSCALAMPI/ompi/contrib/vt/vt/../../../include -I/home/uriel/Dev/mpisrc/XSCALAMPI/ompi/contrib/vt/vt/../../../include conftest.c >&5
configure:8412: $? = 0
configure:8412: result: yes
configure:8426: checking for dlfcn.h
configure:8426: gcc -c -O3 -DNDEBUG -finline-functions -fno-strict-aliasing -pthread -DINSIDE_OPENMPI -DINSIDE_OPENMPI   -I/home/uriel/Dev/mpisrc/XSCALAMPI/opal/mca/hwloc/hwloc172/hwloc/include -I/home/uriel/Dev/mpisrc/XSCALAMPI/opal/mca/event/libevent2021/libevent -I/home/uriel/Dev/mpisrc/XSCALAMPI/opal/mca/event/libevent2021/libevent/include -I/home/uriel/Dev/mpisrc/XSCALAMPI/ompi/contrib/vt/vt/../../../include -I/home/uriel/Dev/mpisrc/XSCALAMPI/ompi/contrib/vt/vt/../../../include conftest.c >&5
configure:8426: $? = 0
configure:8426: result: yes
configure:8643: checking for objdir
configure:8658: result: .libs
configure:8929: checking if gcc supports -fno-rtti -fno-exceptions
configure:8947: gcc -c -O3 -DNDEBUG -finline-functions -fno-strict-aliasing -pthread -DINSIDE_OPENMPI -DINSIDE_OPENMPI   -I/home/uriel/Dev/mpisrc/XSCALAMPI/opal/mca/hwloc/hwloc172/hwloc/include -I/home/uriel/Dev/mpisrc/XSCALAMPI/opal/mca/event/libevent2021/libevent -I/home/uriel/Dev/mpisrc/XSCALAMPI/opal/mca/event/libevent2021/libevent/include -I/home/uriel/Dev/mpisrc/XSCALAMPI/ompi/contrib/vt/vt/../../../include -I/home/uriel/Dev/mpisrc/XSCALAMPI/ompi/contrib/vt/vt/../../../include -fno-rtti -fno-exceptions conftest.c >&5
cc1: warning: command line option '-fno-rtti' is valid for C++/ObjC++ but not for C [enabled by default]
configure:8951: $? = 0
configure:8964: result: no
configure:9291: checking for gcc option to produce PIC
configure:9298: result: -fPIC -DPIC
configure:9306: checking if gcc PIC flag -fPIC -DPIC works
configure:9324: gcc -c -O3 -DNDEBUG -finline-functions -fno-strict-aliasing -pthread -DINSIDE_OPENMPI -DINSIDE_OPENMPI   -I/home/uriel/Dev/mpisrc/XSCALAMPI/opal/mca/hwloc/hwloc172/hwloc/include -I/home/uriel/Dev/mpisrc/XSCALAMPI/opal/mca/event/libevent2021/libevent -I/home/uriel/Dev/mpisrc/XSCALAMPI/opal/mca/event/libevent2021/libevent/include -I/home/uriel/Dev/mpisrc/XSCALAMPI/ompi/contrib/vt/vt/../../../include -I/home/uriel/Dev/mpisrc/XSCALAMPI/ompi/contrib/vt/vt/../../../include -fPIC -DPIC -DPIC conftest.c >&5
configure:9328: $? = 0
configure:9341: result: yes
configure:9370: checking if gcc static flag -static works
configure:9398: result: yes
configure:9413: checking if gcc supports -c -o file.o
configure:9434: gcc -c -O3 -DNDEBUG -finline-functions -fno-strict-aliasing -pthread -DINSIDE_OPENMPI -DINSIDE_OPENMPI   -I/home/uriel/Dev/mpisrc/XSCALAMPI/opal/mca/hwloc/hwloc172/hwloc/include -I/home/uriel/Dev/mpisrc/XSCALAMPI/opal/mca/event/libevent2021/libevent -I/home/uriel/Dev/mpisrc/XSCALAMPI/opal/mca/event/libevent2021/libevent/include -I/home/uriel/Dev/mpisrc/XSCALAMPI/ompi/contrib/vt/vt/../../../include -I/home/uriel/Dev/mpisrc/XSCALAMPI/ompi/contrib/vt/vt/../../../include -o out/conftest2.o conftest.c >&5
configure:9438: $? = 0
configure:9460: result: yes
configure:9468: checking if gcc supports -c -o file.o
configure:9515: result: yes
configure:9548: checking whether the gcc linker (/usr/bin/ld -m elf_x86_64) supports shared libraries
configure:10701: result: yes
configure:10738: checking whether -lc should be explicitly linked in
configure:10746: gcc -c -O3 -DNDEBUG -finline-functions -fno-strict-aliasing -pthread -DINSIDE_OPENMPI -DINSIDE_OPENMPI   -I/home/uriel/Dev/mpisrc/XSCALAMPI/opal/mca/hwloc/hwloc172/hwloc/include -I/home/uriel/Dev/mpisrc/XSCALAMPI/opal/mca/event/libevent2021/libevent -I/home/uriel/Dev/mpisrc/XSCALAMPI/opal/mca/event/libevent2021/libevent/include -I/home/uriel/Dev/mpisrc/XSCALAMPI/ompi/contrib/vt/vt/../../../include -I/home/uriel/Dev/mpisrc/XSCALAMPI/ompi/contrib/vt/vt/../../../include conftest.c >&5
configure:10749: $? = 0
configure:10764: gcc -shared  -fPIC -DPIC conftest.o  -v -Wl,-soname -Wl,conftest -o conftest 2\>\&1 \| /bin/grep  -lc  \>/dev/null 2\>\&1
configure:10767: $? = 0
configure:10781: result: no
configure:10941: checking dynamic linker characteristics
configure:11452: gcc -o conftest -O3 -DNDEBUG -finline-functions -fno-strict-aliasing -pthread -DINSIDE_OPENMPI -DINSIDE_OPENMPI   -I/home/uriel/Dev/mpisrc/XSCALAMPI/opal/mca/hwloc/hwloc172/hwloc/include -I/home/uriel/Dev/mpisrc/XSCALAMPI/opal/mca/event/libevent2021/libevent -I/home/uriel/Dev/mpisrc/XSCALAMPI/opal/mca/event/libevent2021/libevent/include -I/home/uriel/Dev/mpisrc/XSCALAMPI/ompi/contrib/vt/vt/../../../include -I/home/uriel/Dev/mpisrc/XSCALAMPI/ompi/contrib/vt/vt/../../../include   -L/home/uriel/Dev/mpisrc/XSCALAMPI/ompi/contrib/vt/vt/../../../.libs -Wl,-rpath -Wl,/foo conftest.c -lrt -lm -lutil   >&5
configure:11452: $? = 0
configure:11674: result: GNU/Linux ld.so
configure:11781: checking how to hardcode library paths into programs
configure:11806: result: immediate
configure:12346: checking whether stripping libraries is possible
configure:12351: result: yes
configure:12386: checking if libtool supports shared libraries
configure:12388: result: yes
configure:12391: checking whether to build shared libraries
configure:12412: result: yes
configure:12415: checking whether to build static libraries
configure:12419: result: yes
configure:12442: checking how to run the C++ preprocessor
configure:12469: g++ -E -DINSIDE_OPENMPI -DINSIDE_OPENMPI   -I/home/uriel/Dev/mpisrc/XSCALAMPI/opal/mca/hwloc/hwloc172/hwloc/include -I/home/uriel/Dev/mpisrc/XSCALAMPI/opal/mca/event/libevent2021/libevent -I/home/uriel/Dev/mpisrc/XSCALAMPI/opal/mca/event/libevent2021/libevent/include -I/home/uriel/Dev/mpisrc/XSCALAMPI/ompi/contrib/vt/vt/../../../include -I/home/uriel/Dev/mpisrc/XSCALAMPI/ompi/contrib/vt/vt/../../../include conftest.cpp
configure:12469: $? = 0
configure:12483: g++ -E -DINSIDE_OPENMPI -DINSIDE_OPENMPI   -I/home/uriel/Dev/mpisrc/XSCALAMPI/opal/mca/hwloc/hwloc172/hwloc/include -I/home/uriel/Dev/mpisrc/XSCALAMPI/opal/mca/event/libevent2021/libevent -I/home/uriel/Dev/mpisrc/XSCALAMPI/opal/mca/event/libevent2021/libevent/include -I/home/uriel/Dev/mpisrc/XSCALAMPI/ompi/contrib/vt/vt/../../../include -I/home/uriel/Dev/mpisrc/XSCALAMPI/ompi/contrib/vt/vt/../../../include conftest.cpp
conftest.cpp:23:28: fatal error: ac_nonexistent.h: No such file or directory
 #include <ac_nonexistent.h>
                            ^
compilation terminated.
configure:12483: $? = 1
configure: failed program was:
| /* confdefs.h */
| #define PACKAGE_NAME "OTF"
| #define PACKAGE_TARNAME "OTF"
| #define PACKAGE_VERSION "1.12.3openmpi"
| #define PACKAGE_STRING "OTF 1.12.3openmpi"
| #define PACKAGE_BUGREPORT "andreas.knuepfer@tu-dresden.de"
| #define PACKAGE_URL ""
| #define PACKAGE "OTF"
| #define VERSION "1.12.3openmpi"
| #define STDC_HEADERS 1
| #define HAVE_SYS_TYPES_H 1
| #define HAVE_SYS_STAT_H 1
| #define HAVE_STDLIB_H 1
| #define HAVE_STRING_H 1
| #define HAVE_MEMORY_H 1
| #define HAVE_STRINGS_H 1
| #define HAVE_INTTYPES_H 1
| #define HAVE_STDINT_H 1
| #define HAVE_UNISTD_H 1
| #define HAVE_DLFCN_H 1
| #define LT_OBJDIR ".libs/"
| /* end confdefs.h.  */
| #include <ac_nonexistent.h>
configure:12508: result: g++ -E
configure:12528: g++ -E -DINSIDE_OPENMPI -DINSIDE_OPENMPI   -I/home/uriel/Dev/mpisrc/XSCALAMPI/opal/mca/hwloc/hwloc172/hwloc/include -I/home/uriel/Dev/mpisrc/XSCALAMPI/opal/mca/event/libevent2021/libevent -I/home/uriel/Dev/mpisrc/XSCALAMPI/opal/mca/event/libevent2021/libevent/include -I/home/uriel/Dev/mpisrc/XSCALAMPI/ompi/contrib/vt/vt/../../../include -I/home/uriel/Dev/mpisrc/XSCALAMPI/ompi/contrib/vt/vt/../../../include conftest.cpp
configure:12528: $? = 0
configure:12542: g++ -E -DINSIDE_OPENMPI -DINSIDE_OPENMPI   -I/home/uriel/Dev/mpisrc/XSCALAMPI/opal/mca/hwloc/hwloc172/hwloc/include -I/home/uriel/Dev/mpisrc/XSCALAMPI/opal/mca/event/libevent2021/libevent -I/home/uriel/Dev/mpisrc/XSCALAMPI/opal/mca/event/libevent2021/libevent/include -I/home/uriel/Dev/mpisrc/XSCALAMPI/ompi/contrib/vt/vt/../../../include -I/home/uriel/Dev/mpisrc/XSCALAMPI/ompi/contrib/vt/vt/../../../include conftest.cpp
conftest.cpp:23:28: fatal error: ac_nonexistent.h: No such file or directory
 #include <ac_nonexistent.h>
                            ^
compilation terminated.
configure:12542: $? = 1
configure: failed program was:
| /* confdefs.h */
| #define PACKAGE_NAME "OTF"
| #define PACKAGE_TARNAME "OTF"
| #define PACKAGE_VERSION "1.12.3openmpi"
| #define PACKAGE_STRING "OTF 1.12.3openmpi"
| #define PACKAGE_BUGREPORT "andreas.knuepfer@tu-dresden.de"
| #define PACKAGE_URL ""
| #define PACKAGE "OTF"
| #define VERSION "1.12.3openmpi"
| #define STDC_HEADERS 1
| #define HAVE_SYS_TYPES_H 1
| #define HAVE_SYS_STAT_H 1
| #define HAVE_STDLIB_H 1
| #define HAVE_STRING_H 1
| #define HAVE_MEMORY_H 1
| #define HAVE_STRINGS_H 1
| #define HAVE_INTTYPES_H 1
| #define HAVE_STDINT_H 1
| #define HAVE_UNISTD_H 1
| #define HAVE_DLFCN_H 1
| #define LT_OBJDIR ".libs/"
| /* end confdefs.h.  */
| #include <ac_nonexistent.h>
configure:12711: checking for ld used by g++
configure:12778: result: /usr/bin/ld -m elf_x86_64
configure:12785: checking if the linker (/usr/bin/ld -m elf_x86_64) is GNU ld
configure:12800: result: yes
configure:12855: checking whether the g++ linker (/usr/bin/ld -m elf_x86_64) supports shared libraries
configure:13860: result: yes
configure:13896: g++ -c -O3 -DNDEBUG -finline-functions -pthread -DINSIDE_OPENMPI -DINSIDE_OPENMPI   -I/home/uriel/Dev/mpisrc/XSCALAMPI/opal/mca/hwloc/hwloc172/hwloc/include -I/home/uriel/Dev/mpisrc/XSCALAMPI/opal/mca/event/libevent2021/libevent -I/home/uriel/Dev/mpisrc/XSCALAMPI/opal/mca/event/libevent2021/libevent/include -I/home/uriel/Dev/mpisrc/XSCALAMPI/ompi/contrib/vt/vt/../../../include -I/home/uriel/Dev/mpisrc/XSCALAMPI/ompi/contrib/vt/vt/../../../include conftest.cpp >&5
configure:13899: $? = 0
configure:14419: checking for g++ option to produce PIC
configure:14426: result: -fPIC -DPIC
configure:14434: checking if g++ PIC flag -fPIC -DPIC works
configure:14452: g++ -c -O3 -DNDEBUG -finline-functions -pthread -DINSIDE_OPENMPI -DINSIDE_OPENMPI   -I/home/uriel/Dev/mpisrc/XSCALAMPI/opal/mca/hwloc/hwloc172/hwloc/include -I/home/uriel/Dev/mpisrc/XSCALAMPI/opal/mca/event/libevent2021/libevent -I/home/uriel/Dev/mpisrc/XSCALAMPI/opal/mca/event/libevent2021/libevent/include -I/home/uriel/Dev/mpisrc/XSCALAMPI/ompi/contrib/vt/vt/../../../include -I/home/uriel/Dev/mpisrc/XSCALAMPI/ompi/contrib/vt/vt/../../../include -fPIC -DPIC -DPIC conftest.cpp >&5
configure:14456: $? = 0
configure:14469: result: yes
configure:14492: checking if g++ static flag -static works
configure:14520: result: yes
configure:14532: checking if g++ supports -c -o file.o
configure:14553: g++ -c -O3 -DNDEBUG -finline-functions -pthread -DINSIDE_OPENMPI -DINSIDE_OPENMPI   -I/home/uriel/Dev/mpisrc/XSCALAMPI/opal/mca/hwloc/hwloc172/hwloc/include -I/home/uriel/Dev/mpisrc/XSCALAMPI/opal/mca/event/libevent2021/libevent -I/home/uriel/Dev/mpisrc/XSCALAMPI/opal/mca/event/libevent2021/libevent/include -I/home/uriel/Dev/mpisrc/XSCALAMPI/ompi/contrib/vt/vt/../../../include -I/home/uriel/Dev/mpisrc/XSCALAMPI/ompi/contrib/vt/vt/../../../include -o out/conftest2.o conftest.cpp >&5
configure:14557: $? = 0
configure:14579: result: yes
configure:14584: checking if g++ supports -c -o file.o
configure:14631: result: yes
configure:14661: checking whether the g++ linker (/usr/bin/ld -m elf_x86_64) supports shared libraries
configure:14697: result: yes
configure:14838: checking dynamic linker characteristics
configure:15505: result: GNU/Linux ld.so
configure:15558: checking how to hardcode library paths into programs
configure:15583: result: immediate
configure:15645: checking whether byte ordering is bigendian
configure:15660: gcc -c -O3 -DNDEBUG -finline-functions -fno-strict-aliasing -pthread -DINSIDE_OPENMPI -DINSIDE_OPENMPI   -I/home/uriel/Dev/mpisrc/XSCALAMPI/opal/mca/hwloc/hwloc172/hwloc/include -I/home/uriel/Dev/mpisrc/XSCALAMPI/opal/mca/event/libevent2021/libevent -I/home/uriel/Dev/mpisrc/XSCALAMPI/opal/mca/event/libevent2021/libevent/include -I/home/uriel/Dev/mpisrc/XSCALAMPI/ompi/contrib/vt/vt/../../../include -I/home/uriel/Dev/mpisrc/XSCALAMPI/ompi/contrib/vt/vt/../../../include conftest.c >&5
conftest.c:24:9: error: unknown type name 'not'
         not a universal capable compiler
         ^
conftest.c:24:15: error: expected '=', ',', ';', 'asm' or '__attribute__' before 'universal'
         not a universal capable compiler
               ^
conftest.c:24:15: error: unknown type name 'universal'
configure:15660: $? = 1
configure: failed program was:
| /* confdefs.h */
| #define PACKAGE_NAME "OTF"
| #define PACKAGE_TARNAME "OTF"
| #define PACKAGE_VERSION "1.12.3openmpi"
| #define PACKAGE_STRING "OTF 1.12.3openmpi"
| #define PACKAGE_BUGREPORT "andreas.knuepfer@tu-dresden.de"
| #define PACKAGE_URL ""
| #define PACKAGE "OTF"
| #define VERSION "1.12.3openmpi"
| #define STDC_HEADERS 1
| #define HAVE_SYS_TYPES_H 1
| #define HAVE_SYS_STAT_H 1
| #define HAVE_STDLIB_H 1
| #define HAVE_STRING_H 1
| #define HAVE_MEMORY_H 1
| #define HAVE_STRINGS_H 1
| #define HAVE_INTTYPES_H 1
| #define HAVE_STDINT_H 1
| #define HAVE_UNISTD_H 1
| #define HAVE_DLFCN_H 1
| #define LT_OBJDIR ".libs/"
| /* end confdefs.h.  */
| #ifndef __APPLE_CC__
| 	       not a universal capable compiler
| 	     #endif
| 	     typedef int dummy;
| 
configure:15705: gcc -c -O3 -DNDEBUG -finline-functions -fno-strict-aliasing -pthread -DINSIDE_OPENMPI -DINSIDE_OPENMPI   -I/home/uriel/Dev/mpisrc/XSCALAMPI/opal/mca/hwloc/hwloc172/hwloc/include -I/home/uriel/Dev/mpisrc/XSCALAMPI/opal/mca/event/libevent2021/libevent -I/home/uriel/Dev/mpisrc/XSCALAMPI/opal/mca/event/libevent2021/libevent/include -I/home/uriel/Dev/mpisrc/XSCALAMPI/ompi/contrib/vt/vt/../../../include -I/home/uriel/Dev/mpisrc/XSCALAMPI/ompi/contrib/vt/vt/../../../include conftest.c >&5
configure:15705: $? = 0
configure:15723: gcc -c -O3 -DNDEBUG -finline-functions -fno-strict-aliasing -pthread -DINSIDE_OPENMPI -DINSIDE_OPENMPI   -I/home/uriel/Dev/mpisrc/XSCALAMPI/opal/mca/hwloc/hwloc172/hwloc/include -I/home/uriel/Dev/mpisrc/XSCALAMPI/opal/mca/event/libevent2021/libevent -I/home/uriel/Dev/mpisrc/XSCALAMPI/opal/mca/event/libevent2021/libevent/include -I/home/uriel/Dev/mpisrc/XSCALAMPI/ompi/contrib/vt/vt/../../../include -I/home/uriel/Dev/mpisrc/XSCALAMPI/ompi/contrib/vt/vt/../../../include conftest.c >&5
conftest.c: In function 'main':
conftest.c:30:4: error: unknown type name 'not'
    not big endian
    ^
conftest.c:30:12: error: expected '=', ',', ';', 'asm' or '__attribute__' before 'endian'
    not big endian
            ^
configure:15723: $? = 1
configure: failed program was:
| /* confdefs.h */
| #define PACKAGE_NAME "OTF"
| #define PACKAGE_TARNAME "OTF"
| #define PACKAGE_VERSION "1.12.3openmpi"
| #define PACKAGE_STRING "OTF 1.12.3openmpi"
| #define PACKAGE_BUGREPORT "andreas.knuepfer@tu-dresden.de"
| #define PACKAGE_URL ""
| #define PACKAGE "OTF"
| #define VERSION "1.12.3openmpi"
| #define STDC_HEADERS 1
| #define HAVE_SYS_TYPES_H 1
| #define HAVE_SYS_STAT_H 1
| #define HAVE_STDLIB_H 1
| #define HAVE_STRING_H 1
| #define HAVE_MEMORY_H 1
| #define HAVE_STRINGS_H 1
| #define HAVE_INTTYPES_H 1
| #define HAVE_STDINT_H 1
| #define HAVE_UNISTD_H 1
| #define HAVE_DLFCN_H 1
| #define LT_OBJDIR ".libs/"
| /* end confdefs.h.  */
| #include <sys/types.h>
| 		#include <sys/param.h>
| 
| int
| main ()
| {
| #if BYTE_ORDER != BIG_ENDIAN
| 		 not big endian
| 		#endif
| 
|   ;
|   return 0;
| }
configure:15851: result: no
configure:15971: checking for mpicc
configure:15998: result: gcc
configure:16165: checking for mpic++
configure:16192: result: g++
configure:16466: checking for OpenMP flag of C++ compiler
configure:16500: g++ -c -O3 -DNDEBUG -finline-functions -pthread -fopenmp -DINSIDE_OPENMPI -DINSIDE_OPENMPI   -I/home/uriel/Dev/mpisrc/XSCALAMPI/opal/mca/hwloc/hwloc172/hwloc/include -I/home/uriel/Dev/mpisrc/XSCALAMPI/opal/mca/event/libevent2021/libevent -I/home/uriel/Dev/mpisrc/XSCALAMPI/opal/mca/event/libevent2021/libevent/include -I/home/uriel/Dev/mpisrc/XSCALAMPI/ompi/contrib/vt/vt/../../../include -I/home/uriel/Dev/mpisrc/XSCALAMPI/ompi/contrib/vt/vt/../../../include -D_GNU_SOURCE conftest.cpp >&5
configure:16500: $? = 0
configure:16508: result: -fopenmp
configure:16593: checking vtf3.h usability
configure:16593: gcc -c -O3 -DNDEBUG -finline-functions -fno-strict-aliasing -pthread -DINSIDE_OPENMPI -DINSIDE_OPENMPI   -I/home/uriel/Dev/mpisrc/XSCALAMPI/opal/mca/hwloc/hwloc172/hwloc/include -I/home/uriel/Dev/mpisrc/XSCALAMPI/opal/mca/event/libevent2021/libevent -I/home/uriel/Dev/mpisrc/XSCALAMPI/opal/mca/event/libevent2021/libevent/include -I/home/uriel/Dev/mpisrc/XSCALAMPI/ompi/contrib/vt/vt/../../../include -I/home/uriel/Dev/mpisrc/XSCALAMPI/ompi/contrib/vt/vt/../../../include -D_GNU_SOURCE conftest.c >&5
conftest.c:56:18: fatal error: vtf3.h: No such file or directory
 #include <vtf3.h>
                  ^
compilation terminated.
configure:16593: $? = 1
configure: failed program was:
| /* confdefs.h */
| #define PACKAGE_NAME "OTF"
| #define PACKAGE_TARNAME "OTF"
| #define PACKAGE_VERSION "1.12.3openmpi"
| #define PACKAGE_STRING "OTF 1.12.3openmpi"
| #define PACKAGE_BUGREPORT "andreas.knuepfer@tu-dresden.de"
| #define PACKAGE_URL ""
| #define PACKAGE "OTF"
| #define VERSION "1.12.3openmpi"
| #define STDC_HEADERS 1
| #define HAVE_SYS_TYPES_H 1
| #define HAVE_SYS_STAT_H 1
| #define HAVE_STDLIB_H 1
| #define HAVE_STRING_H 1
| #define HAVE_MEMORY_H 1
| #define HAVE_STRINGS_H 1
| #define HAVE_INTTYPES_H 1
| #define HAVE_STDINT_H 1
| #define HAVE_UNISTD_H 1
| #define HAVE_DLFCN_H 1
| #define LT_OBJDIR ".libs/"
| /* end confdefs.h.  */
| #include <stdio.h>
| #ifdef HAVE_SYS_TYPES_H
| # include <sys/types.h>
| #endif
| #ifdef HAVE_SYS_STAT_H
| # include <sys/stat.h>
| #endif
| #ifdef STDC_HEADERS
| # include <stdlib.h>
| # include <stddef.h>
| #else
| # ifdef HAVE_STDLIB_H
| #  include <stdlib.h>
| # endif
| #endif
| #ifdef HAVE_STRING_H
| # if !defined STDC_HEADERS && defined HAVE_MEMORY_H
| #  include <memory.h>
| # endif
| # include <string.h>
| #endif
| #ifdef HAVE_STRINGS_H
| # include <strings.h>
| #endif
| #ifdef HAVE_INTTYPES_H
| # include <inttypes.h>
| #endif
| #ifdef HAVE_STDINT_H
| # include <stdint.h>
| #endif
| #ifdef HAVE_UNISTD_H
| # include <unistd.h>
| #endif
| #include <vtf3.h>
configure:16593: result: no
configure:16593: checking vtf3.h presence
configure:16593: gcc -E -DINSIDE_OPENMPI -DINSIDE_OPENMPI   -I/home/uriel/Dev/mpisrc/XSCALAMPI/opal/mca/hwloc/hwloc172/hwloc/include -I/home/uriel/Dev/mpisrc/XSCALAMPI/opal/mca/event/libevent2021/libevent -I/home/uriel/Dev/mpisrc/XSCALAMPI/opal/mca/event/libevent2021/libevent/include -I/home/uriel/Dev/mpisrc/XSCALAMPI/ompi/contrib/vt/vt/../../../include -I/home/uriel/Dev/mpisrc/XSCALAMPI/ompi/contrib/vt/vt/../../../include -D_GNU_SOURCE conftest.c
conftest.c:23:18: fatal error: vtf3.h: No such file or directory
 #include <vtf3.h>
                  ^
compilation terminated.
configure:16593: $? = 1
configure: failed program was:
| /* confdefs.h */
| #define PACKAGE_NAME "OTF"
| #define PACKAGE_TARNAME "OTF"
| #define PACKAGE_VERSION "1.12.3openmpi"
| #define PACKAGE_STRING "OTF 1.12.3openmpi"
| #define PACKAGE_BUGREPORT "andreas.knuepfer@tu-dresden.de"
| #define PACKAGE_URL ""
| #define PACKAGE "OTF"
| #define VERSION "1.12.3openmpi"
| #define STDC_HEADERS 1
| #define HAVE_SYS_TYPES_H 1
| #define HAVE_SYS_STAT_H 1
| #define HAVE_STDLIB_H 1
| #define HAVE_STRING_H 1
| #define HAVE_MEMORY_H 1
| #define HAVE_STRINGS_H 1
| #define HAVE_INTTYPES_H 1
| #define HAVE_STDINT_H 1
| #define HAVE_UNISTD_H 1
| #define HAVE_DLFCN_H 1
| #define LT_OBJDIR ".libs/"
| /* end confdefs.h.  */
| #include <vtf3.h>
configure:16593: result: no
configure:16593: checking for vtf3.h
configure:16593: result: no
configure:16598: error: no vtf3.h found; check path for VTF3 package first...
configure:16732: checking zlib.h usability
configure:16732: gcc -c -O3 -DNDEBUG -finline-functions -fno-strict-aliasing -pthread -DINSIDE_OPENMPI -DINSIDE_OPENMPI   -I/home/uriel/Dev/mpisrc/XSCALAMPI/opal/mca/hwloc/hwloc172/hwloc/include -I/home/uriel/Dev/mpisrc/XSCALAMPI/opal/mca/event/libevent2021/libevent -I/home/uriel/Dev/mpisrc/XSCALAMPI/opal/mca/event/libevent2021/libevent/include -I/home/uriel/Dev/mpisrc/XSCALAMPI/ompi/contrib/vt/vt/../../../include -I/home/uriel/Dev/mpisrc/XSCALAMPI/ompi/contrib/vt/vt/../../../include -D_GNU_SOURCE conftest.c >&5
configure:16732: $? = 0
configure:16732: result: yes
configure:16732: checking zlib.h presence
configure:16732: gcc -E -DINSIDE_OPENMPI -DINSIDE_OPENMPI   -I/home/uriel/Dev/mpisrc/XSCALAMPI/opal/mca/hwloc/hwloc172/hwloc/include -I/home/uriel/Dev/mpisrc/XSCALAMPI/opal/mca/event/libevent2021/libevent -I/home/uriel/Dev/mpisrc/XSCALAMPI/opal/mca/event/libevent2021/libevent/include -I/home/uriel/Dev/mpisrc/XSCALAMPI/ompi/contrib/vt/vt/../../../include -I/home/uriel/Dev/mpisrc/XSCALAMPI/ompi/contrib/vt/vt/../../../include -D_GNU_SOURCE conftest.c
configure:16732: $? = 0
configure:16732: result: yes
configure:16732: checking for zlib.h
configure:16732: result: yes
configure:17090: checking whether linking with -lm works
configure:17103: gcc -o conftest -O3 -DNDEBUG -finline-functions -fno-strict-aliasing -pthread -DINSIDE_OPENMPI -DINSIDE_OPENMPI   -I/home/uriel/Dev/mpisrc/XSCALAMPI/opal/mca/hwloc/hwloc172/hwloc/include -I/home/uriel/Dev/mpisrc/XSCALAMPI/opal/mca/event/libevent2021/libevent -I/home/uriel/Dev/mpisrc/XSCALAMPI/opal/mca/event/libevent2021/libevent/include -I/home/uriel/Dev/mpisrc/XSCALAMPI/ompi/contrib/vt/vt/../../../include -I/home/uriel/Dev/mpisrc/XSCALAMPI/ompi/contrib/vt/vt/../../../include -D_GNU_SOURCE   -L/home/uriel/Dev/mpisrc/XSCALAMPI/ompi/contrib/vt/vt/../../../.libs conftest.c -lrt -lm -lutil   -lm >&5
configure:17103: $? = 0
configure:17104: result: yes
configure:17116: checking whether we need to link -lm to get math functions
configure:17132: gcc -o conftest -O3 -DNDEBUG -finline-functions -fno-strict-aliasing -pthread -DINSIDE_OPENMPI -DINSIDE_OPENMPI   -I/home/uriel/Dev/mpisrc/XSCALAMPI/opal/mca/hwloc/hwloc172/hwloc/include -I/home/uriel/Dev/mpisrc/XSCALAMPI/opal/mca/event/libevent2021/libevent -I/home/uriel/Dev/mpisrc/XSCALAMPI/opal/mca/event/libevent2021/libevent/include -I/home/uriel/Dev/mpisrc/XSCALAMPI/ompi/contrib/vt/vt/../../../include -I/home/uriel/Dev/mpisrc/XSCALAMPI/ompi/contrib/vt/vt/../../../include -D_GNU_SOURCE   -L/home/uriel/Dev/mpisrc/XSCALAMPI/ompi/contrib/vt/vt/../../../.libs conftest.c  >&5
/tmp/ccxAaOma.o: In function `main':
conftest.c:(.text.startup+0x19): undefined reference to `ceil'
collect2: error: ld returned 1 exit status
configure:17132: $? = 1
configure: failed program was:
| /* confdefs.h */
| #define PACKAGE_NAME "OTF"
| #define PACKAGE_TARNAME "OTF"
| #define PACKAGE_VERSION "1.12.3openmpi"
| #define PACKAGE_STRING "OTF 1.12.3openmpi"
| #define PACKAGE_BUGREPORT "andreas.knuepfer@tu-dresden.de"
| #define PACKAGE_URL ""
| #define PACKAGE "OTF"
| #define VERSION "1.12.3openmpi"
| #define STDC_HEADERS 1
| #define HAVE_SYS_TYPES_H 1
| #define HAVE_SYS_STAT_H 1
| #define HAVE_STDLIB_H 1
| #define HAVE_STRING_H 1
| #define HAVE_MEMORY_H 1
| #define HAVE_STRINGS_H 1
| #define HAVE_INTTYPES_H 1
| #define HAVE_STDINT_H 1
| #define HAVE_UNISTD_H 1
| #define HAVE_DLFCN_H 1
| #define LT_OBJDIR ".libs/"
| #define HAVE_ZLIB 1
| /* end confdefs.h.  */
| #include <math.h>
| int
| main ()
| {
| 
|   volatile double c, x = 47.11;
|   c = ceil(x);
| 
|   ;
|   return 0;
| }
configure:17136: result: yes
configure:17589: checking for pdflatex
configure:17605: found /usr/bin/pdflatex
configure:17616: result: pdflatex
configure:17634: checking for PGFPLOTS version >= 1.4
configure:17652: result: yes
configure:17705: checking for ANSI C header files
configure:17809: result: yes
configure:17820: checking ctype.h usability
configure:17820: gcc -c -O3 -DNDEBUG -finline-functions -fno-strict-aliasing -pthread -DINSIDE_OPENMPI -DINSIDE_OPENMPI   -I/home/uriel/Dev/mpisrc/XSCALAMPI/opal/mca/hwloc/hwloc172/hwloc/include -I/home/uriel/Dev/mpisrc/XSCALAMPI/opal/mca/event/libevent2021/libevent -I/home/uriel/Dev/mpisrc/XSCALAMPI/opal/mca/event/libevent2021/libevent/include -I/home/uriel/Dev/mpisrc/XSCALAMPI/ompi/contrib/vt/vt/../../../include -I/home/uriel/Dev/mpisrc/XSCALAMPI/ompi/contrib/vt/vt/../../../include -D_GNU_SOURCE conftest.c >&5
configure:17820: $? = 0
configure:17820: result: yes
configure:17820: checking ctype.h presence
configure:17820: gcc -E -DINSIDE_OPENMPI -DINSIDE_OPENMPI   -I/home/uriel/Dev/mpisrc/XSCALAMPI/opal/mca/hwloc/hwloc172/hwloc/include -I/home/uriel/Dev/mpisrc/XSCALAMPI/opal/mca/event/libevent2021/libevent -I/home/uriel/Dev/mpisrc/XSCALAMPI/opal/mca/event/libevent2021/libevent/include -I/home/uriel/Dev/mpisrc/XSCALAMPI/ompi/contrib/vt/vt/../../../include -I/home/uriel/Dev/mpisrc/XSCALAMPI/ompi/contrib/vt/vt/../../../include -D_GNU_SOURCE conftest.c
configure:17820: $? = 0
configure:17820: result: yes
configure:17820: checking for ctype.h
configure:17820: result: yes
configure:17820: checking fcntl.h usability
configure:17820: gcc -c -O3 -DNDEBUG -finline-functions -fno-strict-aliasing -pthread -DINSIDE_OPENMPI -DINSIDE_OPENMPI   -I/home/uriel/Dev/mpisrc/XSCALAMPI/opal/mca/hwloc/hwloc172/hwloc/include -I/home/uriel/Dev/mpisrc/XSCALAMPI/opal/mca/event/libevent2021/libevent -I/home/uriel/Dev/mpisrc/XSCALAMPI/opal/mca/event/libevent2021/libevent/include -I/home/uriel/Dev/mpisrc/XSCALAMPI/ompi/contrib/vt/vt/../../../include -I/home/uriel/Dev/mpisrc/XSCALAMPI/ompi/contrib/vt/vt/../../../include -D_GNU_SOURCE conftest.c >&5
configure:17820: $? = 0
configure:17820: result: yes
configure:17820: checking fcntl.h presence
configure:17820: gcc -E -DINSIDE_OPENMPI -DINSIDE_OPENMPI   -I/home/uriel/Dev/mpisrc/XSCALAMPI/opal/mca/hwloc/hwloc172/hwloc/include -I/home/uriel/Dev/mpisrc/XSCALAMPI/opal/mca/event/libevent2021/libevent -I/home/uriel/Dev/mpisrc/XSCALAMPI/opal/mca/event/libevent2021/libevent/include -I/home/uriel/Dev/mpisrc/XSCALAMPI/ompi/contrib/vt/vt/../../../include -I/home/uriel/Dev/mpisrc/XSCALAMPI/ompi/contrib/vt/vt/../../../include -D_GNU_SOURCE conftest.c
configure:17820: $? = 0
configure:17820: result: yes
configure:17820: checking for fcntl.h
configure:17820: result: yes
configure:17820: checking stddef.h usability
configure:17820: gcc -c -O3 -DNDEBUG -finline-functions -fno-strict-aliasing -pthread -DINSIDE_OPENMPI -DINSIDE_OPENMPI   -I/home/uriel/Dev/mpisrc/XSCALAMPI/opal/mca/hwloc/hwloc172/hwloc/include -I/home/uriel/Dev/mpisrc/XSCALAMPI/opal/mca/event/libevent2021/libevent -I/home/uriel/Dev/mpisrc/XSCALAMPI/opal/mca/event/libevent2021/libevent/include -I/home/uriel/Dev/mpisrc/XSCALAMPI/ompi/contrib/vt/vt/../../../include -I/home/uriel/Dev/mpisrc/XSCALAMPI/ompi/contrib/vt/vt/../../../include -D_GNU_SOURCE conftest.c >&5
configure:17820: $? = 0
configure:17820: result: yes
configure:17820: checking stddef.h presence
configure:17820: gcc -E -DINSIDE_OPENMPI -DINSIDE_OPENMPI   -I/home/uriel/Dev/mpisrc/XSCALAMPI/opal/mca/hwloc/hwloc172/hwloc/include -I/home/uriel/Dev/mpisrc/XSCALAMPI/opal/mca/event/libevent2021/libevent -I/home/uriel/Dev/mpisrc/XSCALAMPI/opal/mca/event/libevent2021/libevent/include -I/home/uriel/Dev/mpisrc/XSCALAMPI/ompi/contrib/vt/vt/../../../include -I/home/uriel/Dev/mpisrc/XSCALAMPI/ompi/contrib/vt/vt/../../../include -D_GNU_SOURCE conftest.c
configure:17820: $? = 0
configure:17820: result: yes
configure:17820: checking for stddef.h
configure:17820: result: yes
configure:17820: checking for stdlib.h
configure:17820: result: yes
configure:17820: checking for string.h
configure:17820: result: yes
configure:17820: checking sys/param.h usability
configure:17820: gcc -c -O3 -DNDEBUG -finline-functions -fno-strict-aliasing -pthread -DINSIDE_OPENMPI -DINSIDE_OPENMPI   -I/home/uriel/Dev/mpisrc/XSCALAMPI/opal/mca/hwloc/hwloc172/hwloc/include -I/home/uriel/Dev/mpisrc/XSCALAMPI/opal/mca/event/libevent2021/libevent -I/home/uriel/Dev/mpisrc/XSCALAMPI/opal/mca/event/libevent2021/libevent/include -I/home/uriel/Dev/mpisrc/XSCALAMPI/ompi/contrib/vt/vt/../../../include -I/home/uriel/Dev/mpisrc/XSCALAMPI/ompi/contrib/vt/vt/../../../include -D_GNU_SOURCE conftest.c >&5
configure:17820: $? = 0
configure:17820: result: yes
configure:17820: checking sys/param.h presence
configure:17820: gcc -E -DINSIDE_OPENMPI -DINSIDE_OPENMPI   -I/home/uriel/Dev/mpisrc/XSCALAMPI/opal/mca/hwloc/hwloc172/hwloc/include -I/home/uriel/Dev/mpisrc/XSCALAMPI/opal/mca/event/libevent2021/libevent -I/home/uriel/Dev/mpisrc/XSCALAMPI/opal/mca/event/libevent2021/libevent/include -I/home/uriel/Dev/mpisrc/XSCALAMPI/ompi/contrib/vt/vt/../../../include -I/home/uriel/Dev/mpisrc/XSCALAMPI/ompi/contrib/vt/vt/../../../include -D_GNU_SOURCE conftest.c
configure:17820: $? = 0
configure:17820: result: yes
configure:17820: checking for sys/param.h
configure:17820: result: yes
configure:17820: checking sys/select.h usability
configure:17820: gcc -c -O3 -DNDEBUG -finline-functions -fno-strict-aliasing -pthread -DINSIDE_OPENMPI -DINSIDE_OPENMPI   -I/home/uriel/Dev/mpisrc/XSCALAMPI/opal/mca/hwloc/hwloc172/hwloc/include -I/home/uriel/Dev/mpisrc/XSCALAMPI/opal/mca/event/libevent2021/libevent -I/home/uriel/Dev/mpisrc/XSCALAMPI/opal/mca/event/libevent2021/libevent/include -I/home/uriel/Dev/mpisrc/XSCALAMPI/ompi/contrib/vt/vt/../../../include -I/home/uriel/Dev/mpisrc/XSCALAMPI/ompi/contrib/vt/vt/../../../include -D_GNU_SOURCE conftest.c >&5
configure:17820: $? = 0
configure:17820: result: yes
configure:17820: checking sys/select.h presence
configure:17820: gcc -E -DINSIDE_OPENMPI -DINSIDE_OPENMPI   -I/home/uriel/Dev/mpisrc/XSCALAMPI/opal/mca/hwloc/hwloc172/hwloc/include -I/home/uriel/Dev/mpisrc/XSCALAMPI/opal/mca/event/libevent2021/libevent -I/home/uriel/Dev/mpisrc/XSCALAMPI/opal/mca/event/libevent2021/libevent/include -I/home/uriel/Dev/mpisrc/XSCALAMPI/ompi/contrib/vt/vt/../../../include -I/home/uriel/Dev/mpisrc/XSCALAMPI/ompi/contrib/vt/vt/../../../include -D_GNU_SOURCE conftest.c
configure:17820: $? = 0
configure:17820: result: yes
configure:17820: checking for sys/select.h
configure:17820: result: yes
configure:17820: checking sys/time.h usability
configure:17820: gcc -c -O3 -DNDEBUG -finline-functions -fno-strict-aliasing -pthread -DINSIDE_OPENMPI -DINSIDE_OPENMPI   -I/home/uriel/Dev/mpisrc/XSCALAMPI/opal/mca/hwloc/hwloc172/hwloc/include -I/home/uriel/Dev/mpisrc/XSCALAMPI/opal/mca/event/libevent2021/libevent -I/home/uriel/Dev/mpisrc/XSCALAMPI/opal/mca/event/libevent2021/libevent/include -I/home/uriel/Dev/mpisrc/XSCALAMPI/ompi/contrib/vt/vt/../../../include -I/home/uriel/Dev/mpisrc/XSCALAMPI/ompi/contrib/vt/vt/../../../include -D_GNU_SOURCE conftest.c >&5
configure:17820: $? = 0
configure:17820: result: yes
configure:17820: checking sys/time.h presence
configure:17820: gcc -E -DINSIDE_OPENMPI -DINSIDE_OPENMPI   -I/home/uriel/Dev/mpisrc/XSCALAMPI/opal/mca/hwloc/hwloc172/hwloc/include -I/home/uriel/Dev/mpisrc/XSCALAMPI/opal/mca/event/libevent2021/libevent -I/home/uriel/Dev/mpisrc/XSCALAMPI/opal/mca/event/libevent2021/libevent/include -I/home/uriel/Dev/mpisrc/XSCALAMPI/ompi/contrib/vt/vt/../../../include -I/home/uriel/Dev/mpisrc/XSCALAMPI/ompi/contrib/vt/vt/../../../include -D_GNU_SOURCE conftest.c
configure:17820: $? = 0
configure:17820: result: yes
configure:17820: checking for sys/time.h
configure:17820: result: yes
configure:17820: checking for unistd.h
configure:17820: result: yes
configure:17830: checking for stdint.h
configure:17830: result: yes
configure:17838: checking for inttypes.h
configure:17838: result: yes
configure:17850: checking whether va_copy is declared
configure:17850: gcc -c -O3 -DNDEBUG -finline-functions -fno-strict-aliasing -pthread -DINSIDE_OPENMPI -DINSIDE_OPENMPI   -I/home/uriel/Dev/mpisrc/XSCALAMPI/opal/mca/hwloc/hwloc172/hwloc/include -I/home/uriel/Dev/mpisrc/XSCALAMPI/opal/mca/event/libevent2021/libevent -I/home/uriel/Dev/mpisrc/XSCALAMPI/opal/mca/event/libevent2021/libevent/include -I/home/uriel/Dev/mpisrc/XSCALAMPI/ompi/contrib/vt/vt/../../../include -I/home/uriel/Dev/mpisrc/XSCALAMPI/ompi/contrib/vt/vt/../../../include -D_GNU_SOURCE conftest.c >&5
configure:17850: $? = 0
configure:17850: result: yes
configure:17858: checking whether __va_copy is declared
configure:17858: gcc -c -O3 -DNDEBUG -finline-functions -fno-strict-aliasing -pthread -DINSIDE_OPENMPI -DINSIDE_OPENMPI   -I/home/uriel/Dev/mpisrc/XSCALAMPI/opal/mca/hwloc/hwloc172/hwloc/include -I/home/uriel/Dev/mpisrc/XSCALAMPI/opal/mca/event/libevent2021/libevent -I/home/uriel/Dev/mpisrc/XSCALAMPI/opal/mca/event/libevent2021/libevent/include -I/home/uriel/Dev/mpisrc/XSCALAMPI/ompi/contrib/vt/vt/../../../include -I/home/uriel/Dev/mpisrc/XSCALAMPI/ompi/contrib/vt/vt/../../../include -D_GNU_SOURCE conftest.c >&5
configure:17858: $? = 0
configure:17858: result: yes
configure:17869: checking for asprintf
configure:17869: gcc -o conftest -O3 -DNDEBUG -finline-functions -fno-strict-aliasing -pthread -DINSIDE_OPENMPI -DINSIDE_OPENMPI   -I/home/uriel/Dev/mpisrc/XSCALAMPI/opal/mca/hwloc/hwloc172/hwloc/include -I/home/uriel/Dev/mpisrc/XSCALAMPI/opal/mca/event/libevent2021/libevent -I/home/uriel/Dev/mpisrc/XSCALAMPI/opal/mca/event/libevent2021/libevent/include -I/home/uriel/Dev/mpisrc/XSCALAMPI/ompi/contrib/vt/vt/../../../include -I/home/uriel/Dev/mpisrc/XSCALAMPI/ompi/contrib/vt/vt/../../../include -D_GNU_SOURCE   -L/home/uriel/Dev/mpisrc/XSCALAMPI/ompi/contrib/vt/vt/../../../.libs conftest.c  >&5
configure:17869: $? = 0
configure:17869: result: yes
configure:17869: checking for snprintf
configure:17869: gcc -o conftest -O3 -DNDEBUG -finline-functions -fno-strict-aliasing -pthread -DINSIDE_OPENMPI -DINSIDE_OPENMPI   -I/home/uriel/Dev/mpisrc/XSCALAMPI/opal/mca/hwloc/hwloc172/hwloc/include -I/home/uriel/Dev/mpisrc/XSCALAMPI/opal/mca/event/libevent2021/libevent -I/home/uriel/Dev/mpisrc/XSCALAMPI/opal/mca/event/libevent2021/libevent/include -I/home/uriel/Dev/mpisrc/XSCALAMPI/ompi/contrib/vt/vt/../../../include -I/home/uriel/Dev/mpisrc/XSCALAMPI/ompi/contrib/vt/vt/../../../include -D_GNU_SOURCE   -L/home/uriel/Dev/mpisrc/XSCALAMPI/ompi/contrib/vt/vt/../../../.libs conftest.c  >&5
conftest.c:62:6: warning: conflicting types for built-in function 'snprintf' [enabled by default]
 char snprintf ();
      ^
configure:17869: $? = 0
configure:17869: result: yes
configure:17869: checking for vasprintf
configure:17869: gcc -o conftest -O3 -DNDEBUG -finline-functions -fno-strict-aliasing -pthread -DINSIDE_OPENMPI -DINSIDE_OPENMPI   -I/home/uriel/Dev/mpisrc/XSCALAMPI/opal/mca/hwloc/hwloc172/hwloc/include -I/home/uriel/Dev/mpisrc/XSCALAMPI/opal/mca/event/libevent2021/libevent -I/home/uriel/Dev/mpisrc/XSCALAMPI/opal/mca/event/libevent2021/libevent/include -I/home/uriel/Dev/mpisrc/XSCALAMPI/ompi/contrib/vt/vt/../../../include -I/home/uriel/Dev/mpisrc/XSCALAMPI/ompi/contrib/vt/vt/../../../include -D_GNU_SOURCE   -L/home/uriel/Dev/mpisrc/XSCALAMPI/ompi/contrib/vt/vt/../../../.libs conftest.c  >&5
configure:17869: $? = 0
configure:17869: result: yes
configure:17869: checking for vsnprintf
configure:17869: gcc -o conftest -O3 -DNDEBUG -finline-functions -fno-strict-aliasing -pthread -DINSIDE_OPENMPI -DINSIDE_OPENMPI   -I/home/uriel/Dev/mpisrc/XSCALAMPI/opal/mca/hwloc/hwloc172/hwloc/include -I/home/uriel/Dev/mpisrc/XSCALAMPI/opal/mca/event/libevent2021/libevent -I/home/uriel/Dev/mpisrc/XSCALAMPI/opal/mca/event/libevent2021/libevent/include -I/home/uriel/Dev/mpisrc/XSCALAMPI/ompi/contrib/vt/vt/../../../include -I/home/uriel/Dev/mpisrc/XSCALAMPI/ompi/contrib/vt/vt/../../../include -D_GNU_SOURCE   -L/home/uriel/Dev/mpisrc/XSCALAMPI/ompi/contrib/vt/vt/../../../.libs conftest.c  >&5
conftest.c:64:6: warning: conflicting types for built-in function 'vsnprintf' [enabled by default]
 char vsnprintf ();
      ^
configure:17869: $? = 0
configure:17869: result: yes
configure:17869: checking for strdup
configure:17869: gcc -o conftest -O3 -DNDEBUG -finline-functions -fno-strict-aliasing -pthread -DINSIDE_OPENMPI -DINSIDE_OPENMPI   -I/home/uriel/Dev/mpisrc/XSCALAMPI/opal/mca/hwloc/hwloc172/hwloc/include -I/home/uriel/Dev/mpisrc/XSCALAMPI/opal/mca/event/libevent2021/libevent -I/home/uriel/Dev/mpisrc/XSCALAMPI/opal/mca/event/libevent2021/libevent/include -I/home/uriel/Dev/mpisrc/XSCALAMPI/ompi/contrib/vt/vt/../../../include -I/home/uriel/Dev/mpisrc/XSCALAMPI/ompi/contrib/vt/vt/../../../include -D_GNU_SOURCE   -L/home/uriel/Dev/mpisrc/XSCALAMPI/ompi/contrib/vt/vt/../../../.libs conftest.c  >&5
conftest.c:65:6: warning: conflicting types for built-in function 'strdup' [enabled by default]
 char strdup ();
      ^
configure:17869: $? = 0
configure:17869: result: yes
configure:17869: checking for gettimeofday
configure:17869: gcc -o conftest -O3 -DNDEBUG -finline-functions -fno-strict-aliasing -pthread -DINSIDE_OPENMPI -DINSIDE_OPENMPI   -I/home/uriel/Dev/mpisrc/XSCALAMPI/opal/mca/hwloc/hwloc172/hwloc/include -I/home/uriel/Dev/mpisrc/XSCALAMPI/opal/mca/event/libevent2021/libevent -I/home/uriel/Dev/mpisrc/XSCALAMPI/opal/mca/event/libevent2021/libevent/include -I/home/uriel/Dev/mpisrc/XSCALAMPI/ompi/contrib/vt/vt/../../../include -I/home/uriel/Dev/mpisrc/XSCALAMPI/ompi/contrib/vt/vt/../../../include -D_GNU_SOURCE   -L/home/uriel/Dev/mpisrc/XSCALAMPI/ompi/contrib/vt/vt/../../../.libs conftest.c  >&5
configure:17869: $? = 0
configure:17869: result: yes
configure:17878: checking for _LARGEFILE_SOURCE value needed for large files
configure:17897: gcc -o conftest -O3 -DNDEBUG -finline-functions -fno-strict-aliasing -pthread -DINSIDE_OPENMPI -DINSIDE_OPENMPI   -I/home/uriel/Dev/mpisrc/XSCALAMPI/opal/mca/hwloc/hwloc172/hwloc/include -I/home/uriel/Dev/mpisrc/XSCALAMPI/opal/mca/event/libevent2021/libevent -I/home/uriel/Dev/mpisrc/XSCALAMPI/opal/mca/event/libevent2021/libevent/include -I/home/uriel/Dev/mpisrc/XSCALAMPI/ompi/contrib/vt/vt/../../../include -I/home/uriel/Dev/mpisrc/XSCALAMPI/ompi/contrib/vt/vt/../../../include -D_GNU_SOURCE   -L/home/uriel/Dev/mpisrc/XSCALAMPI/ompi/contrib/vt/vt/../../../.libs conftest.c  >&5
configure:17897: $? = 0
configure:17925: result: no
configure:17954: checking whether O_NOATIME is declared
configure:17954: gcc -c -O3 -DNDEBUG -finline-functions -fno-strict-aliasing -pthread -DINSIDE_OPENMPI -DINSIDE_OPENMPI   -I/home/uriel/Dev/mpisrc/XSCALAMPI/opal/mca/hwloc/hwloc172/hwloc/include -I/home/uriel/Dev/mpisrc/XSCALAMPI/opal/mca/event/libevent2021/libevent -I/home/uriel/Dev/mpisrc/XSCALAMPI/opal/mca/event/libevent2021/libevent/include -I/home/uriel/Dev/mpisrc/XSCALAMPI/ompi/contrib/vt/vt/../../../include -I/home/uriel/Dev/mpisrc/XSCALAMPI/ompi/contrib/vt/vt/../../../include -D_GNU_SOURCE conftest.c >&5
configure:17954: $? = 0
configure:17954: result: yes
configure:17966: checking for size_t
configure:17966: gcc -c -O3 -DNDEBUG -finline-functions -fno-strict-aliasing -pthread -DINSIDE_OPENMPI -DINSIDE_OPENMPI   -I/home/uriel/Dev/mpisrc/XSCALAMPI/opal/mca/hwloc/hwloc172/hwloc/include -I/home/uriel/Dev/mpisrc/XSCALAMPI/opal/mca/event/libevent2021/libevent -I/home/uriel/Dev/mpisrc/XSCALAMPI/opal/mca/event/libevent2021/libevent/include -I/home/uriel/Dev/mpisrc/XSCALAMPI/ompi/contrib/vt/vt/../../../include -I/home/uriel/Dev/mpisrc/XSCALAMPI/ompi/contrib/vt/vt/../../../include -D_GNU_SOURCE conftest.c >&5
configure:17966: $? = 0
configure:17966: gcc -c -O3 -DNDEBUG -finline-functions -fno-strict-aliasing -pthread -DINSIDE_OPENMPI -DINSIDE_OPENMPI   -I/home/uriel/Dev/mpisrc/XSCALAMPI/opal/mca/hwloc/hwloc172/hwloc/include -I/home/uriel/Dev/mpisrc/XSCALAMPI/opal/mca/event/libevent2021/libevent -I/home/uriel/Dev/mpisrc/XSCALAMPI/opal/mca/event/libevent2021/libevent/include -I/home/uriel/Dev/mpisrc/XSCALAMPI/ompi/contrib/vt/vt/../../../include -I/home/uriel/Dev/mpisrc/XSCALAMPI/ompi/contrib/vt/vt/../../../include -D_GNU_SOURCE conftest.c >&5
conftest.c: In function 'main':
conftest.c:82:21: error: expected expression before ')' token
 if (sizeof ((size_t)))
                     ^
configure:17966: $? = 1
configure: failed program was:
| /* confdefs.h */
| #define PACKAGE_NAME "OTF"
| #define PACKAGE_TARNAME "OTF"
| #define PACKAGE_VERSION "1.12.3openmpi"
| #define PACKAGE_STRING "OTF 1.12.3openmpi"
| #define PACKAGE_BUGREPORT "andreas.knuepfer@tu-dresden.de"
| #define PACKAGE_URL ""
| #define PACKAGE "OTF"
| #define VERSION "1.12.3openmpi"
| #define STDC_HEADERS 1
| #define HAVE_SYS_TYPES_H 1
| #define HAVE_SYS_STAT_H 1
| #define HAVE_STDLIB_H 1
| #define HAVE_STRING_H 1
| #define HAVE_MEMORY_H 1
| #define HAVE_STRINGS_H 1
| #define HAVE_INTTYPES_H 1
| #define HAVE_STDINT_H 1
| #define HAVE_UNISTD_H 1
| #define HAVE_DLFCN_H 1
| #define LT_OBJDIR ".libs/"
| #define HAVE_ZLIB 1
| #define PDFTEX "pdflatex"
| #define HAVE_PGFPLOTS_1_4 1
| #define STDC_HEADERS 1
| #define HAVE_CTYPE_H 1
| #define HAVE_FCNTL_H 1
| #define HAVE_STDDEF_H 1
| #define HAVE_STDLIB_H 1
| #define HAVE_STRING_H 1
| #define HAVE_SYS_PARAM_H 1
| #define HAVE_SYS_SELECT_H 1
| #define HAVE_SYS_TIME_H 1
| #define HAVE_UNISTD_H 1
| #define HAVE_VA_COPY 1
| #define HAVE_UNDERSCORE_VA_COPY 1
| #define HAVE_ASPRINTF 1
| #define HAVE_SNPRINTF 1
| #define HAVE_VASPRINTF 1
| #define HAVE_VSNPRINTF 1
| #define HAVE_STRDUP 1
| #define HAVE_GETTIMEOFDAY 1
| #define HAVE_FSEEKO 1
| #define HAVE_DECL_O_NOATIME 1
| /* end confdefs.h.  */
| #include <stdio.h>
| #ifdef HAVE_SYS_TYPES_H
| # include <sys/types.h>
| #endif
| #ifdef HAVE_SYS_STAT_H
| # include <sys/stat.h>
| #endif
| #ifdef STDC_HEADERS
| # include <stdlib.h>
| # include <stddef.h>
| #else
| # ifdef HAVE_STDLIB_H
| #  include <stdlib.h>
| # endif
| #endif
| #ifdef HAVE_STRING_H
| # if !defined STDC_HEADERS && defined HAVE_MEMORY_H
| #  include <memory.h>
| # endif
| # include <string.h>
| #endif
| #ifdef HAVE_STRINGS_H
| # include <strings.h>
| #endif
| #ifdef HAVE_INTTYPES_H
| # include <inttypes.h>
| #endif
| #ifdef HAVE_STDINT_H
| # include <stdint.h>
| #endif
| #ifdef HAVE_UNISTD_H
| # include <unistd.h>
| #endif
| int
| main ()
| {
| if (sizeof ((size_t)))
| 	    return 0;
|   ;
|   return 0;
| }
configure:17966: result: yes
configure:17983: checking size of long
configure:17988: gcc -o conftest -O3 -DNDEBUG -finline-functions -fno-strict-aliasing -pthread -DINSIDE_OPENMPI -DINSIDE_OPENMPI   -I/home/uriel/Dev/mpisrc/XSCALAMPI/opal/mca/hwloc/hwloc172/hwloc/include -I/home/uriel/Dev/mpisrc/XSCALAMPI/opal/mca/event/libevent2021/libevent -I/home/uriel/Dev/mpisrc/XSCALAMPI/opal/mca/event/libevent2021/libevent/include -I/home/uriel/Dev/mpisrc/XSCALAMPI/ompi/contrib/vt/vt/../../../include -I/home/uriel/Dev/mpisrc/XSCALAMPI/ompi/contrib/vt/vt/../../../include -D_GNU_SOURCE   -L/home/uriel/Dev/mpisrc/XSCALAMPI/ompi/contrib/vt/vt/../../../.libs conftest.c  >&5
configure:17988: $? = 0
configure:17988: ./conftest
configure:17988: $? = 0
configure:18002: result: 8
configure:18018: checking for library containing clock_gettime
configure:18049: gcc -o conftest -O3 -DNDEBUG -finline-functions -fno-strict-aliasing -pthread -DINSIDE_OPENMPI -DINSIDE_OPENMPI   -I/home/uriel/Dev/mpisrc/XSCALAMPI/opal/mca/hwloc/hwloc172/hwloc/include -I/home/uriel/Dev/mpisrc/XSCALAMPI/opal/mca/event/libevent2021/libevent -I/home/uriel/Dev/mpisrc/XSCALAMPI/opal/mca/event/libevent2021/libevent/include -I/home/uriel/Dev/mpisrc/XSCALAMPI/ompi/contrib/vt/vt/../../../include -I/home/uriel/Dev/mpisrc/XSCALAMPI/ompi/contrib/vt/vt/../../../include -D_GNU_SOURCE   -L/home/uriel/Dev/mpisrc/XSCALAMPI/ompi/contrib/vt/vt/../../../.libs conftest.c  >&5
configure:18049: $? = 0
configure:18066: result: none required
configure:18200: checking that generated files are newer than configure
configure:18206: result: done
configure:18266: creating ./config.status

## ---------------------- ##
## Running config.status. ##
## ---------------------- ##

This file was extended by OTF config.status 1.12.3openmpi, which was
generated by GNU Autoconf 2.69.  Invocation command line was

  CONFIG_FILES    = 
  CONFIG_HEADERS  = 
  CONFIG_LINKS    = 
  CONFIG_COMMANDS = 
  $ ./config.status 

on myHost

config.status:1258: creating Makefile
config.status:1258: creating vendor/jenkins_hash/Makefile
config.status:1258: creating otflib/Makefile
config.status:1258: creating otflib/OTF_inttypes_unix.h
config.status:1258: creating otfauxlib/Makefile
config.status:1258: creating otflib_py/Makefile
config.status:1258: creating tools/Makefile
config.status:1258: creating tools/otfaux/Makefile
config.status:1258: creating tools/otfcompress/Makefile
config.status:1258: creating tools/otfconfig/Makefile
config.status:1258: creating tools/otfdump/Makefile
config.status:1258: creating tools/otfinfo/Makefile
config.status:1258: creating tools/otfmerge/Makefile
config.status:1258: creating tools/otfmerge/mpi/Makefile
config.status:1258: creating tools/otfprofile/Makefile
config.status:1258: creating tools/otfprofile/mpi/Makefile
config.status:1258: creating tools/otfshrink/Makefile
config.status:1258: creating tools/otf2vtf/Makefile
config.status:1258: creating tools/vtf2otf/Makefile
config.status:1258: creating tests/Makefile
config.status:1258: creating tests/hello/Makefile
config.status:1258: creating tests/generic_streams/Makefile
config.status:1258: creating tests/generic_streams-mpi/Makefile
config.status:1258: creating tests/progress/Makefile
config.status:1258: creating tests/read_from_buffer/Makefile
config.status:1258: creating docu/Makefile
config.status:1258: creating config.h
config.status:1452: executing depfiles commands
config.status:1452: executing libtool commands

## ---------------- ##
## Cache variables. ##
## ---------------- ##

ac_cv_build=x86_64-unknown-linux-gnu
ac_cv_c_bigendian=no
ac_cv_c_compiler_gnu=yes
ac_cv_cxx_compiler_gnu=yes
ac_cv_env_CCC_set=
ac_cv_env_CCC_value=
ac_cv_env_CC_set=
ac_cv_env_CC_value=
ac_cv_env_CFLAGS_set=set
ac_cv_env_CFLAGS_value='-O3 -DNDEBUG -finline-functions -fno-strict-aliasing -pthread'
ac_cv_env_CPPFLAGS_set=set
ac_cv_env_CPPFLAGS_value='-DINSIDE_OPENMPI   -I/home/uriel/Dev/mpisrc/XSCALAMPI/opal/mca/hwloc/hwloc172/hwloc/include -I/home/uriel/Dev/mpisrc/XSCALAMPI/opal/mca/event/libevent2021/libevent -I/home/uriel/Dev/mpisrc/XSCALAMPI/opal/mca/event/libevent2021/libevent/include -I/home/uriel/Dev/mpisrc/XSCALAMPI/ompi/contrib/vt/vt/../../../include -I/home/uriel/Dev/mpisrc/XSCALAMPI/ompi/contrib/vt/vt/../../../include'
ac_cv_env_CPP_set=
ac_cv_env_CPP_value=
ac_cv_env_CXXCPP_set=
ac_cv_env_CXXCPP_value=
ac_cv_env_CXXFLAGS_set=set
ac_cv_env_CXXFLAGS_value='-O3 -DNDEBUG -finline-functions -pthread'
ac_cv_env_CXX_set=
ac_cv_env_CXX_value=
ac_cv_env_LDFLAGS_set=set
ac_cv_env_LDFLAGS_value='  -L/home/uriel/Dev/mpisrc/XSCALAMPI/ompi/contrib/vt/vt/../../../.libs'
ac_cv_env_LIBS_set=set
ac_cv_env_LIBS_value='-lrt -lm -lutil  '
ac_cv_env_MPICC_set=set
ac_cv_env_MPICC_value=gcc
ac_cv_env_MPICFLAGS_set=
ac_cv_env_MPICFLAGS_value=
ac_cv_env_MPICXXFLAGS_set=
ac_cv_env_MPICXXFLAGS_value=
ac_cv_env_MPICXX_set=set
ac_cv_env_MPICXX_value=g++
ac_cv_env_OPENMP_CXXFLAGS_set=
ac_cv_env_OPENMP_CXXFLAGS_value=
ac_cv_env_PDFTEX_set=
ac_cv_env_PDFTEX_value=
ac_cv_env_PYTHON_VERSION_set=
ac_cv_env_PYTHON_VERSION_value=
ac_cv_env_PYTHON_set=
ac_cv_env_PYTHON_value=
ac_cv_env_SWIG_PYTHON_CFLAGS_set=
ac_cv_env_SWIG_PYTHON_CFLAGS_value=
ac_cv_env_SWIG_PYTHON_OPTS_set=
ac_cv_env_SWIG_PYTHON_OPTS_value=
ac_cv_env_build_alias_set=
ac_cv_env_build_alias_value=
ac_cv_env_host_alias_set=
ac_cv_env_host_alias_value=
ac_cv_env_target_alias_set=
ac_cv_env_target_alias_value=
ac_cv_func_asprintf=yes
ac_cv_func_gettimeofday=yes
ac_cv_func_snprintf=yes
ac_cv_func_strdup=yes
ac_cv_func_vasprintf=yes
ac_cv_func_vsnprintf=yes
ac_cv_have_decl_O_NOATIME=yes
ac_cv_have_decl___va_copy=yes
ac_cv_have_decl_va_copy=yes
ac_cv_header_ctype_h=yes
ac_cv_header_dlfcn_h=yes
ac_cv_header_fcntl_h=yes
ac_cv_header_inttypes_h=yes
ac_cv_header_memory_h=yes
ac_cv_header_stdc=yes
ac_cv_header_stddef_h=yes
ac_cv_header_stdint_h=yes
ac_cv_header_stdlib_h=yes
ac_cv_header_string_h=yes
ac_cv_header_strings_h=yes
ac_cv_header_sys_param_h=yes
ac_cv_header_sys_select_h=yes
ac_cv_header_sys_stat_h=yes
ac_cv_header_sys_time_h=yes
ac_cv_header_sys_types_h=yes
ac_cv_header_unistd_h=yes
ac_cv_header_vtf3_h=no
ac_cv_header_zlib_h=yes
ac_cv_host=x86_64-unknown-linux-gnu
ac_cv_objext=o
ac_cv_path_EGREP='/bin/grep -E'
ac_cv_path_FGREP='/bin/grep -F'
ac_cv_path_GREP=/bin/grep
ac_cv_path_SED=/bin/sed
ac_cv_path_install='/usr/bin/install -c'
ac_cv_path_mkdir=/bin/mkdir
ac_cv_prog_AWK=mawk
ac_cv_prog_CPP='gcc -E'
ac_cv_prog_CXXCPP='g++ -E'
ac_cv_prog_MPICC=gcc
ac_cv_prog_MPICXX=g++
ac_cv_prog_PDFTEX=pdflatex
ac_cv_prog_ac_ct_AR=ar
ac_cv_prog_ac_ct_CC=gcc
ac_cv_prog_ac_ct_CXX=g++
ac_cv_prog_ac_ct_MANIFEST_TOOL=mt
ac_cv_prog_ac_ct_OBJDUMP=objdump
ac_cv_prog_ac_ct_RANLIB=ranlib
ac_cv_prog_ac_ct_STRIP=strip
ac_cv_prog_cc_c89=
ac_cv_prog_cc_g=yes
ac_cv_prog_cxx_g=yes
ac_cv_prog_make_make_set=yes
ac_cv_search_clock_gettime='none required'
ac_cv_sizeof_long=8
ac_cv_sys_largefile_source=no
ac_cv_target=x86_64-unknown-linux-gnu
ac_cv_type_size_t=yes
am_cv_CC_dependencies_compiler_type=gcc3
am_cv_CXX_dependencies_compiler_type=gcc3
am_cv_make_support_nested_variables=yes
ax_cv_cxx_openmp=-fopenmp
lt_cv_ar_at_file=@
lt_cv_archive_cmds_need_lc=no
lt_cv_deplibs_check_method=pass_all
lt_cv_file_magic_cmd='$MAGIC_CMD'
lt_cv_file_magic_test_file=
lt_cv_ld_reload_flag=-r
lt_cv_nm_interface='BSD nm'
lt_cv_objdir=.libs
lt_cv_path_LD=/usr/bin/ld
lt_cv_path_LDCXX='/usr/bin/ld -m elf_x86_64'
lt_cv_path_NM='/usr/bin/nm -B'
lt_cv_path_mainfest_tool=no
lt_cv_prog_compiler_c_o=yes
lt_cv_prog_compiler_c_o_CXX=yes
lt_cv_prog_compiler_pic='-fPIC -DPIC'
lt_cv_prog_compiler_pic_CXX='-fPIC -DPIC'
lt_cv_prog_compiler_pic_works=yes
lt_cv_prog_compiler_pic_works_CXX=yes
lt_cv_prog_compiler_rtti_exceptions=no
lt_cv_prog_compiler_static_works=yes
lt_cv_prog_compiler_static_works_CXX=yes
lt_cv_prog_gnu_ld=yes
lt_cv_prog_gnu_ldcxx=yes
lt_cv_sharedlib_from_linklib_cmd='printf %s\n'
lt_cv_shlibpath_overrides_runpath=no
lt_cv_sys_global_symbol_pipe='sed -n -e '\''s/^.*[	 ]\([ABCDGIRSTW][ABCDGIRSTW]*\)[	 ][	 ]*\([_A-Za-z][_A-Za-z0-9]*\)$/\1 \2 \2/p'\'' | sed '\''/ __gnu_lto/d'\'''
lt_cv_sys_global_symbol_to_c_name_address='sed -n -e '\''s/^: \([^ ]*\)[ ]*$/  {\"\1\", (void *) 0},/p'\'' -e '\''s/^[ABCDGIRSTW]* \([^ ]*\) \([^ ]*\)$/  {"\2", (void *) \&\2},/p'\'''
lt_cv_sys_global_symbol_to_c_name_address_lib_prefix='sed -n -e '\''s/^: \([^ ]*\)[ ]*$/  {\"\1\", (void *) 0},/p'\'' -e '\''s/^[ABCDGIRSTW]* \([^ ]*\) \(lib[^ ]*\)$/  {"\2", (void *) \&\2},/p'\'' -e '\''s/^[ABCDGIRSTW]* \([^ ]*\) \([^ ]*\)$/  {"lib\2", (void *) \&\2},/p'\'''
lt_cv_sys_global_symbol_to_cdecl='sed -n -e '\''s/^T .* \(.*\)$/extern int \1();/p'\'' -e '\''s/^[ABCDGIRSTW]* .* \(.*\)$/extern char \1;/p'\'''
lt_cv_sys_max_cmd_len=1572864
lt_cv_to_host_file_cmd=func_convert_file_noop
lt_cv_to_tool_file_cmd=func_convert_file_noop

## ----------------- ##
## Output variables. ##
## ----------------- ##

ACLOCAL='${SHELL} /home/uriel/Dev/mpisrc/XSCALAMPI/ompi/contrib/vt/vt/extlib/otf/config/missing --run aclocal-1.12'
AMBUILDBINARIES_FALSE='#'
AMBUILDBINARIES_TRUE=''
AMDEPBACKSLASH='\'
AMDEP_FALSE='#'
AMDEP_TRUE=''
AMHAVECLOCKGETTIME_FALSE='#'
AMHAVECLOCKGETTIME_TRUE=''
AMHAVEMPI_FALSE='#'
AMHAVEMPI_TRUE=''
AMHAVEOMP_FALSE='#'
AMHAVEOMP_TRUE=''
AMHAVESWIGPYTHON_FALSE=''
AMHAVESWIGPYTHON_TRUE='#'
AMHAVEVTF3_FALSE=''
AMHAVEVTF3_TRUE='#'
AMHAVEZLIB_FALSE='#'
AMHAVEZLIB_TRUE=''
AMHAVEZOIDFS_FALSE=''
AMHAVEZOIDFS_TRUE='#'
AMTAR='$${TAR-tar}'
AM_BACKSLASH='\'
AM_DEFAULT_V='$(AM_DEFAULT_VERBOSITY)'
AM_DEFAULT_VERBOSITY='0'
AM_V='$(V)'
AR='ar'
AUTOCONF='${SHELL} /home/uriel/Dev/mpisrc/XSCALAMPI/ompi/contrib/vt/vt/extlib/otf/config/missing --run autoconf'
AUTOHEADER='${SHELL} /home/uriel/Dev/mpisrc/XSCALAMPI/ompi/contrib/vt/vt/extlib/otf/config/missing --run autoheader'
AUTOMAKE='${SHELL} /home/uriel/Dev/mpisrc/XSCALAMPI/ompi/contrib/vt/vt/extlib/otf/config/missing --run automake-1.12'
AWK='mawk'
BMI_INCLUDE_DIR=''
BMI_LIB_DIR=''
CC='gcc'
CCDEPMODE='depmode=gcc3'
CFLAGS='-O3 -DNDEBUG -finline-functions -fno-strict-aliasing -pthread'
CLOCK_GETTIME_LIB=''
CPP='gcc -E'
CPPFLAGS='-DINSIDE_OPENMPI -DINSIDE_OPENMPI   -I/home/uriel/Dev/mpisrc/XSCALAMPI/opal/mca/hwloc/hwloc172/hwloc/include -I/home/uriel/Dev/mpisrc/XSCALAMPI/opal/mca/event/libevent2021/libevent -I/home/uriel/Dev/mpisrc/XSCALAMPI/opal/mca/event/libevent2021/libevent/include -I/home/uriel/Dev/mpisrc/XSCALAMPI/ompi/contrib/vt/vt/../../../include -I/home/uriel/Dev/mpisrc/XSCALAMPI/ompi/contrib/vt/vt/../../../include -D_GNU_SOURCE'
CXX='g++'
CXXCPP='g++ -E'
CXXDEPMODE='depmode=gcc3'
CXXFLAGS='-O3 -DNDEBUG -finline-functions -pthread'
CYGPATH_W='echo'
DEFS='-DHAVE_CONFIG_H'
DEPDIR='.deps'
DLLTOOL='false'
DSYMUTIL=''
DUMPBIN=''
ECHO_C=''
ECHO_N='-n'
ECHO_T=''
EGREP='/bin/grep -E'
EXEEXT=''
FGREP='/bin/grep -F'
GREP='/bin/grep'
INSTALL_DATA='${INSTALL} -m 644'
INSTALL_PROGRAM='${INSTALL}'
INSTALL_SCRIPT='${INSTALL}'
INSTALL_STRIP_PROGRAM='$(install_sh) -c -s'
LD='/usr/bin/ld -m elf_x86_64'
LDFLAGS='  -L/home/uriel/Dev/mpisrc/XSCALAMPI/ompi/contrib/vt/vt/../../../.libs'
LIBOBJS=''
LIBS=''
LIBTOOL='$(SHELL) $(top_builddir)/libtool'
LIPO=''
LN_S='ln -s'
LTLIBOBJS=''
MAKEINFO='${SHELL} /home/uriel/Dev/mpisrc/XSCALAMPI/ompi/contrib/vt/vt/extlib/otf/config/missing --run makeinfo'
MANIFEST_TOOL=':'
MATHLIB='-lm'
MKDIR_P='/bin/mkdir -p'
MPICC='gcc'
MPICFLAGS=''
MPICXX='g++'
MPICXXFLAGS=' -DMPICH_SKIP_MPICXX -DOMPI_SKIP_MPICXX -DMPI_NO_CPPBIND'
MPILIBS='-lmpi'
MPI_INCLUDE_DIR=''
MPI_INCLUDE_LINE=''
MPI_LIB_DIR=''
MPI_LIB_LINE='-lmpi'
NM='/usr/bin/nm -B'
NMEDIT=''
OBJDUMP='objdump'
OBJEXT='o'
OPENMP_CXXFLAGS='-fopenmp'
OTF_VERSION_LIBRARY='1:0:0'
OTOOL64=''
OTOOL=''
PACKAGE='OTF'
PACKAGE_BUGREPORT='andreas.knuepfer@tu-dresden.de'
PACKAGE_NAME='OTF'
PACKAGE_STRING='OTF 1.12.3openmpi'
PACKAGE_TARNAME='OTF'
PACKAGE_URL=''
PACKAGE_VERSION='1.12.3openmpi'
PATH_SEPARATOR=':'
PDFTEX='pdflatex'
PYTHON=''
PYTHON_EXEC_PREFIX=''
PYTHON_PLATFORM=''
PYTHON_PREFIX=''
PYTHON_VERSION=''
RANLIB='ranlib'
SED='/bin/sed'
SET_MAKE=''
SHELL='/bin/bash'
STRIP='strip'
SWIG=''
SWIG_PYTHON_CFLAGS=''
SWIG_PYTHON_OPTS='-python'
VERSION='1.12.3openmpi'
VTF3_INCLUDE_DIR=''
VTF3_INCLUDE_LINE=''
VTF3_LIB_DIR=''
VTF3_LIB_LINE=''
ZLIB_INCLUDE_DIR=''
ZLIB_INCLUDE_LINE=''
ZLIB_LIB_DIR=''
ZLIB_LIB_LINE='-lz'
ZOIDFS_INCLUDE_DIR=''
ZOIDFS_INCLUDE_LINE=''
ZOIDFS_LIB_DIR=''
ZOIDFS_LIB_LINE=' '
ac_ct_AR='ar'
ac_ct_CC='gcc'
ac_ct_CXX='g++'
ac_ct_DUMPBIN=''
am__EXEEXT_FALSE=''
am__EXEEXT_TRUE='#'
am__fastdepCC_FALSE='#'
am__fastdepCC_TRUE=''
am__fastdepCXX_FALSE='#'
am__fastdepCXX_TRUE=''
am__include='include'
am__isrc=''
am__leading_dot='.'
am__nodep='_no'
am__quote=''
am__tar='$${TAR-tar} chof - "$$tardir"'
am__untar='$${TAR-tar} xf -'
bindir='${exec_prefix}/bin'
build='x86_64-unknown-linux-gnu'
build_alias=''
build_cpu='x86_64'
build_os='linux-gnu'
build_vendor='unknown'
datadir='${datarootdir}'
datarootdir='${prefix}/share/open-trace-format'
docdir='${prefix}/share/vampirtrace/doc/otf'
dvidir='${docdir}'
exec_prefix='${prefix}'
have_inttypes_h='1'
have_stdint_h='1'
host='x86_64-unknown-linux-gnu'
host_alias=''
host_cpu='x86_64'
host_os='linux-gnu'
host_vendor='unknown'
htmldir='${docdir}'
includedir='/usr/local/include/vampirtrace/open-trace-format'
infodir='${datarootdir}/info'
install_sh='${SHELL} /home/uriel/Dev/mpisrc/XSCALAMPI/ompi/contrib/vt/vt/extlib/otf/config/install-sh'
libdir='${exec_prefix}/lib'
libexecdir='${exec_prefix}/libexec'
localedir='${datarootdir}/locale'
localstatedir='${prefix}/var'
mandir='${datarootdir}/man'
mkdir_p='$(MKDIR_P)'
oldincludedir='/usr/include'
pdfdir='${docdir}'
pkgpyexecdir=''
pkgpythondir=''
prefix='/usr/local'
program_transform_name='s,x,x,'
psdir='${docdir}'
pyexecdir=''
python_config=''
pythondir=''
sbindir='${exec_prefix}/sbin'
sharedstatedir='${prefix}/com'
sizeof_long='8'
sysconfdir='${prefix}/etc'
target='x86_64-unknown-linux-gnu'
target_alias=''
target_cpu='x86_64'
target_os='linux-gnu'
target_vendor='unknown'

## ----------- ##
## confdefs.h. ##
## ----------- ##

/* confdefs.h */
#define PACKAGE_NAME "OTF"
#define PACKAGE_TARNAME "OTF"
#define PACKAGE_VERSION "1.12.3openmpi"
#define PACKAGE_STRING "OTF 1.12.3openmpi"
#define PACKAGE_BUGREPORT "andreas.knuepfer@tu-dresden.de"
#define PACKAGE_URL ""
#define PACKAGE "OTF"
#define VERSION "1.12.3openmpi"
#define STDC_HEADERS 1
#define HAVE_SYS_TYPES_H 1
#define HAVE_SYS_STAT_H 1
#define HAVE_STDLIB_H 1
#define HAVE_STRING_H 1
#define HAVE_MEMORY_H 1
#define HAVE_STRINGS_H 1
#define HAVE_INTTYPES_H 1
#define HAVE_STDINT_H 1
#define HAVE_UNISTD_H 1
#define HAVE_DLFCN_H 1
#define LT_OBJDIR ".libs/"
#define HAVE_ZLIB 1
#define PDFTEX "pdflatex"
#define HAVE_PGFPLOTS_1_4 1
#define STDC_HEADERS 1
#define HAVE_CTYPE_H 1
#define HAVE_FCNTL_H 1
#define HAVE_STDDEF_H 1
#define HAVE_STDLIB_H 1
#define HAVE_STRING_H 1
#define HAVE_SYS_PARAM_H 1
#define HAVE_SYS_SELECT_H 1
#define HAVE_SYS_TIME_H 1
#define HAVE_UNISTD_H 1
#define HAVE_VA_COPY 1
#define HAVE_UNDERSCORE_VA_COPY 1
#define HAVE_ASPRINTF 1
#define HAVE_SNPRINTF 1
#define HAVE_VASPRINTF 1
#define HAVE_VSNPRINTF 1
#define HAVE_STRDUP 1
#define HAVE_GETTIMEOFDAY 1
#define HAVE_FSEEKO 1
#define HAVE_DECL_O_NOATIME 1
#define SIZEOF_LONG 8

configure: exit 0
